{"/Users/paul/Dev/git-repos/jf-lib/src/index.ts": {"path":"/Users/paul/Dev/git-repos/jf-lib/src/index.ts","statementMap":{"0":{"start":{"line":1,"column":14},"end":{"line":1,"column":null}}},"fnMap":{},"branchMap":{},"s":{"0":19},"f":{},"b":{}}
,"/Users/paul/Dev/git-repos/jf-lib/src/modules/createElement.ts": {"path":"/Users/paul/Dev/git-repos/jf-lib/src/modules/createElement.ts","statementMap":{"0":{"start":{"line":17,"column":13},"end":{"line":17,"column":29}},"1":{"start":{"line":17,"column":29},"end":{"line":51,"column":null}},"2":{"start":{"line":22,"column":2},"end":{"line":22,"column":94}},"3":{"start":{"line":22,"column":40},"end":{"line":22,"column":94}},"4":{"start":{"line":24,"column":2},"end":{"line":24,"column":92}},"5":{"start":{"line":24,"column":38},"end":{"line":24,"column":92}},"6":{"start":{"line":26,"column":19},"end":{"line":26,"column":39}},"7":{"start":{"line":28,"column":31},"end":{"line":28,"column":null}},"8":{"start":{"line":31,"column":2},"end":{"line":49,"column":3}},"9":{"start":{"line":32,"column":23},"end":{"line":32,"column":null}},"10":{"start":{"line":33,"column":4},"end":{"line":48,"column":null}},"11":{"start":{"line":33,"column":17},"end":{"line":33,"column":20}},"12":{"start":{"line":35,"column":6},"end":{"line":47,"column":7}},"13":{"start":{"line":37,"column":8},"end":{"line":46,"column":9}},"14":{"start":{"line":38,"column":10},"end":{"line":38,"column":null}},"15":{"start":{"line":39,"column":15},"end":{"line":46,"column":9}},"16":{"start":{"line":40,"column":10},"end":{"line":40,"column":null}},"17":{"start":{"line":43,"column":23},"end":{"line":43,"column":null}},"18":{"start":{"line":45,"column":10},"end":{"line":45,"column":null}},"19":{"start":{"line":50,"column":2},"end":{"line":50,"column":null}}},"fnMap":{"0":{"name":"(anonymous_0)","decl":{"start":{"line":17,"column":13},"end":{"line":17,"column":29}},"loc":{"start":{"line":17,"column":13},"end":{"line":17,"column":29}}},"1":{"name":"(anonymous_1)","decl":{"start":{"line":17,"column":29},"end":{"line":17,"column":null}},"loc":{"start":{"line":20,"column":18},"end":{"line":51,"column":null}}}},"branchMap":{"0":{"loc":{"start":{"line":18,"column":2},"end":{"line":18,"column":55}},"type":"default-arg","locations":[{"start":{"line":18,"column":50},"end":{"line":18,"column":55}}]},"1":{"loc":{"start":{"line":22,"column":2},"end":{"line":22,"column":94}},"type":"if","locations":[{"start":{"line":22,"column":2},"end":{"line":22,"column":94}}]},"2":{"loc":{"start":{"line":22,"column":6},"end":{"line":22,"column":40}},"type":"binary-expr","locations":[{"start":{"line":22,"column":6},"end":{"line":22,"column":14}},{"start":{"line":22,"column":14},"end":{"line":22,"column":40}}]},"3":{"loc":{"start":{"line":24,"column":2},"end":{"line":24,"column":92}},"type":"if","locations":[{"start":{"line":24,"column":2},"end":{"line":24,"column":92}}]},"4":{"loc":{"start":{"line":24,"column":6},"end":{"line":24,"column":38}},"type":"binary-expr","locations":[{"start":{"line":24,"column":6},"end":{"line":24,"column":14}},{"start":{"line":24,"column":14},"end":{"line":24,"column":38}}]},"5":{"loc":{"start":{"line":26,"column":19},"end":{"line":26,"column":39}},"type":"cond-expr","locations":[{"start":{"line":26,"column":27},"end":{"line":26,"column":35}},{"start":{"line":26,"column":35},"end":{"line":26,"column":39}}]},"6":{"loc":{"start":{"line":31,"column":2},"end":{"line":49,"column":3}},"type":"if","locations":[{"start":{"line":31,"column":2},"end":{"line":49,"column":3}}]},"7":{"loc":{"start":{"line":31,"column":6},"end":{"line":31,"column":72}},"type":"binary-expr","locations":[{"start":{"line":31,"column":6},"end":{"line":31,"column":36}},{"start":{"line":31,"column":36},"end":{"line":31,"column":48}},{"start":{"line":31,"column":48},"end":{"line":31,"column":72}}]},"8":{"loc":{"start":{"line":35,"column":6},"end":{"line":47,"column":7}},"type":"if","locations":[{"start":{"line":35,"column":6},"end":{"line":47,"column":7}}]},"9":{"loc":{"start":{"line":37,"column":8},"end":{"line":46,"column":9}},"type":"if","locations":[{"start":{"line":37,"column":8},"end":{"line":46,"column":9}},{"start":{"line":39,"column":15},"end":{"line":46,"column":9}}]},"10":{"loc":{"start":{"line":39,"column":15},"end":{"line":46,"column":9}},"type":"if","locations":[{"start":{"line":39,"column":15},"end":{"line":46,"column":9}},{"start":{"line":41,"column":15},"end":{"line":46,"column":9}}]}},"s":{"0":6,"1":27,"2":6,"3":0,"4":6,"5":0,"6":6,"7":6,"8":6,"9":4,"10":4,"11":4,"12":5,"13":5,"14":1,"15":4,"16":0,"17":4,"18":4,"19":6},"f":{"0":6,"1":6},"b":{"0":[1],"1":[0],"2":[6,3],"3":[0],"4":[6,3],"5":[3,3],"6":[4],"7":[6,4,4],"8":[5],"9":[1,4],"10":[0,4]}}
,"/Users/paul/Dev/git-repos/jf-lib/src/modules/debounce.ts": {"path":"/Users/paul/Dev/git-repos/jf-lib/src/modules/debounce.ts","statementMap":{"0":{"start":{"line":10,"column":16},"end":{"line":10,"column":25}},"1":{"start":{"line":12,"column":2},"end":{"line":17,"column":null}},"2":{"start":{"line":13,"column":4},"end":{"line":13,"column":null}},"3":{"start":{"line":14,"column":4},"end":{"line":16,"column":null}},"4":{"start":{"line":15,"column":6},"end":{"line":15,"column":null}}},"fnMap":{"0":{"name":"(anonymous_0)","decl":{"start":{"line":10,"column":16},"end":{"line":10,"column":25}},"loc":{"start":{"line":10,"column":16},"end":{"line":10,"column":25}}},"1":{"name":"(anonymous_2)","decl":{"start":{"line":12,"column":9},"end":{"line":12,"column":10}},"loc":{"start":{"line":12,"column":33},"end":{"line":17,"column":null}}},"2":{"name":"(anonymous_3)","decl":{"start":{"line":14,"column":23},"end":{"line":14,"column":29}},"loc":{"start":{"line":14,"column":29},"end":{"line":16,"column":7}}}},"branchMap":{"0":{"loc":{"start":{"line":10,"column":53},"end":{"line":10,"column":64}},"type":"default-arg","locations":[{"start":{"line":10,"column":61},"end":{"line":10,"column":64}}]}},"s":{"0":2,"1":2,"2":2,"3":2,"4":2},"f":{"0":4,"1":2,"2":2},"b":{"0":[1]}}
,"/Users/paul/Dev/git-repos/jf-lib/src/modules/docReady.ts": {"path":"/Users/paul/Dev/git-repos/jf-lib/src/modules/docReady.ts","statementMap":{"0":{"start":{"line":8,"column":13},"end":{"line":8,"column":24}},"1":{"start":{"line":8,"column":24},"end":{"line":21,"column":null}},"2":{"start":{"line":9,"column":17},"end":{"line":9,"column":null}},"3":{"start":{"line":10,"column":2},"end":{"line":10,"column":null}},"4":{"start":{"line":10,"column":42},"end":{"line":10,"column":null}},"5":{"start":{"line":11,"column":2},"end":{"line":19,"column":null}},"6":{"start":{"line":12,"column":4},"end":{"line":12,"column":null}},"7":{"start":{"line":12,"column":33},"end":{"line":12,"column":null}},"8":{"start":{"line":13,"column":4},"end":{"line":13,"column":null}},"9":{"start":{"line":14,"column":4},"end":{"line":17,"column":null}},"10":{"start":{"line":15,"column":6},"end":{"line":17,"column":null}},"11":{"start":{"line":16,"column":8},"end":{"line":16,"column":null}},"12":{"start":{"line":20,"column":2},"end":{"line":20,"column":null}}},"fnMap":{"0":{"name":"(anonymous_0)","decl":{"start":{"line":8,"column":13},"end":{"line":8,"column":24}},"loc":{"start":{"line":8,"column":13},"end":{"line":8,"column":24}}},"1":{"name":"(anonymous_1)","decl":{"start":{"line":8,"column":24},"end":{"line":8,"column":31}},"loc":{"start":{"line":8,"column":85},"end":{"line":21,"column":null}}},"2":{"name":"(anonymous_2)","decl":{"start":{"line":14,"column":22},"end":{"line":14,"column":23}},"loc":{"start":{"line":15,"column":6},"end":{"line":17,"column":null}}},"3":{"name":"(anonymous_3)","decl":{"start":{"line":15,"column":17},"end":{"line":15,"column":23}},"loc":{"start":{"line":15,"column":23},"end":{"line":17,"column":9}}}},"branchMap":{"0":{"loc":{"start":{"line":8,"column":31},"end":{"line":8,"column":47}},"type":"default-arg","locations":[{"start":{"line":8,"column":45},"end":{"line":8,"column":47}}]},"1":{"loc":{"start":{"line":8,"column":49},"end":{"line":8,"column":62}},"type":"default-arg","locations":[{"start":{"line":8,"column":59},"end":{"line":8,"column":62}}]},"2":{"loc":{"start":{"line":10,"column":2},"end":{"line":10,"column":null}},"type":"if","locations":[{"start":{"line":10,"column":2},"end":{"line":10,"column":null}}]},"3":{"loc":{"start":{"line":12,"column":4},"end":{"line":12,"column":null}},"type":"if","locations":[{"start":{"line":12,"column":4},"end":{"line":12,"column":null}}]}},"s":{"0":5,"1":27,"2":5,"3":5,"4":1,"5":4,"6":18,"7":3,"8":15,"9":15,"10":15,"11":15,"12":1},"f":{"0":5,"1":5,"2":15,"3":15},"b":{"0":[2],"1":[5],"2":[1],"3":[3]}}
,"/Users/paul/Dev/git-repos/jf-lib/src/modules/emitEvent.ts": {"path":"/Users/paul/Dev/git-repos/jf-lib/src/modules/emitEvent.ts","statementMap":{"0":{"start":{"line":1,"column":13},"end":{"line":1,"column":21}},"1":{"start":{"line":2,"column":13},"end":{"line":2,"column":22}},"2":{"start":{"line":20,"column":13},"end":{"line":20,"column":22}},"3":{"start":{"line":1,"column":24},"end":{"line":1,"column":null}},"4":{"start":{"line":2,"column":25},"end":{"line":2,"column":null}},"5":{"start":{"line":2,"column":63},"end":{"line":2,"column":null}},"6":{"start":{"line":20,"column":25},"end":{"line":70,"column":null}},"7":{"start":{"line":21,"column":2},"end":{"line":21,"column":111}},"8":{"start":{"line":21,"column":24},"end":{"line":21,"column":111}},"9":{"start":{"line":23,"column":2},"end":{"line":23,"column":112}},"10":{"start":{"line":23,"column":41},"end":{"line":23,"column":112}},"11":{"start":{"line":24,"column":2},"end":{"line":24,"column":108}},"12":{"start":{"line":24,"column":28},"end":{"line":24,"column":108}},"13":{"start":{"line":25,"column":2},"end":{"line":26,"column":85}},"14":{"start":{"line":26,"column":4},"end":{"line":26,"column":85}},"15":{"start":{"line":27,"column":2},"end":{"line":27,"column":111}},"16":{"start":{"line":27,"column":29},"end":{"line":27,"column":111}},"17":{"start":{"line":28,"column":2},"end":{"line":29,"column":84}},"18":{"start":{"line":29,"column":4},"end":{"line":29,"column":84}},"19":{"start":{"line":31,"column":2},"end":{"line":45,"column":3}},"20":{"start":{"line":33,"column":4},"end":{"line":33,"column":null}},"21":{"start":{"line":34,"column":4},"end":{"line":43,"column":null}},"22":{"start":{"line":46,"column":2},"end":{"line":57,"column":3}},"23":{"start":{"line":47,"column":4},"end":{"line":55,"column":null}},"24":{"start":{"line":58,"column":2},"end":{"line":69,"column":3}},"25":{"start":{"line":59,"column":4},"end":{"line":67,"column":null}}},"fnMap":{"0":{"name":"(anonymous_1)","decl":{"start":{"line":1,"column":21},"end":{"line":1,"column":24}},"loc":{"start":{"line":1,"column":13},"end":{"line":1,"column":21}}},"1":{"name":"(anonymous_2)","decl":{"start":{"line":2,"column":22},"end":{"line":2,"column":25}},"loc":{"start":{"line":2,"column":13},"end":{"line":2,"column":22}}},"2":{"name":"(anonymous_3)","decl":{"start":{"line":20,"column":22},"end":{"line":20,"column":25}},"loc":{"start":{"line":20,"column":13},"end":{"line":20,"column":22}}},"3":{"name":"(anonymous_4)","decl":{"start":{"line":2,"column":25},"end":{"line":2,"column":26}},"loc":{"start":{"line":2,"column":63},"end":{"line":2,"column":null}}},"4":{"name":"(anonymous_5)","decl":{"start":{"line":20,"column":25},"end":{"line":20,"column":26}},"loc":{"start":{"line":20,"column":84},"end":{"line":70,"column":null}}}},"branchMap":{"0":{"loc":{"start":{"line":21,"column":2},"end":{"line":21,"column":111}},"type":"if","locations":[{"start":{"line":21,"column":2},"end":{"line":21,"column":111}}]},"1":{"loc":{"start":{"line":23,"column":2},"end":{"line":23,"column":112}},"type":"if","locations":[{"start":{"line":23,"column":2},"end":{"line":23,"column":112}}]},"2":{"loc":{"start":{"line":24,"column":2},"end":{"line":24,"column":108}},"type":"if","locations":[{"start":{"line":24,"column":2},"end":{"line":24,"column":108}}]},"3":{"loc":{"start":{"line":25,"column":2},"end":{"line":26,"column":85}},"type":"if","locations":[{"start":{"line":25,"column":2},"end":{"line":26,"column":85}}]},"4":{"loc":{"start":{"line":27,"column":2},"end":{"line":27,"column":111}},"type":"if","locations":[{"start":{"line":27,"column":2},"end":{"line":27,"column":111}}]},"5":{"loc":{"start":{"line":28,"column":2},"end":{"line":29,"column":84}},"type":"if","locations":[{"start":{"line":28,"column":2},"end":{"line":29,"column":84}}]},"6":{"loc":{"start":{"line":31,"column":2},"end":{"line":45,"column":3}},"type":"if","locations":[{"start":{"line":31,"column":2},"end":{"line":45,"column":3}}]},"7":{"loc":{"start":{"line":46,"column":2},"end":{"line":57,"column":3}},"type":"if","locations":[{"start":{"line":46,"column":2},"end":{"line":57,"column":3}}]},"8":{"loc":{"start":{"line":58,"column":2},"end":{"line":69,"column":3}},"type":"if","locations":[{"start":{"line":58,"column":2},"end":{"line":69,"column":3}}]}},"s":{"0":1,"1":0,"2":9,"3":27,"4":27,"5":9,"6":27,"7":9,"8":1,"9":8,"10":1,"11":7,"12":1,"13":6,"14":1,"15":5,"16":1,"17":4,"18":1,"19":3,"20":1,"21":1,"22":3,"23":1,"24":3,"25":1},"f":{"0":1,"1":0,"2":9,"3":9,"4":9},"b":{"0":[1],"1":[1],"2":[1],"3":[1],"4":[1],"5":[1],"6":[1],"7":[1],"8":[1]}}
,"/Users/paul/Dev/git-repos/jf-lib/src/modules/emptyElem.ts": {"path":"/Users/paul/Dev/git-repos/jf-lib/src/modules/emptyElem.ts","statementMap":{"0":{"start":{"line":8,"column":13},"end":{"line":8,"column":25}},"1":{"start":{"line":8,"column":25},"end":{"line":15,"column":null}},"2":{"start":{"line":9,"column":2},"end":{"line":9,"column":64}},"3":{"start":{"line":9,"column":15},"end":{"line":9,"column":64}},"4":{"start":{"line":10,"column":2},"end":{"line":10,"column":90}},"5":{"start":{"line":10,"column":38},"end":{"line":10,"column":90}},"6":{"start":{"line":11,"column":2},"end":{"line":13,"column":null}},"7":{"start":{"line":12,"column":4},"end":{"line":12,"column":null}},"8":{"start":{"line":14,"column":2},"end":{"line":14,"column":null}}},"fnMap":{"0":{"name":"(anonymous_0)","decl":{"start":{"line":8,"column":13},"end":{"line":8,"column":25}},"loc":{"start":{"line":8,"column":13},"end":{"line":8,"column":25}}},"1":{"name":"(anonymous_1)","decl":{"start":{"line":8,"column":25},"end":{"line":8,"column":26}},"loc":{"start":{"line":8,"column":54},"end":{"line":15,"column":null}}}},"branchMap":{"0":{"loc":{"start":{"line":9,"column":2},"end":{"line":9,"column":64}},"type":"if","locations":[{"start":{"line":9,"column":2},"end":{"line":9,"column":64}}]},"1":{"loc":{"start":{"line":10,"column":2},"end":{"line":10,"column":90}},"type":"if","locations":[{"start":{"line":10,"column":2},"end":{"line":10,"column":90}}]}},"s":{"0":4,"1":27,"2":4,"3":1,"4":3,"5":1,"6":2,"7":10,"8":2},"f":{"0":4,"1":4},"b":{"0":[1],"1":[1]}}
,"/Users/paul/Dev/git-repos/jf-lib/src/modules/enableScroll.ts": {"path":"/Users/paul/Dev/git-repos/jf-lib/src/modules/enableScroll.ts","statementMap":{"0":{"start":{"line":4,"column":13},"end":{"line":4,"column":28}},"1":{"start":{"line":1,"column":25},"end":{"line":1,"column":null}},"2":{"start":{"line":4,"column":28},"end":{"line":18,"column":null}},"3":{"start":{"line":5,"column":2},"end":{"line":5,"column":null}},"4":{"start":{"line":6,"column":2},"end":{"line":6,"column":null}},"5":{"start":{"line":7,"column":2},"end":{"line":7,"column":null}},"6":{"start":{"line":9,"column":2},"end":{"line":17,"column":3}},"7":{"start":{"line":10,"column":24},"end":{"line":12,"column":60}},"8":{"start":{"line":13,"column":4},"end":{"line":13,"column":null}},"9":{"start":{"line":14,"column":4},"end":{"line":14,"column":null}},"10":{"start":{"line":15,"column":4},"end":{"line":15,"column":null}},"11":{"start":{"line":16,"column":4},"end":{"line":16,"column":null}}},"fnMap":{"0":{"name":"(anonymous_0)","decl":{"start":{"line":4,"column":13},"end":{"line":4,"column":28}},"loc":{"start":{"line":4,"column":13},"end":{"line":4,"column":28}}},"1":{"name":"(anonymous_1)","decl":{"start":{"line":4,"column":28},"end":{"line":4,"column":40}},"loc":{"start":{"line":4,"column":40},"end":{"line":18,"column":null}}}},"branchMap":{"0":{"loc":{"start":{"line":9,"column":2},"end":{"line":17,"column":3}},"type":"if","locations":[{"start":{"line":9,"column":2},"end":{"line":17,"column":3}}]},"1":{"loc":{"start":{"line":10,"column":24},"end":{"line":12,"column":60}},"type":"cond-expr","locations":[{"start":{"line":11,"column":8},"end":{"line":11,"column":null}},{"start":{"line":12,"column":8},"end":{"line":12,"column":60}}]}},"s":{"0":4,"1":27,"2":27,"3":4,"4":4,"5":4,"6":4,"7":1,"8":1,"9":1,"10":1,"11":1},"f":{"0":4,"1":4},"b":{"0":[1],"1":[0,1]}}
,"/Users/paul/Dev/git-repos/jf-lib/src/modules/findParents.ts": {"path":"/Users/paul/Dev/git-repos/jf-lib/src/modules/findParents.ts","statementMap":{"0":{"start":{"line":8,"column":13},"end":{"line":8,"column":27}},"1":{"start":{"line":8,"column":27},"end":{"line":12,"column":null}},"2":{"start":{"line":9,"column":2},"end":{"line":9,"column":null}},"3":{"start":{"line":9,"column":32},"end":{"line":9,"column":null}},"4":{"start":{"line":10,"column":2},"end":{"line":10,"column":null}},"5":{"start":{"line":10,"column":49},"end":{"line":10,"column":null}},"6":{"start":{"line":11,"column":2},"end":{"line":11,"column":null}}},"fnMap":{"0":{"name":"(anonymous_0)","decl":{"start":{"line":8,"column":13},"end":{"line":8,"column":27}},"loc":{"start":{"line":8,"column":13},"end":{"line":8,"column":27}}},"1":{"name":"(anonymous_1)","decl":{"start":{"line":8,"column":27},"end":{"line":8,"column":28}},"loc":{"start":{"line":8,"column":91},"end":{"line":12,"column":null}}}},"branchMap":{"0":{"loc":{"start":{"line":9,"column":2},"end":{"line":9,"column":null}},"type":"if","locations":[{"start":{"line":9,"column":2},"end":{"line":9,"column":null}}]},"1":{"loc":{"start":{"line":10,"column":2},"end":{"line":10,"column":null}},"type":"if","locations":[{"start":{"line":10,"column":2},"end":{"line":10,"column":null}}]}},"s":{"0":3,"1":27,"2":4,"3":2,"4":2,"5":1,"6":1},"f":{"0":3,"1":4},"b":{"0":[2],"1":[1]}}
,"/Users/paul/Dev/git-repos/jf-lib/src/modules/generateId.ts": {"path":"/Users/paul/Dev/git-repos/jf-lib/src/modules/generateId.ts","statementMap":{"0":{"start":{"line":6,"column":13},"end":{"line":6,"column":26}},"1":{"start":{"line":6,"column":26},"end":{"line":12,"column":null}},"2":{"start":{"line":8,"column":2},"end":{"line":10,"column":null}},"3":{"start":{"line":9,"column":4},"end":{"line":9,"column":null}},"4":{"start":{"line":11,"column":2},"end":{"line":11,"column":null}}},"fnMap":{"0":{"name":"(anonymous_0)","decl":{"start":{"line":6,"column":13},"end":{"line":6,"column":26}},"loc":{"start":{"line":6,"column":13},"end":{"line":6,"column":26}}},"1":{"name":"(anonymous_1)","decl":{"start":{"line":6,"column":26},"end":{"line":6,"column":40}},"loc":{"start":{"line":6,"column":40},"end":{"line":12,"column":null}}}},"branchMap":{"0":{"loc":{"start":{"line":8,"column":9},"end":{"line":8,"column":72}},"type":"binary-expr","locations":[{"start":{"line":8,"column":9},"end":{"line":8,"column":18}},{"start":{"line":8,"column":18},"end":{"line":8,"column":36}},{"start":{"line":8,"column":36},"end":{"line":8,"column":72}}]}},"s":{"0":3,"1":27,"2":3,"3":5,"4":3},"f":{"0":3,"1":3},"b":{"0":[8,5,4]}}
,"/Users/paul/Dev/git-repos/jf-lib/src/modules/getElementByText.ts": {"path":"/Users/paul/Dev/git-repos/jf-lib/src/modules/getElementByText.ts","statementMap":{"0":{"start":{"line":11,"column":13},"end":{"line":11,"column":32}},"1":{"start":{"line":11,"column":32},"end":{"line":38,"column":null}},"2":{"start":{"line":17,"column":2},"end":{"line":17,"column":81}},"3":{"start":{"line":17,"column":12},"end":{"line":17,"column":81}},"4":{"start":{"line":18,"column":2},"end":{"line":18,"column":82}},"5":{"start":{"line":18,"column":14},"end":{"line":18,"column":82}},"6":{"start":{"line":20,"column":26},"end":{"line":25,"column":null}},"7":{"start":{"line":21,"column":4},"end":{"line":23,"column":5}},"8":{"start":{"line":22,"column":6},"end":{"line":22,"column":null}},"9":{"start":{"line":24,"column":4},"end":{"line":24,"column":null}},"10":{"start":{"line":28,"column":2},"end":{"line":28,"column":null}},"11":{"start":{"line":28,"column":26},"end":{"line":28,"column":null}},"12":{"start":{"line":31,"column":2},"end":{"line":35,"column":3}},"13":{"start":{"line":32,"column":26},"end":{"line":32,"column":null}},"14":{"start":{"line":34,"column":4},"end":{"line":34,"column":null}},"15":{"start":{"line":37,"column":2},"end":{"line":37,"column":null}}},"fnMap":{"0":{"name":"(anonymous_0)","decl":{"start":{"line":11,"column":13},"end":{"line":11,"column":32}},"loc":{"start":{"line":11,"column":13},"end":{"line":11,"column":32}}},"1":{"name":"(anonymous_1)","decl":{"start":{"line":11,"column":32},"end":{"line":11,"column":null}},"loc":{"start":{"line":15,"column":21},"end":{"line":38,"column":null}}},"2":{"name":"(anonymous_2)","decl":{"start":{"line":20,"column":74},"end":{"line":20,"column":75}},"loc":{"start":{"line":20,"column":84},"end":{"line":25,"column":null}}}},"branchMap":{"0":{"loc":{"start":{"line":17,"column":2},"end":{"line":17,"column":81}},"type":"if","locations":[{"start":{"line":17,"column":2},"end":{"line":17,"column":81}}]},"1":{"loc":{"start":{"line":18,"column":2},"end":{"line":18,"column":82}},"type":"if","locations":[{"start":{"line":18,"column":2},"end":{"line":18,"column":82}}]},"2":{"loc":{"start":{"line":21,"column":4},"end":{"line":23,"column":5}},"type":"if","locations":[{"start":{"line":21,"column":4},"end":{"line":23,"column":5}}]},"3":{"loc":{"start":{"line":22,"column":13},"end":{"line":22,"column":null}},"type":"binary-expr","locations":[{"start":{"line":22,"column":13},"end":{"line":22,"column":34}},{"start":{"line":22,"column":34},"end":{"line":22,"column":null}}]},"4":{"loc":{"start":{"line":24,"column":11},"end":{"line":24,"column":null}},"type":"binary-expr","locations":[{"start":{"line":24,"column":11},"end":{"line":24,"column":32}},{"start":{"line":24,"column":32},"end":{"line":24,"column":null}}]},"5":{"loc":{"start":{"line":28,"column":2},"end":{"line":28,"column":null}},"type":"if","locations":[{"start":{"line":28,"column":2},"end":{"line":28,"column":null}}]},"6":{"loc":{"start":{"line":31,"column":2},"end":{"line":35,"column":3}},"type":"if","locations":[{"start":{"line":31,"column":2},"end":{"line":35,"column":3}}]},"7":{"loc":{"start":{"line":34,"column":11},"end":{"line":34,"column":60}},"type":"cond-expr","locations":[{"start":{"line":34,"column":29},"end":{"line":34,"column":45}},{"start":{"line":34,"column":45},"end":{"line":34,"column":60}}]}},"s":{"0":6,"1":27,"2":6,"3":1,"4":5,"5":1,"6":4,"7":9,"8":9,"9":0,"10":4,"11":1,"12":3,"13":2,"14":2,"15":1},"f":{"0":6,"1":6,"2":9},"b":{"0":[1],"1":[1],"2":[9],"3":[9,4],"4":[0,0],"5":[1],"6":[2],"7":[0,2]}}
,"/Users/paul/Dev/git-repos/jf-lib/src/modules/getElementByXPath.ts": {"path":"/Users/paul/Dev/git-repos/jf-lib/src/modules/getElementByXPath.ts","statementMap":{"0":{"start":{"line":7,"column":13},"end":{"line":7,"column":33}},"1":{"start":{"line":7,"column":33},"end":{"line":9,"column":null}},"2":{"start":{"line":8,"column":2},"end":{"line":9,"column":null}}},"fnMap":{"0":{"name":"(anonymous_0)","decl":{"start":{"line":7,"column":13},"end":{"line":7,"column":33}},"loc":{"start":{"line":7,"column":13},"end":{"line":7,"column":33}}},"1":{"name":"(anonymous_1)","decl":{"start":{"line":7,"column":33},"end":{"line":7,"column":34}},"loc":{"start":{"line":8,"column":2},"end":{"line":9,"column":null}}}},"branchMap":{"0":{"loc":{"start":{"line":8,"column":2},"end":{"line":9,"column":null}},"type":"binary-expr","locations":[{"start":{"line":8,"column":2},"end":{"line":8,"column":101}},{"start":{"line":9,"column":2},"end":{"line":9,"column":null}}]}},"s":{"0":2,"1":27,"2":2},"f":{"0":2,"1":2},"b":{"0":[2,1]}}
,"/Users/paul/Dev/git-repos/jf-lib/src/modules/getElementFromHtmlString.ts": {"path":"/Users/paul/Dev/git-repos/jf-lib/src/modules/getElementFromHtmlString.ts","statementMap":{"0":{"start":{"line":8,"column":13},"end":{"line":8,"column":40}},"1":{"start":{"line":8,"column":40},"end":{"line":12,"column":null}},"2":{"start":{"line":9,"column":17},"end":{"line":9,"column":null}},"3":{"start":{"line":10,"column":14},"end":{"line":10,"column":null}},"4":{"start":{"line":11,"column":2},"end":{"line":11,"column":null}}},"fnMap":{"0":{"name":"(anonymous_0)","decl":{"start":{"line":8,"column":13},"end":{"line":8,"column":40}},"loc":{"start":{"line":8,"column":13},"end":{"line":8,"column":40}}},"1":{"name":"(anonymous_1)","decl":{"start":{"line":8,"column":40},"end":{"line":8,"column":41}},"loc":{"start":{"line":8,"column":96},"end":{"line":12,"column":null}}}},"branchMap":{"0":{"loc":{"start":{"line":11,"column":9},"end":{"line":11,"column":44}},"type":"binary-expr","locations":[{"start":{"line":11,"column":9},"end":{"line":11,"column":40}},{"start":{"line":11,"column":40},"end":{"line":11,"column":44}}]}},"s":{"0":1,"1":27,"2":1,"3":1,"4":1},"f":{"0":1,"1":1},"b":{"0":[1,0]}}
,"/Users/paul/Dev/git-repos/jf-lib/src/modules/getTimeTo.ts": {"path":"/Users/paul/Dev/git-repos/jf-lib/src/modules/getTimeTo.ts","statementMap":{"0":{"start":{"line":15,"column":13},"end":{"line":15,"column":25}},"1":{"start":{"line":15,"column":25},"end":{"line":44,"column":null}},"2":{"start":{"line":16,"column":22},"end":{"line":16,"column":null}},"3":{"start":{"line":18,"column":2},"end":{"line":18,"column":81}},"4":{"start":{"line":18,"column":24},"end":{"line":18,"column":81}},"5":{"start":{"line":20,"column":27},"end":{"line":20,"column":null}},"6":{"start":{"line":22,"column":21},"end":{"line":22,"column":null}},"7":{"start":{"line":24,"column":2},"end":{"line":24,"column":null}},"8":{"start":{"line":26,"column":22},"end":{"line":26,"column":null}},"9":{"start":{"line":28,"column":2},"end":{"line":28,"column":null}},"10":{"start":{"line":30,"column":24},"end":{"line":30,"column":null}},"11":{"start":{"line":32,"column":2},"end":{"line":32,"column":null}},"12":{"start":{"line":34,"column":24},"end":{"line":34,"column":null}},"13":{"start":{"line":36,"column":2},"end":{"line":36,"column":null}},"14":{"start":{"line":38,"column":2},"end":{"line":43,"column":null}}},"fnMap":{"0":{"name":"(anonymous_0)","decl":{"start":{"line":15,"column":13},"end":{"line":15,"column":25}},"loc":{"start":{"line":15,"column":13},"end":{"line":15,"column":25}}},"1":{"name":"(anonymous_1)","decl":{"start":{"line":15,"column":25},"end":{"line":15,"column":26}},"loc":{"start":{"line":15,"column":66},"end":{"line":44,"column":null}}}},"branchMap":{"0":{"loc":{"start":{"line":18,"column":2},"end":{"line":18,"column":81}},"type":"if","locations":[{"start":{"line":18,"column":2},"end":{"line":18,"column":81}}]},"1":{"loc":{"start":{"line":24,"column":9},"end":{"line":24,"column":44}},"type":"cond-expr","locations":[{"start":{"line":24,"column":27},"end":{"line":24,"column":37}},{"start":{"line":24,"column":40},"end":{"line":24,"column":44}}]},"2":{"loc":{"start":{"line":28,"column":10},"end":{"line":28,"column":48}},"type":"cond-expr","locations":[{"start":{"line":28,"column":29},"end":{"line":28,"column":40}},{"start":{"line":28,"column":43},"end":{"line":28,"column":48}}]},"3":{"loc":{"start":{"line":32,"column":12},"end":{"line":32,"column":56}},"type":"cond-expr","locations":[{"start":{"line":32,"column":33},"end":{"line":32,"column":46}},{"start":{"line":32,"column":49},"end":{"line":32,"column":56}}]},"4":{"loc":{"start":{"line":36,"column":12},"end":{"line":36,"column":56}},"type":"cond-expr","locations":[{"start":{"line":36,"column":33},"end":{"line":36,"column":46}},{"start":{"line":36,"column":49},"end":{"line":36,"column":56}}]}},"s":{"0":3,"1":27,"2":3,"3":3,"4":1,"5":2,"6":2,"7":2,"8":2,"9":2,"10":2,"11":2,"12":2,"13":2,"14":2},"f":{"0":3,"1":3},"b":{"0":[1],"1":[1,1],"2":[1,1],"3":[1,1],"4":[1,1]}}
,"/Users/paul/Dev/git-repos/jf-lib/src/modules/index.ts": {"path":"/Users/paul/Dev/git-repos/jf-lib/src/modules/index.ts","statementMap":{"0":{"start":{"line":1,"column":14},"end":{"line":1,"column":null}},"1":{"start":{"line":2,"column":14},"end":{"line":2,"column":null}},"2":{"start":{"line":3,"column":14},"end":{"line":3,"column":null}},"3":{"start":{"line":4,"column":14},"end":{"line":4,"column":null}},"4":{"start":{"line":5,"column":14},"end":{"line":5,"column":null}},"5":{"start":{"line":6,"column":14},"end":{"line":6,"column":null}},"6":{"start":{"line":7,"column":14},"end":{"line":7,"column":null}},"7":{"start":{"line":8,"column":14},"end":{"line":8,"column":null}},"8":{"start":{"line":9,"column":14},"end":{"line":9,"column":null}},"9":{"start":{"line":10,"column":14},"end":{"line":10,"column":null}},"10":{"start":{"line":11,"column":14},"end":{"line":11,"column":null}},"11":{"start":{"line":12,"column":14},"end":{"line":12,"column":null}},"12":{"start":{"line":13,"column":14},"end":{"line":13,"column":null}},"13":{"start":{"line":14,"column":14},"end":{"line":14,"column":null}},"14":{"start":{"line":15,"column":14},"end":{"line":15,"column":null}},"15":{"start":{"line":16,"column":14},"end":{"line":16,"column":null}},"16":{"start":{"line":17,"column":14},"end":{"line":17,"column":null}},"17":{"start":{"line":18,"column":14},"end":{"line":18,"column":null}},"18":{"start":{"line":19,"column":14},"end":{"line":19,"column":null}},"19":{"start":{"line":20,"column":14},"end":{"line":20,"column":null}},"20":{"start":{"line":21,"column":14},"end":{"line":21,"column":null}},"21":{"start":{"line":22,"column":14},"end":{"line":22,"column":null}},"22":{"start":{"line":23,"column":14},"end":{"line":23,"column":null}},"23":{"start":{"line":24,"column":14},"end":{"line":24,"column":null}},"24":{"start":{"line":25,"column":14},"end":{"line":25,"column":null}},"25":{"start":{"line":26,"column":14},"end":{"line":26,"column":null}},"26":{"start":{"line":27,"column":14},"end":{"line":27,"column":null}}},"fnMap":{},"branchMap":{},"s":{"0":27,"1":27,"2":27,"3":27,"4":27,"5":27,"6":27,"7":27,"8":27,"9":27,"10":27,"11":27,"12":27,"13":27,"14":27,"15":27,"16":27,"17":27,"18":27,"19":27,"20":27,"21":27,"22":27,"23":27,"24":27,"25":27,"26":27},"f":{},"b":{}}
,"/Users/paul/Dev/git-repos/jf-lib/src/modules/insertHTML.ts": {"path":"/Users/paul/Dev/git-repos/jf-lib/src/modules/insertHTML.ts","statementMap":{"0":{"start":{"line":21,"column":13},"end":{"line":21,"column":26}},"1":{"start":{"line":21,"column":26},"end":{"line":49,"column":null}},"2":{"start":{"line":29,"column":17},"end":{"line":29,"column":null}},"3":{"start":{"line":31,"column":2},"end":{"line":31,"column":null}},"4":{"start":{"line":31,"column":17},"end":{"line":31,"column":null}},"5":{"start":{"line":33,"column":26},"end":{"line":33,"column":null}},"6":{"start":{"line":35,"column":2},"end":{"line":35,"column":null}},"7":{"start":{"line":35,"column":46},"end":{"line":35,"column":null}},"8":{"start":{"line":37,"column":2},"end":{"line":44,"column":3}},"9":{"start":{"line":39,"column":4},"end":{"line":39,"column":null}},"10":{"start":{"line":41,"column":4},"end":{"line":41,"column":null}},"11":{"start":{"line":43,"column":4},"end":{"line":43,"column":null}},"12":{"start":{"line":46,"column":2},"end":{"line":46,"column":null}},"13":{"start":{"line":48,"column":2},"end":{"line":48,"column":null}}},"fnMap":{"0":{"name":"(anonymous_0)","decl":{"start":{"line":21,"column":13},"end":{"line":21,"column":26}},"loc":{"start":{"line":21,"column":13},"end":{"line":21,"column":26}}},"1":{"name":"(anonymous_1)","decl":{"start":{"line":21,"column":26},"end":{"line":21,"column":null}},"loc":{"start":{"line":27,"column":14},"end":{"line":49,"column":null}}}},"branchMap":{"0":{"loc":{"start":{"line":25,"column":2},"end":{"line":25,"column":82}},"type":"default-arg","locations":[{"start":{"line":25,"column":70},"end":{"line":25,"column":82}}]},"1":{"loc":{"start":{"line":26,"column":2},"end":{"line":26,"column":17}},"type":"default-arg","locations":[{"start":{"line":26,"column":12},"end":{"line":26,"column":17}}]},"2":{"loc":{"start":{"line":31,"column":2},"end":{"line":31,"column":null}},"type":"if","locations":[{"start":{"line":31,"column":2},"end":{"line":31,"column":null}}]},"3":{"loc":{"start":{"line":35,"column":2},"end":{"line":35,"column":null}},"type":"if","locations":[{"start":{"line":35,"column":2},"end":{"line":35,"column":null}}]},"4":{"loc":{"start":{"line":35,"column":6},"end":{"line":35,"column":44}},"type":"binary-expr","locations":[{"start":{"line":35,"column":6},"end":{"line":35,"column":27}},{"start":{"line":35,"column":27},"end":{"line":35,"column":44}}]},"5":{"loc":{"start":{"line":37,"column":2},"end":{"line":44,"column":3}},"type":"if","locations":[{"start":{"line":37,"column":2},"end":{"line":44,"column":3}}]},"6":{"loc":{"start":{"line":37,"column":6},"end":{"line":37,"column":43}},"type":"binary-expr","locations":[{"start":{"line":37,"column":6},"end":{"line":37,"column":27}},{"start":{"line":37,"column":27},"end":{"line":37,"column":43}}]}},"s":{"0":7,"1":27,"2":7,"3":7,"4":1,"5":6,"6":6,"7":2,"8":4,"9":2,"10":2,"11":2,"12":2,"13":2},"f":{"0":7,"1":7},"b":{"0":[1],"1":[1],"2":[1],"3":[2],"4":[6,4],"5":[2],"6":[4,2]}}
,"/Users/paul/Dev/git-repos/jf-lib/src/modules/insertStyle.ts": {"path":"/Users/paul/Dev/git-repos/jf-lib/src/modules/insertStyle.ts","statementMap":{"0":{"start":{"line":14,"column":13},"end":{"line":14,"column":27}},"1":{"start":{"line":14,"column":27},"end":{"line":35,"column":null}},"2":{"start":{"line":23,"column":2},"end":{"line":23,"column":null}},"3":{"start":{"line":23,"column":42},"end":{"line":23,"column":null}},"4":{"start":{"line":25,"column":20},"end":{"line":25,"column":67}},"5":{"start":{"line":27,"column":25},"end":{"line":27,"column":75}},"6":{"start":{"line":29,"column":2},"end":{"line":34,"column":3}},"7":{"start":{"line":30,"column":4},"end":{"line":30,"column":null}},"8":{"start":{"line":33,"column":4},"end":{"line":33,"column":null}}},"fnMap":{"0":{"name":"(anonymous_0)","decl":{"start":{"line":14,"column":13},"end":{"line":14,"column":27}},"loc":{"start":{"line":14,"column":13},"end":{"line":14,"column":27}}},"1":{"name":"(anonymous_1)","decl":{"start":{"line":14,"column":27},"end":{"line":14,"column":null}},"loc":{"start":{"line":21,"column":11},"end":{"line":35,"column":null}}}},"branchMap":{"0":{"loc":{"start":{"line":23,"column":2},"end":{"line":23,"column":null}},"type":"if","locations":[{"start":{"line":23,"column":2},"end":{"line":23,"column":null}}]},"1":{"loc":{"start":{"line":27,"column":25},"end":{"line":27,"column":75}},"type":"cond-expr","locations":[{"start":{"line":27,"column":45},"end":{"line":27,"column":61}},{"start":{"line":27,"column":64},"end":{"line":27,"column":75}}]},"2":{"loc":{"start":{"line":29,"column":2},"end":{"line":34,"column":3}},"type":"if","locations":[{"start":{"line":29,"column":2},"end":{"line":34,"column":3}},{"start":{"line":31,"column":9},"end":{"line":34,"column":3}}]}},"s":{"0":2,"1":27,"2":2,"3":1,"4":1,"5":1,"6":1,"7":0,"8":1},"f":{"0":2,"1":2},"b":{"0":[1],"1":[0,1],"2":[0,1]}}
,"/Users/paul/Dev/git-repos/jf-lib/src/modules/isInDom.ts": {"path":"/Users/paul/Dev/git-repos/jf-lib/src/modules/isInDom.ts","statementMap":{"0":{"start":{"line":9,"column":13},"end":{"line":9,"column":23}},"1":{"start":{"line":9,"column":23},"end":{"line":10,"column":null}},"2":{"start":{"line":10,"column":2},"end":{"line":10,"column":null}}},"fnMap":{"0":{"name":"(anonymous_0)","decl":{"start":{"line":9,"column":13},"end":{"line":9,"column":23}},"loc":{"start":{"line":9,"column":13},"end":{"line":9,"column":23}}},"1":{"name":"(anonymous_1)","decl":{"start":{"line":9,"column":23},"end":{"line":9,"column":24}},"loc":{"start":{"line":10,"column":2},"end":{"line":10,"column":null}}}},"branchMap":{"0":{"loc":{"start":{"line":10,"column":5},"end":{"line":10,"column":77}},"type":"binary-expr","locations":[{"start":{"line":10,"column":5},"end":{"line":10,"column":18}},{"start":{"line":10,"column":18},"end":{"line":10,"column":77}}]},"1":{"loc":{"start":{"line":10,"column":19},"end":{"line":10,"column":40}},"type":"cond-expr","locations":[{"start":{"line":10,"column":27},"end":{"line":10,"column":33}},{"start":{"line":10,"column":33},"end":{"line":10,"column":40}}]}},"s":{"0":5,"1":27,"2":5},"f":{"0":5,"1":5},"b":{"0":[5,4],"1":[2,2]}}
,"/Users/paul/Dev/git-repos/jf-lib/src/modules/isIphone.ts": {"path":"/Users/paul/Dev/git-repos/jf-lib/src/modules/isIphone.ts","statementMap":{"0":{"start":{"line":2,"column":13},"end":{"line":2,"column":24}},"1":{"start":{"line":2,"column":24},"end":{"line":2,"column":null}},"2":{"start":{"line":2,"column":39},"end":{"line":2,"column":null}}},"fnMap":{"0":{"name":"(anonymous_0)","decl":{"start":{"line":2,"column":13},"end":{"line":2,"column":24}},"loc":{"start":{"line":2,"column":13},"end":{"line":2,"column":24}}},"1":{"name":"(anonymous_1)","decl":{"start":{"line":2,"column":24},"end":{"line":2,"column":39}},"loc":{"start":{"line":2,"column":39},"end":{"line":2,"column":null}}}},"branchMap":{},"s":{"0":19,"1":27,"2":19},"f":{"0":19,"1":19},"b":{}}
,"/Users/paul/Dev/git-repos/jf-lib/src/modules/isMobile.ts": {"path":"/Users/paul/Dev/git-repos/jf-lib/src/modules/isMobile.ts","statementMap":{"0":{"start":{"line":2,"column":13},"end":{"line":2,"column":24}},"1":{"start":{"line":2,"column":24},"end":{"line":4,"column":null}},"2":{"start":{"line":3,"column":2},"end":{"line":4,"column":null}}},"fnMap":{"0":{"name":"(anonymous_0)","decl":{"start":{"line":2,"column":13},"end":{"line":2,"column":24}},"loc":{"start":{"line":2,"column":13},"end":{"line":2,"column":24}}},"1":{"name":"(anonymous_1)","decl":{"start":{"line":2,"column":24},"end":{"line":2,"column":null}},"loc":{"start":{"line":3,"column":2},"end":{"line":4,"column":null}}}},"branchMap":{},"s":{"0":21,"1":27,"2":21},"f":{"0":21,"1":21},"b":{}}
,"/Users/paul/Dev/git-repos/jf-lib/src/modules/isOldSafari.ts": {"path":"/Users/paul/Dev/git-repos/jf-lib/src/modules/isOldSafari.ts","statementMap":{"0":{"start":{"line":2,"column":13},"end":{"line":2,"column":27}},"1":{"start":{"line":2,"column":27},"end":{"line":3,"column":null}},"2":{"start":{"line":3,"column":2},"end":{"line":3,"column":null}}},"fnMap":{"0":{"name":"(anonymous_0)","decl":{"start":{"line":2,"column":13},"end":{"line":2,"column":27}},"loc":{"start":{"line":2,"column":13},"end":{"line":2,"column":27}}},"1":{"name":"(anonymous_1)","decl":{"start":{"line":2,"column":27},"end":{"line":2,"column":null}},"loc":{"start":{"line":3,"column":2},"end":{"line":3,"column":null}}}},"branchMap":{},"s":{"0":15,"1":27,"2":15},"f":{"0":15,"1":15},"b":{}}
,"/Users/paul/Dev/git-repos/jf-lib/src/modules/listenForSwipe.ts": {"path":"/Users/paul/Dev/git-repos/jf-lib/src/modules/listenForSwipe.ts","statementMap":{"0":{"start":{"line":11,"column":13},"end":{"line":11,"column":30}},"1":{"start":{"line":11,"column":30},"end":{"line":71,"column":null}},"2":{"start":{"line":15,"column":17},"end":{"line":15,"column":22}},"3":{"start":{"line":17,"column":21},"end":{"line":22,"column":null}},"4":{"start":{"line":18,"column":4},"end":{"line":18,"column":null}},"5":{"start":{"line":19,"column":4},"end":{"line":19,"column":null}},"6":{"start":{"line":20,"column":4},"end":{"line":20,"column":null}},"7":{"start":{"line":21,"column":4},"end":{"line":21,"column":null}},"8":{"start":{"line":24,"column":26},"end":{"line":27,"column":null}},"9":{"start":{"line":25,"column":4},"end":{"line":25,"column":null}},"10":{"start":{"line":25,"column":30},"end":{"line":25,"column":null}},"11":{"start":{"line":26,"column":4},"end":{"line":26,"column":null}},"12":{"start":{"line":29,"column":25},"end":{"line":41,"column":null}},"13":{"start":{"line":30,"column":17},"end":{"line":30,"column":71}},"14":{"start":{"line":33,"column":4},"end":{"line":37,"column":5}},"15":{"start":{"line":34,"column":6},"end":{"line":34,"column":null}},"16":{"start":{"line":35,"column":11},"end":{"line":37,"column":5}},"17":{"start":{"line":36,"column":6},"end":{"line":36,"column":null}},"18":{"start":{"line":38,"column":4},"end":{"line":38,"column":null}},"19":{"start":{"line":39,"column":4},"end":{"line":39,"column":null}},"20":{"start":{"line":40,"column":4},"end":{"line":40,"column":null}},"21":{"start":{"line":43,"column":27},"end":{"line":50,"column":null}},"22":{"start":{"line":44,"column":4},"end":{"line":44,"column":null}},"23":{"start":{"line":45,"column":4},"end":{"line":45,"column":null}},"24":{"start":{"line":45,"column":18},"end":{"line":45,"column":null}},"25":{"start":{"line":46,"column":4},"end":{"line":46,"column":null}},"26":{"start":{"line":47,"column":4},"end":{"line":47,"column":null}},"27":{"start":{"line":48,"column":4},"end":{"line":48,"column":null}},"28":{"start":{"line":49,"column":4},"end":{"line":49,"column":null}},"29":{"start":{"line":52,"column":24},"end":{"line":60,"column":null}},"30":{"start":{"line":53,"column":4},"end":{"line":57,"column":5}},"31":{"start":{"line":54,"column":6},"end":{"line":54,"column":null}},"32":{"start":{"line":55,"column":11},"end":{"line":57,"column":5}},"33":{"start":{"line":56,"column":6},"end":{"line":56,"column":null}},"34":{"start":{"line":58,"column":4},"end":{"line":58,"column":null}},"35":{"start":{"line":59,"column":4},"end":{"line":59,"column":null}},"36":{"start":{"line":62,"column":26},"end":{"line":67,"column":null}},"37":{"start":{"line":63,"column":4},"end":{"line":63,"column":null}},"38":{"start":{"line":63,"column":18},"end":{"line":63,"column":null}},"39":{"start":{"line":64,"column":4},"end":{"line":64,"column":null}},"40":{"start":{"line":65,"column":4},"end":{"line":65,"column":null}},"41":{"start":{"line":66,"column":4},"end":{"line":66,"column":null}},"42":{"start":{"line":69,"column":2},"end":{"line":69,"column":null}},"43":{"start":{"line":70,"column":2},"end":{"line":70,"column":null}}},"fnMap":{"0":{"name":"(anonymous_0)","decl":{"start":{"line":11,"column":13},"end":{"line":11,"column":30}},"loc":{"start":{"line":11,"column":13},"end":{"line":11,"column":30}}},"1":{"name":"(anonymous_1)","decl":{"start":{"line":11,"column":30},"end":{"line":11,"column":31}},"loc":{"start":{"line":11,"column":117},"end":{"line":71,"column":null}}},"2":{"name":"(anonymous_2)","decl":{"start":{"line":17,"column":21},"end":{"line":17,"column":27}},"loc":{"start":{"line":17,"column":27},"end":{"line":22,"column":null}}},"3":{"name":"(anonymous_3)","decl":{"start":{"line":24,"column":26},"end":{"line":24,"column":27}},"loc":{"start":{"line":24,"column":45},"end":{"line":27,"column":null}}},"4":{"name":"(anonymous_4)","decl":{"start":{"line":29,"column":25},"end":{"line":29,"column":26}},"loc":{"start":{"line":29,"column":44},"end":{"line":41,"column":null}}},"5":{"name":"(anonymous_5)","decl":{"start":{"line":43,"column":27},"end":{"line":43,"column":28}},"loc":{"start":{"line":43,"column":46},"end":{"line":50,"column":null}}},"6":{"name":"(anonymous_6)","decl":{"start":{"line":52,"column":24},"end":{"line":52,"column":25}},"loc":{"start":{"line":52,"column":47},"end":{"line":60,"column":null}}},"7":{"name":"(anonymous_7)","decl":{"start":{"line":62,"column":26},"end":{"line":62,"column":27}},"loc":{"start":{"line":62,"column":49},"end":{"line":67,"column":null}}}},"branchMap":{"0":{"loc":{"start":{"line":25,"column":4},"end":{"line":25,"column":null}},"type":"if","locations":[{"start":{"line":25,"column":4},"end":{"line":25,"column":null}}]},"1":{"loc":{"start":{"line":30,"column":17},"end":{"line":30,"column":71}},"type":"cond-expr","locations":[{"start":{"line":30,"column":44},"end":{"line":30,"column":70}},{"start":{"line":30,"column":70},"end":{"line":30,"column":71}}]},"2":{"loc":{"start":{"line":30,"column":17},"end":{"line":30,"column":44}},"type":"binary-expr","locations":[{"start":{"line":30,"column":17},"end":{"line":30,"column":33}},{"start":{"line":30,"column":33},"end":{"line":30,"column":44}}]},"3":{"loc":{"start":{"line":33,"column":4},"end":{"line":37,"column":5}},"type":"if","locations":[{"start":{"line":33,"column":4},"end":{"line":37,"column":5}},{"start":{"line":35,"column":11},"end":{"line":37,"column":5}}]},"4":{"loc":{"start":{"line":35,"column":11},"end":{"line":37,"column":5}},"type":"if","locations":[{"start":{"line":35,"column":11},"end":{"line":37,"column":5}}]},"5":{"loc":{"start":{"line":45,"column":4},"end":{"line":45,"column":null}},"type":"if","locations":[{"start":{"line":45,"column":4},"end":{"line":45,"column":null}}]},"6":{"loc":{"start":{"line":53,"column":4},"end":{"line":57,"column":5}},"type":"if","locations":[{"start":{"line":53,"column":4},"end":{"line":57,"column":5}},{"start":{"line":55,"column":11},"end":{"line":57,"column":5}}]},"7":{"loc":{"start":{"line":55,"column":11},"end":{"line":57,"column":5}},"type":"if","locations":[{"start":{"line":55,"column":11},"end":{"line":57,"column":5}}]},"8":{"loc":{"start":{"line":63,"column":4},"end":{"line":63,"column":null}},"type":"if","locations":[{"start":{"line":63,"column":4},"end":{"line":63,"column":null}}]}},"s":{"0":8,"1":27,"2":8,"3":8,"4":8,"5":8,"6":8,"7":8,"8":8,"9":4,"10":0,"11":4,"12":8,"13":4,"14":4,"15":1,"16":3,"17":1,"18":4,"19":4,"20":4,"21":8,"22":4,"23":4,"24":0,"25":4,"26":4,"27":4,"28":4,"29":8,"30":4,"31":1,"32":3,"33":1,"34":4,"35":4,"36":8,"37":4,"38":0,"39":4,"40":4,"41":4,"42":8,"43":8},"f":{"0":8,"1":8,"2":8,"3":4,"4":4,"5":4,"6":4,"7":4},"b":{"0":[0],"1":[4,0],"2":[4,4],"3":[1,3],"4":[1],"5":[0],"6":[1,3],"7":[1],"8":[0]}}
,"/Users/paul/Dev/git-repos/jf-lib/src/modules/parseJsonToFormData.ts": {"path":"/Users/paul/Dev/git-repos/jf-lib/src/modules/parseJsonToFormData.ts","statementMap":{"0":{"start":{"line":7,"column":13},"end":{"line":7,"column":35}},"1":{"start":{"line":7,"column":35},"end":{"line":20,"column":null}},"2":{"start":{"line":8,"column":2},"end":{"line":8,"column":86}},"3":{"start":{"line":8,"column":32},"end":{"line":8,"column":86}},"4":{"start":{"line":9,"column":19},"end":{"line":9,"column":null}},"5":{"start":{"line":10,"column":2},"end":{"line":18,"column":null}},"6":{"start":{"line":11,"column":4},"end":{"line":11,"column":null}},"7":{"start":{"line":11,"column":58},"end":{"line":11,"column":null}},"8":{"start":{"line":12,"column":21},"end":{"line":12,"column":null}},"9":{"start":{"line":14,"column":4},"end":{"line":17,"column":5}},"10":{"start":{"line":16,"column":6},"end":{"line":16,"column":null}},"11":{"start":{"line":19,"column":2},"end":{"line":19,"column":null}}},"fnMap":{"0":{"name":"(anonymous_0)","decl":{"start":{"line":7,"column":13},"end":{"line":7,"column":35}},"loc":{"start":{"line":7,"column":13},"end":{"line":7,"column":35}}},"1":{"name":"(anonymous_1)","decl":{"start":{"line":7,"column":35},"end":{"line":7,"column":36}},"loc":{"start":{"line":7,"column":73},"end":{"line":20,"column":null}}}},"branchMap":{"0":{"loc":{"start":{"line":8,"column":2},"end":{"line":8,"column":86}},"type":"if","locations":[{"start":{"line":8,"column":2},"end":{"line":8,"column":86}}]},"1":{"loc":{"start":{"line":11,"column":4},"end":{"line":11,"column":null}},"type":"if","locations":[{"start":{"line":11,"column":4},"end":{"line":11,"column":null}}]},"2":{"loc":{"start":{"line":14,"column":4},"end":{"line":17,"column":5}},"type":"if","locations":[{"start":{"line":14,"column":4},"end":{"line":17,"column":5}}]}},"s":{"0":3,"1":27,"2":3,"3":1,"4":2,"5":2,"6":4,"7":0,"8":4,"9":4,"10":4,"11":2},"f":{"0":3,"1":3},"b":{"0":[1],"1":[0],"2":[4]}}
,"/Users/paul/Dev/git-repos/jf-lib/src/modules/preventScroll.ts": {"path":"/Users/paul/Dev/git-repos/jf-lib/src/modules/preventScroll.ts","statementMap":{"0":{"start":{"line":4,"column":13},"end":{"line":4,"column":29}},"1":{"start":{"line":1,"column":25},"end":{"line":1,"column":null}},"2":{"start":{"line":4,"column":29},"end":{"line":20,"column":null}},"3":{"start":{"line":6,"column":2},"end":{"line":11,"column":3}},"4":{"start":{"line":7,"column":4},"end":{"line":9,"column":null}},"5":{"start":{"line":13,"column":2},"end":{"line":17,"column":3}},"6":{"start":{"line":14,"column":4},"end":{"line":14,"column":null}},"7":{"start":{"line":15,"column":4},"end":{"line":15,"column":null}},"8":{"start":{"line":16,"column":4},"end":{"line":16,"column":null}},"9":{"start":{"line":18,"column":2},"end":{"line":18,"column":null}},"10":{"start":{"line":19,"column":2},"end":{"line":19,"column":null}}},"fnMap":{"0":{"name":"(anonymous_0)","decl":{"start":{"line":4,"column":13},"end":{"line":4,"column":29}},"loc":{"start":{"line":4,"column":13},"end":{"line":4,"column":29}}},"1":{"name":"(anonymous_1)","decl":{"start":{"line":4,"column":29},"end":{"line":4,"column":41}},"loc":{"start":{"line":4,"column":41},"end":{"line":20,"column":null}}}},"branchMap":{"0":{"loc":{"start":{"line":6,"column":2},"end":{"line":11,"column":3}},"type":"if","locations":[{"start":{"line":6,"column":2},"end":{"line":11,"column":3}}]},"1":{"loc":{"start":{"line":13,"column":2},"end":{"line":17,"column":3}},"type":"if","locations":[{"start":{"line":13,"column":2},"end":{"line":17,"column":3}}]}},"s":{"0":7,"1":27,"2":27,"3":7,"4":5,"5":7,"6":2,"7":2,"8":2,"9":7,"10":7},"f":{"0":7,"1":7},"b":{"0":[5],"1":[2]}}
,"/Users/paul/Dev/git-repos/jf-lib/src/modules/pushToDL.ts": {"path":"/Users/paul/Dev/git-repos/jf-lib/src/modules/pushToDL.ts","statementMap":{"0":{"start":{"line":14,"column":13},"end":{"line":14,"column":24}},"1":{"start":{"line":14,"column":24},"end":{"line":32,"column":null}},"2":{"start":{"line":15,"column":2},"end":{"line":15,"column":97}},"3":{"start":{"line":15,"column":41},"end":{"line":15,"column":97}},"4":{"start":{"line":17,"column":2},"end":{"line":19,"column":3}},"5":{"start":{"line":18,"column":4},"end":{"line":18,"column":56}},"6":{"start":{"line":20,"column":2},"end":{"line":22,"column":3}},"7":{"start":{"line":21,"column":4},"end":{"line":21,"column":57}},"8":{"start":{"line":23,"column":2},"end":{"line":25,"column":3}},"9":{"start":{"line":24,"column":4},"end":{"line":24,"column":56}},"10":{"start":{"line":26,"column":2},"end":{"line":26,"column":null}},"11":{"start":{"line":27,"column":2},"end":{"line":31,"column":null}}},"fnMap":{"0":{"name":"(anonymous_0)","decl":{"start":{"line":14,"column":13},"end":{"line":14,"column":24}},"loc":{"start":{"line":14,"column":13},"end":{"line":14,"column":24}}},"1":{"name":"(anonymous_1)","decl":{"start":{"line":14,"column":24},"end":{"line":14,"column":25}},"loc":{"start":{"line":14,"column":90},"end":{"line":32,"column":null}}}},"branchMap":{"0":{"loc":{"start":{"line":14,"column":25},"end":{"line":14,"column":48}},"type":"default-arg","locations":[{"start":{"line":14,"column":33},"end":{"line":14,"column":48}}]},"1":{"loc":{"start":{"line":15,"column":2},"end":{"line":15,"column":97}},"type":"if","locations":[{"start":{"line":15,"column":2},"end":{"line":15,"column":97}}]},"2":{"loc":{"start":{"line":15,"column":6},"end":{"line":15,"column":41}},"type":"binary-expr","locations":[{"start":{"line":15,"column":6},"end":{"line":15,"column":18}},{"start":{"line":15,"column":18},"end":{"line":15,"column":30}},{"start":{"line":15,"column":30},"end":{"line":15,"column":41}}]},"3":{"loc":{"start":{"line":17,"column":2},"end":{"line":19,"column":3}},"type":"if","locations":[{"start":{"line":17,"column":2},"end":{"line":19,"column":3}}]},"4":{"loc":{"start":{"line":20,"column":2},"end":{"line":22,"column":3}},"type":"if","locations":[{"start":{"line":20,"column":2},"end":{"line":22,"column":3}}]},"5":{"loc":{"start":{"line":23,"column":2},"end":{"line":25,"column":3}},"type":"if","locations":[{"start":{"line":23,"column":2},"end":{"line":25,"column":3}}]},"6":{"loc":{"start":{"line":26,"column":21},"end":{"line":26,"column":43}},"type":"binary-expr","locations":[{"start":{"line":26,"column":21},"end":{"line":26,"column":37}},{"start":{"line":26,"column":41},"end":{"line":26,"column":43}}]}},"s":{"0":6,"1":27,"2":6,"3":2,"4":4,"5":1,"6":3,"7":1,"8":2,"9":1,"10":1,"11":1},"f":{"0":6,"1":6},"b":{"0":[0],"1":[2],"2":[6,6,5],"3":[1],"4":[1],"5":[1],"6":[1,1]}}
,"/Users/paul/Dev/git-repos/jf-lib/src/modules/queryAll.ts": {"path":"/Users/paul/Dev/git-repos/jf-lib/src/modules/queryAll.ts","statementMap":{"0":{"start":{"line":7,"column":13},"end":{"line":7,"column":24}},"1":{"start":{"line":7,"column":24},"end":{"line":7,"column":null}},"2":{"start":{"line":7,"column":61},"end":{"line":7,"column":null}}},"fnMap":{"0":{"name":"(anonymous_0)","decl":{"start":{"line":7,"column":13},"end":{"line":7,"column":24}},"loc":{"start":{"line":7,"column":13},"end":{"line":7,"column":24}}},"1":{"name":"(anonymous_1)","decl":{"start":{"line":7,"column":24},"end":{"line":7,"column":25}},"loc":{"start":{"line":7,"column":61},"end":{"line":7,"column":null}}}},"branchMap":{},"s":{"0":2,"1":27,"2":2},"f":{"0":2,"1":2},"b":{}}
,"/Users/paul/Dev/git-repos/jf-lib/src/modules/redirect.ts": {"path":"/Users/paul/Dev/git-repos/jf-lib/src/modules/redirect.ts","statementMap":{"0":{"start":{"line":7,"column":13},"end":{"line":7,"column":24}},"1":{"start":{"line":7,"column":24},"end":{"line":10,"column":null}},"2":{"start":{"line":8,"column":2},"end":{"line":8,"column":69}},"3":{"start":{"line":8,"column":12},"end":{"line":8,"column":69}},"4":{"start":{"line":9,"column":2},"end":{"line":9,"column":null}}},"fnMap":{"0":{"name":"(anonymous_0)","decl":{"start":{"line":7,"column":13},"end":{"line":7,"column":24}},"loc":{"start":{"line":7,"column":13},"end":{"line":7,"column":24}}},"1":{"name":"(anonymous_1)","decl":{"start":{"line":7,"column":24},"end":{"line":7,"column":25}},"loc":{"start":{"line":7,"column":47},"end":{"line":10,"column":null}}}},"branchMap":{"0":{"loc":{"start":{"line":8,"column":2},"end":{"line":8,"column":69}},"type":"if","locations":[{"start":{"line":8,"column":2},"end":{"line":8,"column":69}}]}},"s":{"0":2,"1":27,"2":2,"3":1,"4":1},"f":{"0":2,"1":2},"b":{"0":[1]}}
,"/Users/paul/Dev/git-repos/jf-lib/src/modules/replaceHTML.ts": {"path":"/Users/paul/Dev/git-repos/jf-lib/src/modules/replaceHTML.ts","statementMap":{"0":{"start":{"line":7,"column":13},"end":{"line":7,"column":27}},"1":{"start":{"line":7,"column":27},"end":{"line":17,"column":null}},"2":{"start":{"line":8,"column":2},"end":{"line":8,"column":66}},"3":{"start":{"line":8,"column":15},"end":{"line":8,"column":66}},"4":{"start":{"line":9,"column":2},"end":{"line":9,"column":88}},"5":{"start":{"line":9,"column":38},"end":{"line":9,"column":88}},"6":{"start":{"line":10,"column":2},"end":{"line":10,"column":63}},"7":{"start":{"line":10,"column":15},"end":{"line":10,"column":63}},"8":{"start":{"line":11,"column":2},"end":{"line":11,"column":76}},"9":{"start":{"line":11,"column":32},"end":{"line":11,"column":76}},"10":{"start":{"line":12,"column":2},"end":{"line":14,"column":null}},"11":{"start":{"line":13,"column":4},"end":{"line":13,"column":null}},"12":{"start":{"line":15,"column":2},"end":{"line":15,"column":null}},"13":{"start":{"line":16,"column":2},"end":{"line":16,"column":null}}},"fnMap":{"0":{"name":"(anonymous_0)","decl":{"start":{"line":7,"column":13},"end":{"line":7,"column":27}},"loc":{"start":{"line":7,"column":13},"end":{"line":7,"column":27}}},"1":{"name":"(anonymous_1)","decl":{"start":{"line":7,"column":27},"end":{"line":7,"column":28}},"loc":{"start":{"line":7,"column":70},"end":{"line":17,"column":null}}}},"branchMap":{"0":{"loc":{"start":{"line":8,"column":2},"end":{"line":8,"column":66}},"type":"if","locations":[{"start":{"line":8,"column":2},"end":{"line":8,"column":66}}]},"1":{"loc":{"start":{"line":9,"column":2},"end":{"line":9,"column":88}},"type":"if","locations":[{"start":{"line":9,"column":2},"end":{"line":9,"column":88}}]},"2":{"loc":{"start":{"line":10,"column":2},"end":{"line":10,"column":63}},"type":"if","locations":[{"start":{"line":10,"column":2},"end":{"line":10,"column":63}}]},"3":{"loc":{"start":{"line":11,"column":2},"end":{"line":11,"column":76}},"type":"if","locations":[{"start":{"line":11,"column":2},"end":{"line":11,"column":76}}]}},"s":{"0":5,"1":27,"2":5,"3":1,"4":4,"5":1,"6":3,"7":1,"8":2,"9":1,"10":1,"11":1,"12":1,"13":1},"f":{"0":5,"1":5},"b":{"0":[1],"1":[1],"2":[1],"3":[1]}}
,"/Users/paul/Dev/git-repos/jf-lib/src/modules/useMutationObserver.ts": {"path":"/Users/paul/Dev/git-repos/jf-lib/src/modules/useMutationObserver.ts","statementMap":{"0":{"start":{"line":33,"column":13},"end":{"line":33,"column":35}},"1":{"start":{"line":33,"column":35},"end":{"line":78,"column":null}},"2":{"start":{"line":35,"column":2},"end":{"line":35,"column":null}},"3":{"start":{"line":37,"column":53},"end":{"line":38,"column":null}},"4":{"start":{"line":38,"column":31},"end":{"line":38,"column":null}},"5":{"start":{"line":41,"column":2},"end":{"line":50,"column":3}},"6":{"start":{"line":43,"column":4},"end":{"line":47,"column":null}},"7":{"start":{"line":49,"column":4},"end":{"line":49,"column":null}},"8":{"start":{"line":52,"column":44},"end":{"line":62,"column":null}},"9":{"start":{"line":54,"column":4},"end":{"line":56,"column":5}},"10":{"start":{"line":55,"column":6},"end":{"line":55,"column":null}},"11":{"start":{"line":58,"column":4},"end":{"line":58,"column":null}},"12":{"start":{"line":59,"column":4},"end":{"line":59,"column":null}},"13":{"start":{"line":60,"column":4},"end":{"line":60,"column":null}},"14":{"start":{"line":61,"column":4},"end":{"line":61,"column":null}},"15":{"start":{"line":65,"column":28},"end":{"line":71,"column":null}},"16":{"start":{"line":66,"column":4},"end":{"line":66,"column":null}},"17":{"start":{"line":67,"column":4},"end":{"line":67,"column":null}},"18":{"start":{"line":68,"column":4},"end":{"line":68,"column":null}},"19":{"start":{"line":70,"column":4},"end":{"line":70,"column":null}},"20":{"start":{"line":70,"column":78},"end":{"line":70,"column":null}},"21":{"start":{"line":73,"column":2},"end":{"line":77,"column":null}}},"fnMap":{"0":{"name":"(anonymous_0)","decl":{"start":{"line":33,"column":13},"end":{"line":33,"column":35}},"loc":{"start":{"line":33,"column":13},"end":{"line":33,"column":35}}},"1":{"name":"(anonymous_1)","decl":{"start":{"line":33,"column":35},"end":{"line":33,"column":36}},"loc":{"start":{"line":33,"column":63},"end":{"line":78,"column":null}}},"2":{"name":"(anonymous_2)","decl":{"start":{"line":38,"column":4},"end":{"line":38,"column":5}},"loc":{"start":{"line":38,"column":31},"end":{"line":38,"column":null}}},"3":{"name":"(anonymous_3)","decl":{"start":{"line":52,"column":44},"end":{"line":52,"column":45}},"loc":{"start":{"line":52,"column":74},"end":{"line":62,"column":null}}},"4":{"name":"(anonymous_4)","decl":{"start":{"line":65,"column":28},"end":{"line":65,"column":34}},"loc":{"start":{"line":65,"column":34},"end":{"line":71,"column":null}}},"5":{"name":"(anonymous_5)","decl":{"start":{"line":70,"column":51},"end":{"line":70,"column":52}},"loc":{"start":{"line":70,"column":78},"end":{"line":70,"column":null}}}},"branchMap":{"0":{"loc":{"start":{"line":35,"column":23},"end":{"line":35,"column":47}},"type":"binary-expr","locations":[{"start":{"line":35,"column":23},"end":{"line":35,"column":41}},{"start":{"line":35,"column":45},"end":{"line":35,"column":47}}]},"1":{"loc":{"start":{"line":41,"column":2},"end":{"line":50,"column":3}},"type":"if","locations":[{"start":{"line":41,"column":2},"end":{"line":50,"column":3}}]},"2":{"loc":{"start":{"line":54,"column":4},"end":{"line":56,"column":5}},"type":"if","locations":[{"start":{"line":54,"column":4},"end":{"line":56,"column":5}}]}},"s":{"0":6,"1":27,"2":6,"3":6,"4":5,"5":6,"6":1,"7":1,"8":6,"9":5,"10":1,"11":4,"12":4,"13":4,"14":4,"15":6,"16":1,"17":1,"18":1,"19":1,"20":1,"21":6},"f":{"0":6,"1":6,"2":5,"3":5,"4":1,"5":1},"b":{"0":[6,1],"1":[1],"2":[1]}}
,"/Users/paul/Dev/git-repos/jf-lib/src/modules/waitFor.ts": {"path":"/Users/paul/Dev/git-repos/jf-lib/src/modules/waitFor.ts","statementMap":{"0":{"start":{"line":10,"column":13},"end":{"line":10,"column":23}},"1":{"start":{"line":10,"column":23},"end":{"line":32,"column":null}},"2":{"start":{"line":12,"column":14},"end":{"line":12,"column":null}},"3":{"start":{"line":13,"column":16},"end":{"line":13,"column":null}},"4":{"start":{"line":15,"column":2},"end":{"line":30,"column":null}},"5":{"start":{"line":17,"column":19},"end":{"line":17,"column":null}},"6":{"start":{"line":19,"column":4},"end":{"line":29,"column":5}},"7":{"start":{"line":21,"column":6},"end":{"line":21,"column":null}},"8":{"start":{"line":22,"column":6},"end":{"line":22,"column":null}},"9":{"start":{"line":25,"column":6},"end":{"line":25,"column":null}},"10":{"start":{"line":25,"column":37},"end":{"line":25,"column":null}},"11":{"start":{"line":28,"column":6},"end":{"line":28,"column":null}},"12":{"start":{"line":31,"column":2},"end":{"line":31,"column":null}}},"fnMap":{"0":{"name":"(anonymous_0)","decl":{"start":{"line":10,"column":13},"end":{"line":10,"column":23}},"loc":{"start":{"line":10,"column":13},"end":{"line":10,"column":23}}},"1":{"name":"(anonymous_1)","decl":{"start":{"line":10,"column":23},"end":{"line":10,"column":30}},"loc":{"start":{"line":10,"column":108},"end":{"line":32,"column":null}}},"2":{"name":"(anonymous_2)","decl":{"start":{"line":25,"column":24},"end":{"line":25,"column":25}},"loc":{"start":{"line":25,"column":37},"end":{"line":25,"column":null}}}},"branchMap":{"0":{"loc":{"start":{"line":10,"column":55},"end":{"line":10,"column":69}},"type":"default-arg","locations":[{"start":{"line":10,"column":67},"end":{"line":10,"column":69}}]},"1":{"loc":{"start":{"line":10,"column":71},"end":{"line":10,"column":85}},"type":"default-arg","locations":[{"start":{"line":10,"column":82},"end":{"line":10,"column":85}}]},"2":{"loc":{"start":{"line":19,"column":4},"end":{"line":29,"column":5}},"type":"if","locations":[{"start":{"line":19,"column":4},"end":{"line":29,"column":5}},{"start":{"line":26,"column":11},"end":{"line":29,"column":5}}]}},"s":{"0":5,"1":27,"2":5,"3":5,"4":5,"5":111,"6":111,"7":110,"8":110,"9":110,"10":110,"11":1,"12":4},"f":{"0":5,"1":5,"2":110},"b":{"0":[4],"1":[2],"2":[110,1]}}
}
