{"/Users/samrenfrew/Documents/Work/dx-lib/src/index.ts": {"path":"/Users/samrenfrew/Documents/Work/dx-lib/src/index.ts","statementMap":{"0":{"start":{"line":1,"column":14},"end":{"line":1,"column":null}}},"fnMap":{},"branchMap":{},"s":{"0":22},"f":{},"b":{}}
,"/Users/samrenfrew/Documents/Work/dx-lib/src/helpers/consoleLog.ts": {"path":"/Users/samrenfrew/Documents/Work/dx-lib/src/helpers/consoleLog.ts","statementMap":{"0":{"start":{"line":16,"column":13},"end":{"line":16,"column":19}},"1":{"start":{"line":16,"column":19},"end":{"line":31,"column":null}},"2":{"start":{"line":17,"column":17},"end":{"line":24,"column":null}},"3":{"start":{"line":26,"column":2},"end":{"line":30,"column":null}},"4":{"start":{"line":27,"column":4},"end":{"line":27,"column":null}},"5":{"start":{"line":29,"column":4},"end":{"line":29,"column":null}}},"fnMap":{"0":{"name":"(anonymous_1)","decl":{"start":{"line":16,"column":19},"end":{"line":16,"column":20}},"loc":{"start":{"line":16,"column":80},"end":{"line":31,"column":null}}}},"branchMap":{"0":{"loc":{"start":{"line":16,"column":37},"end":{"line":16,"column":61}},"type":"default-arg","locations":[{"start":{"line":16,"column":55},"end":{"line":16,"column":61}}]},"1":{"loc":{"start":{"line":16,"column":63},"end":{"line":16,"column":78}},"type":"default-arg","locations":[{"start":{"line":16,"column":76},"end":{"line":16,"column":78}}]},"2":{"loc":{"start":{"line":26,"column":2},"end":{"line":30,"column":null}},"type":"if","locations":[{"start":{"line":26,"column":2},"end":{"line":30,"column":null}},{"start":{"line":28,"column":9},"end":{"line":30,"column":null}}]}},"s":{"0":146,"1":37,"2":146,"3":146,"4":6,"5":140},"f":{"0":146},"b":{"0":[0],"1":[0],"2":[6,140]}}
,"/Users/samrenfrew/Documents/Work/dx-lib/src/helpers/index.ts": {"path":"/Users/samrenfrew/Documents/Work/dx-lib/src/helpers/index.ts","statementMap":{"0":{"start":{"line":1,"column":14},"end":{"line":1,"column":null}},"1":{"start":{"line":2,"column":14},"end":{"line":2,"column":null}},"2":{"start":{"line":3,"column":14},"end":{"line":3,"column":null}},"3":{"start":{"line":4,"column":14},"end":{"line":4,"column":null}}},"fnMap":{},"branchMap":{},"s":{"0":37,"1":37,"2":37,"3":37},"f":{},"b":{}}
,"/Users/samrenfrew/Documents/Work/dx-lib/src/helpers/isDebug.ts": {"path":"/Users/samrenfrew/Documents/Work/dx-lib/src/helpers/isDebug.ts","statementMap":{"0":{"start":{"line":6,"column":13},"end":{"line":6,"column":23}},"1":{"start":{"line":6,"column":23},"end":{"line":6,"column":null}},"2":{"start":{"line":6,"column":38},"end":{"line":6,"column":null}}},"fnMap":{"0":{"name":"(anonymous_1)","decl":{"start":{"line":6,"column":23},"end":{"line":6,"column":38}},"loc":{"start":{"line":6,"column":38},"end":{"line":6,"column":null}}}},"branchMap":{},"s":{"0":268,"1":37,"2":268},"f":{"0":268},"b":{}}
,"/Users/samrenfrew/Documents/Work/dx-lib/src/helpers/typeGuards.ts": {"path":"/Users/samrenfrew/Documents/Work/dx-lib/src/helpers/typeGuards.ts","statementMap":{"0":{"start":{"line":40,"column":13},"end":{"line":40,"column":23}},"1":{"start":{"line":56,"column":13},"end":{"line":56,"column":24}},"2":{"start":{"line":74,"column":13},"end":{"line":74,"column":28}},"3":{"start":{"line":65,"column":13},"end":{"line":65,"column":23}},"4":{"start":{"line":32,"column":13},"end":{"line":32,"column":21}},"5":{"start":{"line":48,"column":13},"end":{"line":48,"column":21}},"6":{"start":{"line":7,"column":13},"end":{"line":7,"column":21}},"7":{"start":{"line":24,"column":13},"end":{"line":24,"column":21}},"8":{"start":{"line":15,"column":13},"end":{"line":15,"column":26}},"9":{"start":{"line":7,"column":24},"end":{"line":7,"column":null}},"10":{"start":{"line":7,"column":61},"end":{"line":7,"column":null}},"11":{"start":{"line":15,"column":29},"end":{"line":16,"column":null}},"12":{"start":{"line":16,"column":2},"end":{"line":16,"column":null}},"13":{"start":{"line":16,"column":48},"end":{"line":16,"column":null}},"14":{"start":{"line":24,"column":24},"end":{"line":24,"column":null}},"15":{"start":{"line":24,"column":61},"end":{"line":24,"column":null}},"16":{"start":{"line":32,"column":24},"end":{"line":32,"column":null}},"17":{"start":{"line":32,"column":61},"end":{"line":32,"column":null}},"18":{"start":{"line":40,"column":26},"end":{"line":40,"column":null}},"19":{"start":{"line":40,"column":65},"end":{"line":40,"column":null}},"20":{"start":{"line":48,"column":24},"end":{"line":48,"column":null}},"21":{"start":{"line":48,"column":61},"end":{"line":48,"column":null}},"22":{"start":{"line":56,"column":27},"end":{"line":57,"column":null}},"23":{"start":{"line":57,"column":2},"end":{"line":57,"column":null}},"24":{"start":{"line":57,"column":48},"end":{"line":57,"column":null}},"25":{"start":{"line":65,"column":26},"end":{"line":66,"column":null}},"26":{"start":{"line":66,"column":2},"end":{"line":66,"column":null}},"27":{"start":{"line":66,"column":58},"end":{"line":66,"column":null}},"28":{"start":{"line":74,"column":31},"end":{"line":74,"column":null}},"29":{"start":{"line":74,"column":66},"end":{"line":74,"column":null}}},"fnMap":{"0":{"name":"(anonymous_10)","decl":{"start":{"line":7,"column":24},"end":{"line":7,"column":25}},"loc":{"start":{"line":7,"column":61},"end":{"line":7,"column":null}}},"1":{"name":"(anonymous_11)","decl":{"start":{"line":15,"column":29},"end":{"line":15,"column":30}},"loc":{"start":{"line":16,"column":2},"end":{"line":16,"column":null}}},"2":{"name":"(anonymous_12)","decl":{"start":{"line":16,"column":38},"end":{"line":16,"column":39}},"loc":{"start":{"line":16,"column":48},"end":{"line":16,"column":null}}},"3":{"name":"(anonymous_13)","decl":{"start":{"line":24,"column":24},"end":{"line":24,"column":25}},"loc":{"start":{"line":24,"column":61},"end":{"line":24,"column":null}}},"4":{"name":"(anonymous_14)","decl":{"start":{"line":32,"column":24},"end":{"line":32,"column":25}},"loc":{"start":{"line":32,"column":61},"end":{"line":32,"column":null}}},"5":{"name":"(anonymous_15)","decl":{"start":{"line":40,"column":26},"end":{"line":40,"column":27}},"loc":{"start":{"line":40,"column":65},"end":{"line":40,"column":null}}},"6":{"name":"(anonymous_16)","decl":{"start":{"line":48,"column":24},"end":{"line":48,"column":25}},"loc":{"start":{"line":48,"column":61},"end":{"line":48,"column":null}}},"7":{"name":"(anonymous_17)","decl":{"start":{"line":56,"column":27},"end":{"line":56,"column":28}},"loc":{"start":{"line":57,"column":2},"end":{"line":57,"column":null}}},"8":{"name":"(anonymous_18)","decl":{"start":{"line":57,"column":38},"end":{"line":57,"column":39}},"loc":{"start":{"line":57,"column":48},"end":{"line":57,"column":null}}},"9":{"name":"(anonymous_19)","decl":{"start":{"line":65,"column":26},"end":{"line":65,"column":27}},"loc":{"start":{"line":66,"column":2},"end":{"line":66,"column":null}}},"10":{"name":"(anonymous_20)","decl":{"start":{"line":66,"column":48},"end":{"line":66,"column":49}},"loc":{"start":{"line":66,"column":58},"end":{"line":66,"column":null}}},"11":{"name":"(anonymous_21)","decl":{"start":{"line":74,"column":31},"end":{"line":74,"column":32}},"loc":{"start":{"line":74,"column":66},"end":{"line":74,"column":null}}}},"branchMap":{"0":{"loc":{"start":{"line":16,"column":2},"end":{"line":16,"column":null}},"type":"binary-expr","locations":[{"start":{"line":16,"column":2},"end":{"line":16,"column":26}},{"start":{"line":16,"column":26},"end":{"line":16,"column":null}}]},"1":{"loc":{"start":{"line":57,"column":2},"end":{"line":57,"column":null}},"type":"binary-expr","locations":[{"start":{"line":57,"column":2},"end":{"line":57,"column":26}},{"start":{"line":57,"column":26},"end":{"line":57,"column":null}}]},"2":{"loc":{"start":{"line":66,"column":2},"end":{"line":66,"column":null}},"type":"binary-expr","locations":[{"start":{"line":66,"column":2},"end":{"line":66,"column":31}},{"start":{"line":66,"column":31},"end":{"line":66,"column":null}}]},"3":{"loc":{"start":{"line":74,"column":66},"end":{"line":74,"column":null}},"type":"binary-expr","locations":[{"start":{"line":74,"column":66},"end":{"line":74,"column":90}},{"start":{"line":74,"column":90},"end":{"line":74,"column":null}}]}},"s":{"0":101,"1":32,"2":26,"3":31,"4":16,"5":22,"6":29,"7":120,"8":30,"9":37,"10":29,"11":37,"12":30,"13":2,"14":37,"15":120,"16":37,"17":16,"18":37,"19":101,"20":37,"21":22,"22":37,"23":32,"24":2,"25":37,"26":31,"27":0,"28":37,"29":26},"f":{"0":29,"1":30,"2":2,"3":120,"4":16,"5":101,"6":22,"7":32,"8":2,"9":31,"10":0,"11":26},"b":{"0":[30,2],"1":[32,1],"2":[31,0],"3":[26,26]}}
,"/Users/samrenfrew/Documents/Work/dx-lib/src/helpers/validateSelectors.ts": {"path":"/Users/samrenfrew/Documents/Work/dx-lib/src/helpers/validateSelectors.ts","statementMap":{"0":{"start":{"line":7,"column":13},"end":{"line":7,"column":33}},"1":{"start":{"line":7,"column":33},"end":{"line":10,"column":null}},"2":{"start":{"line":8,"column":21},"end":{"line":8,"column":null}},"3":{"start":{"line":9,"column":2},"end":{"line":9,"column":null}},"4":{"start":{"line":19,"column":24},"end":{"line":26,"column":null}},"5":{"start":{"line":20,"column":2},"end":{"line":25,"column":null}},"6":{"start":{"line":21,"column":4},"end":{"line":21,"column":null}},"7":{"start":{"line":22,"column":4},"end":{"line":22,"column":null}},"8":{"start":{"line":24,"column":4},"end":{"line":24,"column":null}}},"fnMap":{"0":{"name":"(anonymous_1)","decl":{"start":{"line":7,"column":33},"end":{"line":7,"column":34}},"loc":{"start":{"line":7,"column":34},"end":{"line":10,"column":null}}},"1":{"name":"(anonymous_2)","decl":{"start":{"line":19,"column":24},"end":{"line":19,"column":25}},"loc":{"start":{"line":19,"column":25},"end":{"line":26,"column":null}}}},"branchMap":{"0":{"loc":{"start":{"line":8,"column":21},"end":{"line":8,"column":null}},"type":"cond-expr","locations":[{"start":{"line":8,"column":48},"end":{"line":8,"column":60}},{"start":{"line":8,"column":60},"end":{"line":8,"column":null}}]}},"s":{"0":47,"1":37,"2":47,"3":47,"4":37,"5":47,"6":47,"7":44,"8":3},"f":{"0":47,"1":47},"b":{"0":[0,47]}}
,"/Users/samrenfrew/Documents/Work/dx-lib/src/modules/createElement.ts": {"path":"/Users/samrenfrew/Documents/Work/dx-lib/src/modules/createElement.ts","statementMap":{"0":{"start":{"line":32,"column":13},"end":{"line":32,"column":29}},"1":{"start":{"line":32,"column":29},"end":{"line":66,"column":null}},"2":{"start":{"line":37,"column":2},"end":{"line":37,"column":null}},"3":{"start":{"line":37,"column":40},"end":{"line":37,"column":null}},"4":{"start":{"line":39,"column":2},"end":{"line":39,"column":null}},"5":{"start":{"line":39,"column":38},"end":{"line":39,"column":null}},"6":{"start":{"line":41,"column":19},"end":{"line":41,"column":null}},"7":{"start":{"line":43,"column":31},"end":{"line":43,"column":null}},"8":{"start":{"line":46,"column":2},"end":{"line":64,"column":null}},"9":{"start":{"line":47,"column":23},"end":{"line":47,"column":null}},"10":{"start":{"line":48,"column":4},"end":{"line":63,"column":null}},"11":{"start":{"line":48,"column":17},"end":{"line":48,"column":20}},"12":{"start":{"line":50,"column":6},"end":{"line":62,"column":null}},"13":{"start":{"line":52,"column":8},"end":{"line":61,"column":null}},"14":{"start":{"line":53,"column":10},"end":{"line":53,"column":null}},"15":{"start":{"line":54,"column":15},"end":{"line":61,"column":null}},"16":{"start":{"line":55,"column":10},"end":{"line":55,"column":null}},"17":{"start":{"line":58,"column":23},"end":{"line":58,"column":null}},"18":{"start":{"line":60,"column":10},"end":{"line":60,"column":null}},"19":{"start":{"line":65,"column":2},"end":{"line":65,"column":null}}},"fnMap":{"0":{"name":"(anonymous_1)","decl":{"start":{"line":32,"column":29},"end":{"line":32,"column":null}},"loc":{"start":{"line":34,"column":2},"end":{"line":66,"column":null}}}},"branchMap":{"0":{"loc":{"start":{"line":33,"column":2},"end":{"line":33,"column":55}},"type":"default-arg","locations":[{"start":{"line":33,"column":50},"end":{"line":33,"column":55}}]},"1":{"loc":{"start":{"line":37,"column":2},"end":{"line":37,"column":null}},"type":"if","locations":[{"start":{"line":37,"column":2},"end":{"line":37,"column":null}}]},"2":{"loc":{"start":{"line":37,"column":6},"end":{"line":37,"column":40}},"type":"binary-expr","locations":[{"start":{"line":37,"column":6},"end":{"line":37,"column":14}},{"start":{"line":37,"column":14},"end":{"line":37,"column":40}}]},"3":{"loc":{"start":{"line":39,"column":2},"end":{"line":39,"column":null}},"type":"if","locations":[{"start":{"line":39,"column":2},"end":{"line":39,"column":null}}]},"4":{"loc":{"start":{"line":39,"column":6},"end":{"line":39,"column":38}},"type":"binary-expr","locations":[{"start":{"line":39,"column":6},"end":{"line":39,"column":14}},{"start":{"line":39,"column":14},"end":{"line":39,"column":38}}]},"5":{"loc":{"start":{"line":41,"column":19},"end":{"line":41,"column":null}},"type":"cond-expr","locations":[{"start":{"line":41,"column":27},"end":{"line":41,"column":35}},{"start":{"line":41,"column":35},"end":{"line":41,"column":null}}]},"6":{"loc":{"start":{"line":46,"column":2},"end":{"line":64,"column":null}},"type":"if","locations":[{"start":{"line":46,"column":2},"end":{"line":64,"column":null}}]},"7":{"loc":{"start":{"line":46,"column":6},"end":{"line":46,"column":72}},"type":"binary-expr","locations":[{"start":{"line":46,"column":6},"end":{"line":46,"column":36}},{"start":{"line":46,"column":36},"end":{"line":46,"column":48}},{"start":{"line":46,"column":48},"end":{"line":46,"column":72}}]},"8":{"loc":{"start":{"line":50,"column":6},"end":{"line":62,"column":null}},"type":"if","locations":[{"start":{"line":50,"column":6},"end":{"line":62,"column":null}}]},"9":{"loc":{"start":{"line":52,"column":8},"end":{"line":61,"column":null}},"type":"if","locations":[{"start":{"line":52,"column":8},"end":{"line":61,"column":null}},{"start":{"line":54,"column":15},"end":{"line":61,"column":null}}]},"10":{"loc":{"start":{"line":54,"column":15},"end":{"line":61,"column":null}},"type":"if","locations":[{"start":{"line":54,"column":15},"end":{"line":61,"column":null}},{"start":{"line":56,"column":15},"end":{"line":61,"column":null}}]}},"s":{"0":6,"1":34,"2":6,"3":0,"4":6,"5":0,"6":6,"7":6,"8":6,"9":4,"10":4,"11":4,"12":5,"13":5,"14":1,"15":4,"16":0,"17":4,"18":4,"19":6},"f":{"0":6},"b":{"0":[1],"1":[0],"2":[6,3],"3":[0],"4":[6,3],"5":[3,3],"6":[4],"7":[6,4,4],"8":[5],"9":[1,4],"10":[0,4]}}
,"/Users/samrenfrew/Documents/Work/dx-lib/src/modules/customEvents.ts": {"path":"/Users/samrenfrew/Documents/Work/dx-lib/src/modules/customEvents.ts","statementMap":{"0":{"start":{"line":37,"column":13},"end":{"line":37,"column":28}},"1":{"start":{"line":1,"column":16},"end":{"line":1,"column":null}},"2":{"start":{"line":5,"column":16},"end":{"line":11,"column":null}},"3":{"start":{"line":6,"column":2},"end":{"line":6,"column":null}},"4":{"start":{"line":7,"column":2},"end":{"line":7,"column":null}},"5":{"start":{"line":8,"column":2},"end":{"line":10,"column":null}},"6":{"start":{"line":9,"column":4},"end":{"line":9,"column":null}},"7":{"start":{"line":13,"column":15},"end":{"line":13,"column":72}},"8":{"start":{"line":13,"column":34},"end":{"line":13,"column":72}},"9":{"start":{"line":37,"column":28},"end":{"line":68,"column":null}},"10":{"start":{"line":38,"column":2},"end":{"line":38,"column":null}},"11":{"start":{"line":46,"column":15},"end":{"line":48,"column":null}},"12":{"start":{"line":47,"column":4},"end":{"line":47,"column":null}},"13":{"start":{"line":58,"column":13},"end":{"line":65,"column":null}},"14":{"start":{"line":59,"column":22},"end":{"line":59,"column":null}},"15":{"start":{"line":60,"column":21},"end":{"line":62,"column":null}},"16":{"start":{"line":61,"column":6},"end":{"line":61,"column":null}},"17":{"start":{"line":63,"column":4},"end":{"line":63,"column":null}},"18":{"start":{"line":64,"column":4},"end":{"line":64,"column":null}},"19":{"start":{"line":64,"column":17},"end":{"line":64,"column":null}},"20":{"start":{"line":67,"column":2},"end":{"line":67,"column":null}}},"fnMap":{"0":{"name":"(anonymous_1)","decl":{"start":{"line":5,"column":16},"end":{"line":5,"column":null}},"loc":{"start":{"line":5,"column":16},"end":{"line":11,"column":null}}},"1":{"name":"(anonymous_2)","decl":{"start":{"line":13,"column":15},"end":{"line":13,"column":34}},"loc":{"start":{"line":13,"column":34},"end":{"line":13,"column":72}}},"2":{"name":"(anonymous_3)","decl":{"start":{"line":37,"column":28},"end":{"line":37,"column":29}},"loc":{"start":{"line":37,"column":29},"end":{"line":68,"column":null}}},"3":{"name":"(anonymous_4)","decl":{"start":{"line":46,"column":15},"end":{"line":46,"column":16}},"loc":{"start":{"line":46,"column":49},"end":{"line":48,"column":null}}},"4":{"name":"(anonymous_5)","decl":{"start":{"line":58,"column":13},"end":{"line":58,"column":14}},"loc":{"start":{"line":58,"column":63},"end":{"line":65,"column":null}}},"5":{"name":"(anonymous_6)","decl":{"start":{"line":60,"column":21},"end":{"line":60,"column":22}},"loc":{"start":{"line":60,"column":22},"end":{"line":62,"column":null}}},"6":{"name":"(anonymous_7)","decl":{"start":{"line":64,"column":11},"end":{"line":64,"column":17}},"loc":{"start":{"line":64,"column":17},"end":{"line":64,"column":null}}}},"branchMap":{"0":{"loc":{"start":{"line":6,"column":17},"end":{"line":6,"column":null}},"type":"binary-expr","locations":[{"start":{"line":6,"column":17},"end":{"line":6,"column":29}},{"start":{"line":6,"column":33},"end":{"line":6,"column":null}}]},"1":{"loc":{"start":{"line":7,"column":30},"end":{"line":7,"column":null}},"type":"binary-expr","locations":[{"start":{"line":7,"column":30},"end":{"line":7,"column":55}},{"start":{"line":7,"column":59},"end":{"line":7,"column":null}}]},"2":{"loc":{"start":{"line":8,"column":2},"end":{"line":10,"column":null}},"type":"if","locations":[{"start":{"line":8,"column":2},"end":{"line":10,"column":null}}]},"3":{"loc":{"start":{"line":46,"column":30},"end":{"line":46,"column":49}},"type":"default-arg","locations":[{"start":{"line":46,"column":47},"end":{"line":46,"column":49}}]},"4":{"loc":{"start":{"line":59,"column":22},"end":{"line":59,"column":null}},"type":"binary-expr","locations":[{"start":{"line":59,"column":22},"end":{"line":59,"column":32}},{"start":{"line":59,"column":32},"end":{"line":59,"column":null}}]}},"s":{"0":12,"1":34,"2":34,"3":12,"4":12,"5":12,"6":8,"7":34,"8":13,"9":34,"10":12,"11":12,"12":6,"13":12,"14":6,"15":6,"16":3,"17":6,"18":6,"19":1,"20":12},"f":{"0":12,"1":13,"2":12,"3":6,"4":6,"5":3,"6":1},"b":{"0":[12,1],"1":[12,8],"2":[8],"3":[1],"4":[6,4]}}
,"/Users/samrenfrew/Documents/Work/dx-lib/src/modules/debounce.ts": {"path":"/Users/samrenfrew/Documents/Work/dx-lib/src/modules/debounce.ts","statementMap":{"0":{"start":{"line":13,"column":13},"end":{"line":13,"column":24}},"1":{"start":{"line":13,"column":24},"end":{"line":21,"column":null}},"2":{"start":{"line":15,"column":2},"end":{"line":20,"column":null}},"3":{"start":{"line":16,"column":4},"end":{"line":16,"column":null}},"4":{"start":{"line":17,"column":4},"end":{"line":19,"column":null}},"5":{"start":{"line":18,"column":6},"end":{"line":18,"column":null}}},"fnMap":{"0":{"name":"(anonymous_1)","decl":{"start":{"line":13,"column":24},"end":{"line":13,"column":25}},"loc":{"start":{"line":13,"column":64},"end":{"line":21,"column":null}}},"1":{"name":"(anonymous_2)","decl":{"start":{"line":15,"column":9},"end":{"line":15,"column":10}},"loc":{"start":{"line":15,"column":13},"end":{"line":20,"column":null}}},"2":{"name":"(anonymous_3)","decl":{"start":{"line":17,"column":23},"end":{"line":17,"column":null}},"loc":{"start":{"line":17,"column":23},"end":{"line":19,"column":7}}}},"branchMap":{"0":{"loc":{"start":{"line":13,"column":53},"end":{"line":13,"column":64}},"type":"default-arg","locations":[{"start":{"line":13,"column":61},"end":{"line":13,"column":64}}]}},"s":{"0":18,"1":34,"2":18,"3":6,"4":6,"5":6},"f":{"0":18,"1":6,"2":6},"b":{"0":[1]}}
,"/Users/samrenfrew/Documents/Work/dx-lib/src/modules/docReady.ts": {"path":"/Users/samrenfrew/Documents/Work/dx-lib/src/modules/docReady.ts","statementMap":{"0":{"start":{"line":14,"column":13},"end":{"line":14,"column":24}},"1":{"start":{"line":14,"column":24},"end":{"line":27,"column":null}},"2":{"start":{"line":15,"column":17},"end":{"line":15,"column":null}},"3":{"start":{"line":16,"column":2},"end":{"line":16,"column":null}},"4":{"start":{"line":16,"column":42},"end":{"line":16,"column":null}},"5":{"start":{"line":17,"column":2},"end":{"line":25,"column":null}},"6":{"start":{"line":18,"column":4},"end":{"line":18,"column":null}},"7":{"start":{"line":18,"column":33},"end":{"line":18,"column":null}},"8":{"start":{"line":19,"column":4},"end":{"line":19,"column":null}},"9":{"start":{"line":20,"column":4},"end":{"line":23,"column":null}},"10":{"start":{"line":21,"column":6},"end":{"line":23,"column":null}},"11":{"start":{"line":22,"column":8},"end":{"line":22,"column":null}},"12":{"start":{"line":26,"column":2},"end":{"line":26,"column":null}}},"fnMap":{"0":{"name":"(anonymous_1)","decl":{"start":{"line":14,"column":24},"end":{"line":14,"column":31}},"loc":{"start":{"line":14,"column":62},"end":{"line":27,"column":null}}},"1":{"name":"(anonymous_2)","decl":{"start":{"line":20,"column":22},"end":{"line":20,"column":23}},"loc":{"start":{"line":21,"column":6},"end":{"line":23,"column":null}}},"2":{"name":"(anonymous_3)","decl":{"start":{"line":21,"column":17},"end":{"line":21,"column":null}},"loc":{"start":{"line":21,"column":17},"end":{"line":23,"column":9}}}},"branchMap":{"0":{"loc":{"start":{"line":14,"column":31},"end":{"line":14,"column":47}},"type":"default-arg","locations":[{"start":{"line":14,"column":45},"end":{"line":14,"column":47}}]},"1":{"loc":{"start":{"line":14,"column":49},"end":{"line":14,"column":62}},"type":"default-arg","locations":[{"start":{"line":14,"column":59},"end":{"line":14,"column":62}}]},"2":{"loc":{"start":{"line":16,"column":2},"end":{"line":16,"column":null}},"type":"if","locations":[{"start":{"line":16,"column":2},"end":{"line":16,"column":null}}]},"3":{"loc":{"start":{"line":18,"column":4},"end":{"line":18,"column":null}},"type":"if","locations":[{"start":{"line":18,"column":4},"end":{"line":18,"column":null}}]}},"s":{"0":5,"1":34,"2":5,"3":5,"4":1,"5":4,"6":18,"7":3,"8":15,"9":15,"10":15,"11":15,"12":1},"f":{"0":5,"1":15,"2":15},"b":{"0":[2],"1":[5],"2":[1],"3":[3]}}
,"/Users/samrenfrew/Documents/Work/dx-lib/src/modules/elementInView.ts": {"path":"/Users/samrenfrew/Documents/Work/dx-lib/src/modules/elementInView.ts","statementMap":{"0":{"start":{"line":13,"column":13},"end":{"line":13,"column":29}},"1":{"start":{"line":13,"column":29},"end":{"line":41,"column":null}},"2":{"start":{"line":15,"column":2},"end":{"line":15,"column":null}},"3":{"start":{"line":15,"column":16},"end":{"line":15,"column":null}},"4":{"start":{"line":16,"column":2},"end":{"line":16,"column":null}},"5":{"start":{"line":16,"column":41},"end":{"line":16,"column":null}},"6":{"start":{"line":17,"column":2},"end":{"line":17,"column":null}},"7":{"start":{"line":17,"column":36},"end":{"line":17,"column":null}},"8":{"start":{"line":18,"column":2},"end":{"line":18,"column":null}},"9":{"start":{"line":19,"column":34},"end":{"line":19,"column":null}},"10":{"start":{"line":22,"column":2},"end":{"line":24,"column":null}},"11":{"start":{"line":23,"column":4},"end":{"line":23,"column":null}},"12":{"start":{"line":27,"column":26},"end":{"line":27,"column":null}},"13":{"start":{"line":29,"column":23},"end":{"line":29,"column":63}},"14":{"start":{"line":31,"column":26},"end":{"line":31,"column":95}},"15":{"start":{"line":34,"column":2},"end":{"line":37,"column":null}},"16":{"start":{"line":36,"column":4},"end":{"line":36,"column":null}},"17":{"start":{"line":40,"column":2},"end":{"line":40,"column":null}}},"fnMap":{"0":{"name":"(anonymous_1)","decl":{"start":{"line":13,"column":29},"end":{"line":13,"column":30}},"loc":{"start":{"line":13,"column":66},"end":{"line":41,"column":null}}}},"branchMap":{"0":{"loc":{"start":{"line":13,"column":52},"end":{"line":13,"column":66}},"type":"default-arg","locations":[{"start":{"line":13,"column":62},"end":{"line":13,"column":66}}]},"1":{"loc":{"start":{"line":15,"column":2},"end":{"line":15,"column":null}},"type":"if","locations":[{"start":{"line":15,"column":2},"end":{"line":15,"column":null}}]},"2":{"loc":{"start":{"line":16,"column":2},"end":{"line":16,"column":null}},"type":"if","locations":[{"start":{"line":16,"column":2},"end":{"line":16,"column":null}}]},"3":{"loc":{"start":{"line":17,"column":2},"end":{"line":17,"column":null}},"type":"if","locations":[{"start":{"line":17,"column":2},"end":{"line":17,"column":null}}]},"4":{"loc":{"start":{"line":22,"column":2},"end":{"line":24,"column":null}},"type":"if","locations":[{"start":{"line":22,"column":2},"end":{"line":24,"column":null}}]},"5":{"loc":{"start":{"line":22,"column":6},"end":{"line":22,"column":46}},"type":"binary-expr","locations":[{"start":{"line":22,"column":6},"end":{"line":22,"column":18}},{"start":{"line":22,"column":18},"end":{"line":22,"column":46}}]},"6":{"loc":{"start":{"line":27,"column":26},"end":{"line":27,"column":null}},"type":"binary-expr","locations":[{"start":{"line":27,"column":26},"end":{"line":27,"column":37}},{"start":{"line":27,"column":37},"end":{"line":27,"column":null}}]},"7":{"loc":{"start":{"line":29,"column":23},"end":{"line":29,"column":63}},"type":"binary-expr","locations":[{"start":{"line":29,"column":23},"end":{"line":29,"column":35}},{"start":{"line":29,"column":35},"end":{"line":29,"column":63}}]},"8":{"loc":{"start":{"line":31,"column":26},"end":{"line":31,"column":95}},"type":"binary-expr","locations":[{"start":{"line":31,"column":26},"end":{"line":31,"column":53}},{"start":{"line":31,"column":57},"end":{"line":31,"column":68}},{"start":{"line":31,"column":68},"end":{"line":31,"column":95}}]},"9":{"loc":{"start":{"line":34,"column":2},"end":{"line":37,"column":null}},"type":"if","locations":[{"start":{"line":34,"column":2},"end":{"line":37,"column":null}}]},"10":{"loc":{"start":{"line":34,"column":6},"end":{"line":34,"column":58}},"type":"binary-expr","locations":[{"start":{"line":34,"column":6},"end":{"line":34,"column":25}},{"start":{"line":34,"column":25},"end":{"line":34,"column":41}},{"start":{"line":34,"column":41},"end":{"line":34,"column":58}}]}},"s":{"0":15,"1":34,"2":15,"3":1,"4":14,"5":1,"6":13,"7":1,"8":12,"9":12,"10":12,"11":1,"12":11,"13":11,"14":11,"15":11,"16":10,"17":1},"f":{"0":15},"b":{"0":[6],"1":[1],"2":[1],"3":[1],"4":[1],"5":[12,5],"6":[11,7],"7":[11,4],"8":[11,3,3],"9":[10],"10":[11,5,1]}}
,"/Users/samrenfrew/Documents/Work/dx-lib/src/modules/elementReady.ts": {"path":"/Users/samrenfrew/Documents/Work/dx-lib/src/modules/elementReady.ts","statementMap":{"0":{"start":{"line":130,"column":13},"end":{"line":130,"column":28}},"1":{"start":{"line":1,"column":36},"end":{"line":1,"column":null}},"2":{"start":{"line":2,"column":105},"end":{"line":2,"column":null}},"3":{"start":{"line":4,"column":24},"end":{"line":4,"column":null}},"4":{"start":{"line":59,"column":24},"end":{"line":62,"column":null}},"5":{"start":{"line":60,"column":2},"end":{"line":60,"column":null}},"6":{"start":{"line":61,"column":2},"end":{"line":61,"column":null}},"7":{"start":{"line":68,"column":23},"end":{"line":73,"column":null}},"8":{"start":{"line":69,"column":2},"end":{"line":72,"column":null}},"9":{"start":{"line":80,"column":20},"end":{"line":82,"column":null}},"10":{"start":{"line":81,"column":2},"end":{"line":81,"column":null}},"11":{"start":{"line":130,"column":28},"end":{"line":416,"column":null}},"12":{"start":{"line":136,"column":14},"end":{"line":139,"column":null}},"13":{"start":{"line":137,"column":4},"end":{"line":137,"column":null}},"14":{"start":{"line":137,"column":31},"end":{"line":137,"column":null}},"15":{"start":{"line":138,"column":4},"end":{"line":138,"column":null}},"16":{"start":{"line":147,"column":24},"end":{"line":189,"column":null}},"17":{"start":{"line":149,"column":4},"end":{"line":152,"column":null}},"18":{"start":{"line":150,"column":6},"end":{"line":150,"column":null}},"19":{"start":{"line":151,"column":6},"end":{"line":151,"column":null}},"20":{"start":{"line":153,"column":4},"end":{"line":156,"column":null}},"21":{"start":{"line":154,"column":6},"end":{"line":154,"column":null}},"22":{"start":{"line":155,"column":6},"end":{"line":155,"column":null}},"23":{"start":{"line":157,"column":4},"end":{"line":160,"column":null}},"24":{"start":{"line":158,"column":6},"end":{"line":158,"column":null}},"25":{"start":{"line":159,"column":6},"end":{"line":159,"column":null}},"26":{"start":{"line":163,"column":4},"end":{"line":166,"column":null}},"27":{"start":{"line":164,"column":6},"end":{"line":164,"column":null}},"28":{"start":{"line":165,"column":6},"end":{"line":165,"column":null}},"29":{"start":{"line":167,"column":4},"end":{"line":170,"column":null}},"30":{"start":{"line":168,"column":6},"end":{"line":168,"column":null}},"31":{"start":{"line":169,"column":6},"end":{"line":169,"column":null}},"32":{"start":{"line":173,"column":4},"end":{"line":176,"column":null}},"33":{"start":{"line":174,"column":6},"end":{"line":174,"column":null}},"34":{"start":{"line":175,"column":6},"end":{"line":175,"column":null}},"35":{"start":{"line":177,"column":4},"end":{"line":180,"column":null}},"36":{"start":{"line":178,"column":6},"end":{"line":178,"column":null}},"37":{"start":{"line":179,"column":6},"end":{"line":179,"column":null}},"38":{"start":{"line":183,"column":4},"end":{"line":186,"column":null}},"39":{"start":{"line":184,"column":6},"end":{"line":184,"column":null}},"40":{"start":{"line":185,"column":6},"end":{"line":185,"column":null}},"41":{"start":{"line":188,"column":4},"end":{"line":188,"column":null}},"42":{"start":{"line":199,"column":26},"end":{"line":208,"column":null}},"43":{"start":{"line":201,"column":4},"end":{"line":206,"column":null}},"44":{"start":{"line":202,"column":6},"end":{"line":205,"column":null}},"45":{"start":{"line":203,"column":8},"end":{"line":203,"column":null}},"46":{"start":{"line":204,"column":8},"end":{"line":204,"column":null}},"47":{"start":{"line":207,"column":4},"end":{"line":207,"column":null}},"48":{"start":{"line":220,"column":23},"end":{"line":238,"column":null}},"49":{"start":{"line":222,"column":4},"end":{"line":225,"column":null}},"50":{"start":{"line":223,"column":6},"end":{"line":223,"column":null}},"51":{"start":{"line":224,"column":6},"end":{"line":224,"column":null}},"52":{"start":{"line":228,"column":4},"end":{"line":228,"column":null}},"53":{"start":{"line":228,"column":34},"end":{"line":228,"column":null}},"54":{"start":{"line":231,"column":4},"end":{"line":231,"column":null}},"55":{"start":{"line":232,"column":4},"end":{"line":232,"column":null}},"56":{"start":{"line":236,"column":4},"end":{"line":236,"column":null}},"57":{"start":{"line":237,"column":4},"end":{"line":237,"column":null}},"58":{"start":{"line":244,"column":27},"end":{"line":250,"column":null}},"59":{"start":{"line":245,"column":4},"end":{"line":245,"column":null}},"60":{"start":{"line":246,"column":21},"end":{"line":246,"column":null}},"61":{"start":{"line":247,"column":4},"end":{"line":249,"column":null}},"62":{"start":{"line":248,"column":6},"end":{"line":248,"column":null}},"63":{"start":{"line":256,"column":23},"end":{"line":298,"column":null}},"64":{"start":{"line":258,"column":4},"end":{"line":258,"column":null}},"65":{"start":{"line":260,"column":4},"end":{"line":263,"column":null}},"66":{"start":{"line":261,"column":6},"end":{"line":261,"column":null}},"67":{"start":{"line":262,"column":6},"end":{"line":262,"column":null}},"68":{"start":{"line":265,"column":4},"end":{"line":265,"column":null}},"69":{"start":{"line":267,"column":4},"end":{"line":297,"column":null}},"70":{"start":{"line":269,"column":21},"end":{"line":269,"column":null}},"71":{"start":{"line":271,"column":43},"end":{"line":271,"column":null}},"72":{"start":{"line":273,"column":49},"end":{"line":289,"column":null}},"73":{"start":{"line":274,"column":8},"end":{"line":288,"column":null}},"74":{"start":{"line":276,"column":10},"end":{"line":276,"column":null}},"75":{"start":{"line":276,"column":47},"end":{"line":276,"column":null}},"76":{"start":{"line":277,"column":10},"end":{"line":287,"column":null}},"77":{"start":{"line":279,"column":12},"end":{"line":279,"column":null}},"78":{"start":{"line":279,"column":37},"end":{"line":279,"column":null}},"79":{"start":{"line":282,"column":12},"end":{"line":286,"column":null}},"80":{"start":{"line":283,"column":14},"end":{"line":285,"column":null}},"81":{"start":{"line":284,"column":16},"end":{"line":284,"column":null}},"82":{"start":{"line":292,"column":6},"end":{"line":292,"column":null}},"83":{"start":{"line":294,"column":6},"end":{"line":294,"column":null}},"84":{"start":{"line":296,"column":6},"end":{"line":296,"column":null}},"85":{"start":{"line":301,"column":28},"end":{"line":337,"column":null}},"86":{"start":{"line":302,"column":4},"end":{"line":336,"column":null}},"87":{"start":{"line":303,"column":6},"end":{"line":303,"column":null}},"88":{"start":{"line":306,"column":26},"end":{"line":306,"column":null}},"89":{"start":{"line":306,"column":89},"end":{"line":306,"column":null}},"90":{"start":{"line":307,"column":6},"end":{"line":311,"column":null}},"91":{"start":{"line":308,"column":8},"end":{"line":308,"column":null}},"92":{"start":{"line":309,"column":8},"end":{"line":309,"column":null}},"93":{"start":{"line":314,"column":6},"end":{"line":314,"column":null}},"94":{"start":{"line":317,"column":6},"end":{"line":328,"column":null}},"95":{"start":{"line":321,"column":10},"end":{"line":323,"column":null}},"96":{"start":{"line":322,"column":12},"end":{"line":322,"column":null}},"97":{"start":{"line":326,"column":10},"end":{"line":326,"column":null}},"98":{"start":{"line":330,"column":6},"end":{"line":330,"column":null}},"99":{"start":{"line":333,"column":6},"end":{"line":333,"column":null}},"100":{"start":{"line":335,"column":6},"end":{"line":335,"column":null}},"101":{"start":{"line":345,"column":16},"end":{"line":357,"column":null}},"102":{"start":{"line":346,"column":4},"end":{"line":346,"column":null}},"103":{"start":{"line":346,"column":36},"end":{"line":346,"column":null}},"104":{"start":{"line":348,"column":4},"end":{"line":356,"column":null}},"105":{"start":{"line":350,"column":6},"end":{"line":350,"column":null}},"106":{"start":{"line":350,"column":37},"end":{"line":350,"column":null}},"107":{"start":{"line":352,"column":6},"end":{"line":352,"column":null}},"108":{"start":{"line":353,"column":6},"end":{"line":353,"column":null}},"109":{"start":{"line":353,"column":71},"end":{"line":353,"column":null}},"110":{"start":{"line":355,"column":6},"end":{"line":355,"column":null}},"111":{"start":{"line":360,"column":25},"end":{"line":365,"column":null}},"112":{"start":{"line":361,"column":4},"end":{"line":361,"column":null}},"113":{"start":{"line":361,"column":49},"end":{"line":361,"column":null}},"114":{"start":{"line":362,"column":4},"end":{"line":363,"column":null}},"115":{"start":{"line":363,"column":14},"end":{"line":363,"column":null}},"116":{"start":{"line":373,"column":18},"end":{"line":401,"column":null}},"117":{"start":{"line":374,"column":4},"end":{"line":374,"column":null}},"118":{"start":{"line":374,"column":36},"end":{"line":374,"column":null}},"119":{"start":{"line":376,"column":4},"end":{"line":400,"column":null}},"120":{"start":{"line":378,"column":6},"end":{"line":378,"column":null}},"121":{"start":{"line":378,"column":37},"end":{"line":378,"column":null}},"122":{"start":{"line":380,"column":6},"end":{"line":380,"column":null}},"123":{"start":{"line":381,"column":6},"end":{"line":381,"column":null}},"124":{"start":{"line":383,"column":6},"end":{"line":397,"column":null}},"125":{"start":{"line":385,"column":8},"end":{"line":385,"column":null}},"126":{"start":{"line":385,"column":25},"end":{"line":385,"column":null}},"127":{"start":{"line":387,"column":8},"end":{"line":387,"column":null}},"128":{"start":{"line":387,"column":38},"end":{"line":387,"column":null}},"129":{"start":{"line":390,"column":8},"end":{"line":390,"column":null}},"130":{"start":{"line":390,"column":46},"end":{"line":390,"column":null}},"131":{"start":{"line":393,"column":8},"end":{"line":396,"column":null}},"132":{"start":{"line":394,"column":10},"end":{"line":394,"column":null}},"133":{"start":{"line":399,"column":6},"end":{"line":399,"column":null}},"134":{"start":{"line":404,"column":15},"end":{"line":407,"column":null}},"135":{"start":{"line":405,"column":25},"end":{"line":405,"column":null}},"136":{"start":{"line":406,"column":4},"end":{"line":406,"column":null}},"137":{"start":{"line":406,"column":22},"end":{"line":406,"column":null}},"138":{"start":{"line":408,"column":2},"end":{"line":408,"column":null}},"139":{"start":{"line":411,"column":2},"end":{"line":415,"column":null}}},"fnMap":{"0":{"name":"(anonymous_1)","decl":{"start":{"line":59,"column":24},"end":{"line":59,"column":null}},"loc":{"start":{"line":59,"column":24},"end":{"line":62,"column":null}}},"1":{"name":"(anonymous_2)","decl":{"start":{"line":68,"column":23},"end":{"line":68,"column":null}},"loc":{"start":{"line":68,"column":23},"end":{"line":73,"column":null}}},"2":{"name":"(anonymous_3)","decl":{"start":{"line":80,"column":20},"end":{"line":80,"column":null}},"loc":{"start":{"line":80,"column":20},"end":{"line":82,"column":null}}},"3":{"name":"(anonymous_4)","decl":{"start":{"line":130,"column":28},"end":{"line":130,"column":null}},"loc":{"start":{"line":134,"column":2},"end":{"line":416,"column":null}}},"4":{"name":"(anonymous_5)","decl":{"start":{"line":136,"column":14},"end":{"line":136,"column":15}},"loc":{"start":{"line":136,"column":67},"end":{"line":139,"column":null}}},"5":{"name":"(anonymous_6)","decl":{"start":{"line":147,"column":24},"end":{"line":147,"column":null}},"loc":{"start":{"line":147,"column":24},"end":{"line":189,"column":null}}},"6":{"name":"(anonymous_7)","decl":{"start":{"line":199,"column":26},"end":{"line":199,"column":27}},"loc":{"start":{"line":199,"column":27},"end":{"line":208,"column":null}}},"7":{"name":"(anonymous_8)","decl":{"start":{"line":220,"column":23},"end":{"line":220,"column":24}},"loc":{"start":{"line":220,"column":24},"end":{"line":238,"column":null}}},"8":{"name":"(anonymous_9)","decl":{"start":{"line":244,"column":27},"end":{"line":244,"column":null}},"loc":{"start":{"line":244,"column":27},"end":{"line":250,"column":null}}},"9":{"name":"(anonymous_10)","decl":{"start":{"line":247,"column":21},"end":{"line":247,"column":22}},"loc":{"start":{"line":247,"column":22},"end":{"line":249,"column":null}}},"10":{"name":"(anonymous_11)","decl":{"start":{"line":256,"column":23},"end":{"line":256,"column":null}},"loc":{"start":{"line":256,"column":23},"end":{"line":298,"column":null}}},"11":{"name":"(anonymous_12)","decl":{"start":{"line":273,"column":49},"end":{"line":273,"column":50}},"loc":{"start":{"line":273,"column":50},"end":{"line":289,"column":null}}},"12":{"name":"(anonymous_13)","decl":{"start":{"line":274,"column":26},"end":{"line":274,"column":27}},"loc":{"start":{"line":274,"column":27},"end":{"line":288,"column":null}}},"13":{"name":"(anonymous_14)","decl":{"start":{"line":277,"column":38},"end":{"line":277,"column":39}},"loc":{"start":{"line":277,"column":39},"end":{"line":287,"column":null}}},"14":{"name":"(anonymous_15)","decl":{"start":{"line":282,"column":44},"end":{"line":282,"column":45}},"loc":{"start":{"line":282,"column":45},"end":{"line":286,"column":null}}},"15":{"name":"(anonymous_16)","decl":{"start":{"line":301,"column":28},"end":{"line":301,"column":null}},"loc":{"start":{"line":301,"column":28},"end":{"line":337,"column":null}}},"16":{"name":"(anonymous_17)","decl":{"start":{"line":306,"column":81},"end":{"line":306,"column":82}},"loc":{"start":{"line":306,"column":89},"end":{"line":306,"column":null}}},"17":{"name":"(anonymous_18)","decl":{"start":{"line":319,"column":18},"end":{"line":319,"column":19}},"loc":{"start":{"line":319,"column":19},"end":{"line":327,"column":null}}},"18":{"name":"(anonymous_19)","decl":{"start":{"line":345,"column":16},"end":{"line":345,"column":23}},"loc":{"start":{"line":345,"column":41},"end":{"line":357,"column":null}}},"19":{"name":"(anonymous_20)","decl":{"start":{"line":350,"column":24},"end":{"line":350,"column":25}},"loc":{"start":{"line":350,"column":37},"end":{"line":350,"column":null}}},"20":{"name":"(anonymous_21)","decl":{"start":{"line":353,"column":63},"end":{"line":353,"column":64}},"loc":{"start":{"line":353,"column":71},"end":{"line":353,"column":null}}},"21":{"name":"(anonymous_22)","decl":{"start":{"line":360,"column":25},"end":{"line":360,"column":null}},"loc":{"start":{"line":360,"column":25},"end":{"line":365,"column":null}}},"22":{"name":"(anonymous_23)","decl":{"start":{"line":363,"column":6},"end":{"line":363,"column":7}},"loc":{"start":{"line":363,"column":14},"end":{"line":363,"column":null}}},"23":{"name":"(anonymous_24)","decl":{"start":{"line":373,"column":18},"end":{"line":373,"column":25}},"loc":{"start":{"line":373,"column":43},"end":{"line":401,"column":null}}},"24":{"name":"(anonymous_25)","decl":{"start":{"line":378,"column":24},"end":{"line":378,"column":25}},"loc":{"start":{"line":378,"column":37},"end":{"line":378,"column":null}}},"25":{"name":"(anonymous_26)","decl":{"start":{"line":383,"column":50},"end":{"line":383,"column":51}},"loc":{"start":{"line":383,"column":51},"end":{"line":397,"column":null}}},"26":{"name":"(anonymous_27)","decl":{"start":{"line":390,"column":39},"end":{"line":390,"column":40}},"loc":{"start":{"line":390,"column":46},"end":{"line":390,"column":null}}},"27":{"name":"(anonymous_28)","decl":{"start":{"line":404,"column":15},"end":{"line":404,"column":null}},"loc":{"start":{"line":404,"column":15},"end":{"line":407,"column":null}}}},"branchMap":{"0":{"loc":{"start":{"line":60,"column":17},"end":{"line":60,"column":null}},"type":"binary-expr","locations":[{"start":{"line":60,"column":17},"end":{"line":60,"column":29}},{"start":{"line":60,"column":33},"end":{"line":60,"column":null}}]},"1":{"loc":{"start":{"line":61,"column":30},"end":{"line":61,"column":null}},"type":"binary-expr","locations":[{"start":{"line":61,"column":30},"end":{"line":61,"column":55}},{"start":{"line":61,"column":59},"end":{"line":61,"column":null}}]},"2":{"loc":{"start":{"line":136,"column":43},"end":{"line":136,"column":65}},"type":"default-arg","locations":[{"start":{"line":136,"column":60},"end":{"line":136,"column":65}}]},"3":{"loc":{"start":{"line":137,"column":4},"end":{"line":137,"column":null}},"type":"if","locations":[{"start":{"line":137,"column":4},"end":{"line":137,"column":null}}]},"4":{"loc":{"start":{"line":137,"column":8},"end":{"line":137,"column":31}},"type":"binary-expr","locations":[{"start":{"line":137,"column":8},"end":{"line":137,"column":19}},{"start":{"line":137,"column":19},"end":{"line":137,"column":31}}]},"5":{"loc":{"start":{"line":149,"column":4},"end":{"line":152,"column":null}},"type":"if","locations":[{"start":{"line":149,"column":4},"end":{"line":152,"column":null}}]},"6":{"loc":{"start":{"line":153,"column":4},"end":{"line":156,"column":null}},"type":"if","locations":[{"start":{"line":153,"column":4},"end":{"line":156,"column":null}}]},"7":{"loc":{"start":{"line":157,"column":4},"end":{"line":160,"column":null}},"type":"if","locations":[{"start":{"line":157,"column":4},"end":{"line":160,"column":null}}]},"8":{"loc":{"start":{"line":163,"column":4},"end":{"line":166,"column":null}},"type":"if","locations":[{"start":{"line":163,"column":4},"end":{"line":166,"column":null}}]},"9":{"loc":{"start":{"line":167,"column":4},"end":{"line":170,"column":null}},"type":"if","locations":[{"start":{"line":167,"column":4},"end":{"line":170,"column":null}}]},"10":{"loc":{"start":{"line":173,"column":4},"end":{"line":176,"column":null}},"type":"if","locations":[{"start":{"line":173,"column":4},"end":{"line":176,"column":null}}]},"11":{"loc":{"start":{"line":177,"column":4},"end":{"line":180,"column":null}},"type":"if","locations":[{"start":{"line":177,"column":4},"end":{"line":180,"column":null}}]},"12":{"loc":{"start":{"line":183,"column":4},"end":{"line":186,"column":null}},"type":"if","locations":[{"start":{"line":183,"column":4},"end":{"line":186,"column":null}}]},"13":{"loc":{"start":{"line":183,"column":8},"end":{"line":183,"column":47}},"type":"binary-expr","locations":[{"start":{"line":183,"column":8},"end":{"line":183,"column":22}},{"start":{"line":183,"column":22},"end":{"line":183,"column":47}}]},"14":{"loc":{"start":{"line":201,"column":4},"end":{"line":206,"column":null}},"type":"if","locations":[{"start":{"line":201,"column":4},"end":{"line":206,"column":null}}]},"15":{"loc":{"start":{"line":201,"column":8},"end":{"line":201,"column":57}},"type":"binary-expr","locations":[{"start":{"line":201,"column":8},"end":{"line":201,"column":24}},{"start":{"line":201,"column":24},"end":{"line":201,"column":57}}]},"16":{"loc":{"start":{"line":202,"column":6},"end":{"line":205,"column":null}},"type":"if","locations":[{"start":{"line":202,"column":6},"end":{"line":205,"column":null}}]},"17":{"loc":{"start":{"line":222,"column":4},"end":{"line":225,"column":null}},"type":"if","locations":[{"start":{"line":222,"column":4},"end":{"line":225,"column":null}}]},"18":{"loc":{"start":{"line":228,"column":4},"end":{"line":228,"column":null}},"type":"if","locations":[{"start":{"line":228,"column":4},"end":{"line":228,"column":null}}]},"19":{"loc":{"start":{"line":231,"column":21},"end":{"line":231,"column":41}},"type":"binary-expr","locations":[{"start":{"line":231,"column":21},"end":{"line":231,"column":35}},{"start":{"line":231,"column":39},"end":{"line":231,"column":41}}]},"20":{"loc":{"start":{"line":260,"column":4},"end":{"line":263,"column":null}},"type":"if","locations":[{"start":{"line":260,"column":4},"end":{"line":263,"column":null}}]},"21":{"loc":{"start":{"line":276,"column":10},"end":{"line":276,"column":null}},"type":"if","locations":[{"start":{"line":276,"column":10},"end":{"line":276,"column":null}}]},"22":{"loc":{"start":{"line":279,"column":12},"end":{"line":279,"column":null}},"type":"if","locations":[{"start":{"line":279,"column":12},"end":{"line":279,"column":null}}]},"23":{"loc":{"start":{"line":283,"column":14},"end":{"line":285,"column":null}},"type":"if","locations":[{"start":{"line":283,"column":14},"end":{"line":285,"column":null}}]},"24":{"loc":{"start":{"line":283,"column":18},"end":{"line":283,"column":68}},"type":"binary-expr","locations":[{"start":{"line":283,"column":18},"end":{"line":283,"column":45}},{"start":{"line":283,"column":45},"end":{"line":283,"column":68}}]},"25":{"loc":{"start":{"line":307,"column":6},"end":{"line":311,"column":null}},"type":"if","locations":[{"start":{"line":307,"column":6},"end":{"line":311,"column":null}}]},"26":{"loc":{"start":{"line":321,"column":10},"end":{"line":323,"column":null}},"type":"if","locations":[{"start":{"line":321,"column":10},"end":{"line":323,"column":null}}]},"27":{"loc":{"start":{"line":321,"column":14},"end":{"line":321,"column":76}},"type":"binary-expr","locations":[{"start":{"line":321,"column":14},"end":{"line":321,"column":43}},{"start":{"line":321,"column":43},"end":{"line":321,"column":76}}]},"28":{"loc":{"start":{"line":345,"column":23},"end":{"line":345,"column":41}},"type":"default-arg","locations":[{"start":{"line":345,"column":39},"end":{"line":345,"column":41}}]},"29":{"loc":{"start":{"line":346,"column":4},"end":{"line":346,"column":null}},"type":"if","locations":[{"start":{"line":346,"column":4},"end":{"line":346,"column":null}}]},"30":{"loc":{"start":{"line":361,"column":4},"end":{"line":361,"column":null}},"type":"if","locations":[{"start":{"line":361,"column":4},"end":{"line":361,"column":null}}]},"31":{"loc":{"start":{"line":373,"column":25},"end":{"line":373,"column":43}},"type":"default-arg","locations":[{"start":{"line":373,"column":41},"end":{"line":373,"column":43}}]},"32":{"loc":{"start":{"line":374,"column":4},"end":{"line":374,"column":null}},"type":"if","locations":[{"start":{"line":374,"column":4},"end":{"line":374,"column":null}}]},"33":{"loc":{"start":{"line":385,"column":8},"end":{"line":385,"column":null}},"type":"if","locations":[{"start":{"line":385,"column":8},"end":{"line":385,"column":null}}]},"34":{"loc":{"start":{"line":387,"column":8},"end":{"line":387,"column":null}},"type":"if","locations":[{"start":{"line":387,"column":8},"end":{"line":387,"column":null}}]},"35":{"loc":{"start":{"line":393,"column":8},"end":{"line":396,"column":null}},"type":"if","locations":[{"start":{"line":393,"column":8},"end":{"line":396,"column":null}}]},"36":{"loc":{"start":{"line":406,"column":4},"end":{"line":406,"column":null}},"type":"if","locations":[{"start":{"line":406,"column":4},"end":{"line":406,"column":null}}]}},"s":{"0":21,"1":35,"2":35,"3":35,"4":35,"5":15,"6":15,"7":35,"8":12,"9":35,"10":54,"11":35,"12":21,"13":97,"14":73,"15":24,"16":21,"17":22,"18":1,"19":1,"20":21,"21":1,"22":1,"23":20,"24":1,"25":1,"26":19,"27":1,"28":1,"29":18,"30":0,"31":0,"32":18,"33":1,"34":1,"35":17,"36":0,"37":0,"38":17,"39":1,"40":1,"41":16,"42":21,"43":18,"44":4,"45":2,"46":2,"47":16,"48":21,"49":21,"50":3,"51":3,"52":18,"53":2,"54":16,"55":16,"56":16,"57":16,"58":21,"59":21,"60":21,"61":21,"62":21,"63":21,"64":15,"65":15,"66":3,"67":3,"68":12,"69":12,"70":12,"71":12,"72":12,"73":6,"74":10,"75":2,"76":8,"77":8,"78":0,"79":8,"80":6,"81":6,"82":12,"83":12,"84":0,"85":21,"86":16,"87":16,"88":16,"89":3,"90":16,"91":1,"92":1,"93":15,"94":15,"95":6,"96":0,"97":6,"98":15,"99":15,"100":0,"101":21,"102":1,"103":0,"104":1,"105":1,"106":1,"107":1,"108":1,"109":1,"110":0,"111":21,"112":1,"113":0,"114":1,"115":1,"116":21,"117":1,"118":0,"119":1,"120":1,"121":1,"122":1,"123":1,"124":1,"125":0,"126":0,"127":0,"128":0,"129":0,"130":0,"131":0,"132":0,"133":0,"134":21,"135":22,"136":16,"137":16,"138":21,"139":15},"f":{"0":15,"1":12,"2":54,"3":21,"4":97,"5":22,"6":18,"7":21,"8":21,"9":21,"10":15,"11":6,"12":10,"13":8,"14":6,"15":16,"16":3,"17":6,"18":1,"19":1,"20":1,"21":1,"22":1,"23":1,"24":1,"25":0,"26":0,"27":22},"b":{"0":[15,0],"1":[15,0],"2":[24],"3":[73],"4":[97,73],"5":[1],"6":[1],"7":[1],"8":[1],"9":[0],"10":[1],"11":[0],"12":[1],"13":[17,4],"14":[4],"15":[18,4],"16":[2],"17":[3],"18":[2],"19":[16,15],"20":[3],"21":[2],"22":[0],"23":[6],"24":[6,6],"25":[1],"26":[0],"27":[6,0],"28":[1],"29":[0],"30":[0],"31":[1],"32":[0],"33":[0],"34":[0],"35":[0],"36":[16]}}
,"/Users/samrenfrew/Documents/Work/dx-lib/src/modules/elementRemoved.ts": {"path":"/Users/samrenfrew/Documents/Work/dx-lib/src/modules/elementRemoved.ts","statementMap":{"0":{"start":{"line":112,"column":13},"end":{"line":112,"column":30}},"1":{"start":{"line":1,"column":36},"end":{"line":1,"column":null}},"2":{"start":{"line":2,"column":105},"end":{"line":2,"column":null}},"3":{"start":{"line":4,"column":24},"end":{"line":4,"column":null}},"4":{"start":{"line":48,"column":24},"end":{"line":51,"column":null}},"5":{"start":{"line":49,"column":2},"end":{"line":49,"column":null}},"6":{"start":{"line":50,"column":2},"end":{"line":50,"column":null}},"7":{"start":{"line":57,"column":23},"end":{"line":62,"column":null}},"8":{"start":{"line":58,"column":2},"end":{"line":61,"column":null}},"9":{"start":{"line":69,"column":20},"end":{"line":71,"column":null}},"10":{"start":{"line":70,"column":2},"end":{"line":70,"column":null}},"11":{"start":{"line":112,"column":30},"end":{"line":305,"column":null}},"12":{"start":{"line":118,"column":14},"end":{"line":121,"column":null}},"13":{"start":{"line":119,"column":4},"end":{"line":119,"column":null}},"14":{"start":{"line":119,"column":31},"end":{"line":119,"column":null}},"15":{"start":{"line":120,"column":4},"end":{"line":120,"column":null}},"16":{"start":{"line":129,"column":24},"end":{"line":171,"column":null}},"17":{"start":{"line":131,"column":4},"end":{"line":134,"column":null}},"18":{"start":{"line":132,"column":6},"end":{"line":132,"column":null}},"19":{"start":{"line":133,"column":6},"end":{"line":133,"column":null}},"20":{"start":{"line":135,"column":4},"end":{"line":138,"column":null}},"21":{"start":{"line":136,"column":6},"end":{"line":136,"column":null}},"22":{"start":{"line":137,"column":6},"end":{"line":137,"column":null}},"23":{"start":{"line":139,"column":4},"end":{"line":142,"column":null}},"24":{"start":{"line":140,"column":6},"end":{"line":140,"column":null}},"25":{"start":{"line":141,"column":6},"end":{"line":141,"column":null}},"26":{"start":{"line":145,"column":4},"end":{"line":148,"column":null}},"27":{"start":{"line":146,"column":6},"end":{"line":146,"column":null}},"28":{"start":{"line":147,"column":6},"end":{"line":147,"column":null}},"29":{"start":{"line":149,"column":4},"end":{"line":152,"column":null}},"30":{"start":{"line":150,"column":6},"end":{"line":150,"column":null}},"31":{"start":{"line":151,"column":6},"end":{"line":151,"column":null}},"32":{"start":{"line":155,"column":4},"end":{"line":158,"column":null}},"33":{"start":{"line":156,"column":6},"end":{"line":156,"column":null}},"34":{"start":{"line":157,"column":6},"end":{"line":157,"column":null}},"35":{"start":{"line":159,"column":4},"end":{"line":162,"column":null}},"36":{"start":{"line":160,"column":6},"end":{"line":160,"column":null}},"37":{"start":{"line":161,"column":6},"end":{"line":161,"column":null}},"38":{"start":{"line":165,"column":4},"end":{"line":168,"column":null}},"39":{"start":{"line":166,"column":6},"end":{"line":166,"column":null}},"40":{"start":{"line":167,"column":6},"end":{"line":167,"column":null}},"41":{"start":{"line":170,"column":4},"end":{"line":170,"column":null}},"42":{"start":{"line":181,"column":26},"end":{"line":191,"column":null}},"43":{"start":{"line":183,"column":4},"end":{"line":188,"column":null}},"44":{"start":{"line":184,"column":6},"end":{"line":187,"column":null}},"45":{"start":{"line":185,"column":8},"end":{"line":185,"column":null}},"46":{"start":{"line":186,"column":8},"end":{"line":186,"column":null}},"47":{"start":{"line":190,"column":4},"end":{"line":190,"column":null}},"48":{"start":{"line":197,"column":23},"end":{"line":237,"column":null}},"49":{"start":{"line":199,"column":4},"end":{"line":199,"column":null}},"50":{"start":{"line":201,"column":4},"end":{"line":204,"column":null}},"51":{"start":{"line":202,"column":6},"end":{"line":202,"column":null}},"52":{"start":{"line":203,"column":6},"end":{"line":203,"column":null}},"53":{"start":{"line":206,"column":4},"end":{"line":206,"column":null}},"54":{"start":{"line":208,"column":4},"end":{"line":236,"column":null}},"55":{"start":{"line":210,"column":21},"end":{"line":210,"column":null}},"56":{"start":{"line":212,"column":43},"end":{"line":212,"column":null}},"57":{"start":{"line":214,"column":49},"end":{"line":228,"column":null}},"58":{"start":{"line":215,"column":8},"end":{"line":227,"column":null}},"59":{"start":{"line":217,"column":10},"end":{"line":217,"column":null}},"60":{"start":{"line":217,"column":49},"end":{"line":217,"column":null}},"61":{"start":{"line":218,"column":10},"end":{"line":226,"column":null}},"62":{"start":{"line":220,"column":12},"end":{"line":220,"column":null}},"63":{"start":{"line":220,"column":37},"end":{"line":220,"column":null}},"64":{"start":{"line":223,"column":12},"end":{"line":225,"column":null}},"65":{"start":{"line":224,"column":14},"end":{"line":224,"column":null}},"66":{"start":{"line":224,"column":68},"end":{"line":224,"column":null}},"67":{"start":{"line":231,"column":6},"end":{"line":231,"column":null}},"68":{"start":{"line":233,"column":6},"end":{"line":233,"column":null}},"69":{"start":{"line":235,"column":6},"end":{"line":235,"column":null}},"70":{"start":{"line":240,"column":28},"end":{"line":271,"column":null}},"71":{"start":{"line":241,"column":4},"end":{"line":241,"column":null}},"72":{"start":{"line":244,"column":24},"end":{"line":244,"column":null}},"73":{"start":{"line":244,"column":89},"end":{"line":244,"column":null}},"74":{"start":{"line":245,"column":4},"end":{"line":248,"column":null}},"75":{"start":{"line":246,"column":6},"end":{"line":246,"column":null}},"76":{"start":{"line":247,"column":6},"end":{"line":247,"column":null}},"77":{"start":{"line":250,"column":4},"end":{"line":250,"column":null}},"78":{"start":{"line":253,"column":4},"end":{"line":253,"column":null}},"79":{"start":{"line":256,"column":4},"end":{"line":270,"column":null}},"80":{"start":{"line":260,"column":8},"end":{"line":262,"column":null}},"81":{"start":{"line":261,"column":10},"end":{"line":261,"column":null}},"82":{"start":{"line":264,"column":8},"end":{"line":264,"column":null}},"83":{"start":{"line":264,"column":38},"end":{"line":264,"column":null}},"84":{"start":{"line":267,"column":8},"end":{"line":267,"column":null}},"85":{"start":{"line":268,"column":8},"end":{"line":268,"column":null}},"86":{"start":{"line":279,"column":18},"end":{"line":291,"column":null}},"87":{"start":{"line":280,"column":4},"end":{"line":280,"column":null}},"88":{"start":{"line":280,"column":36},"end":{"line":280,"column":null}},"89":{"start":{"line":282,"column":4},"end":{"line":290,"column":null}},"90":{"start":{"line":284,"column":6},"end":{"line":284,"column":null}},"91":{"start":{"line":284,"column":37},"end":{"line":284,"column":null}},"92":{"start":{"line":286,"column":6},"end":{"line":286,"column":null}},"93":{"start":{"line":287,"column":6},"end":{"line":287,"column":null}},"94":{"start":{"line":287,"column":71},"end":{"line":287,"column":null}},"95":{"start":{"line":289,"column":6},"end":{"line":289,"column":null}},"96":{"start":{"line":294,"column":15},"end":{"line":297,"column":null}},"97":{"start":{"line":295,"column":25},"end":{"line":295,"column":null}},"98":{"start":{"line":296,"column":4},"end":{"line":296,"column":null}},"99":{"start":{"line":296,"column":22},"end":{"line":296,"column":null}},"100":{"start":{"line":298,"column":2},"end":{"line":298,"column":null}},"101":{"start":{"line":301,"column":2},"end":{"line":304,"column":null}}},"fnMap":{"0":{"name":"(anonymous_1)","decl":{"start":{"line":48,"column":24},"end":{"line":48,"column":null}},"loc":{"start":{"line":48,"column":24},"end":{"line":51,"column":null}}},"1":{"name":"(anonymous_2)","decl":{"start":{"line":57,"column":23},"end":{"line":57,"column":null}},"loc":{"start":{"line":57,"column":23},"end":{"line":62,"column":null}}},"2":{"name":"(anonymous_3)","decl":{"start":{"line":69,"column":20},"end":{"line":69,"column":null}},"loc":{"start":{"line":69,"column":20},"end":{"line":71,"column":null}}},"3":{"name":"(anonymous_4)","decl":{"start":{"line":112,"column":30},"end":{"line":112,"column":null}},"loc":{"start":{"line":116,"column":2},"end":{"line":305,"column":null}}},"4":{"name":"(anonymous_5)","decl":{"start":{"line":118,"column":14},"end":{"line":118,"column":15}},"loc":{"start":{"line":118,"column":67},"end":{"line":121,"column":null}}},"5":{"name":"(anonymous_6)","decl":{"start":{"line":129,"column":24},"end":{"line":129,"column":null}},"loc":{"start":{"line":129,"column":24},"end":{"line":171,"column":null}}},"6":{"name":"(anonymous_7)","decl":{"start":{"line":181,"column":26},"end":{"line":181,"column":27}},"loc":{"start":{"line":181,"column":27},"end":{"line":191,"column":null}}},"7":{"name":"(anonymous_8)","decl":{"start":{"line":197,"column":23},"end":{"line":197,"column":null}},"loc":{"start":{"line":197,"column":23},"end":{"line":237,"column":null}}},"8":{"name":"(anonymous_9)","decl":{"start":{"line":214,"column":49},"end":{"line":214,"column":50}},"loc":{"start":{"line":214,"column":50},"end":{"line":228,"column":null}}},"9":{"name":"(anonymous_10)","decl":{"start":{"line":215,"column":26},"end":{"line":215,"column":27}},"loc":{"start":{"line":215,"column":27},"end":{"line":227,"column":null}}},"10":{"name":"(anonymous_11)","decl":{"start":{"line":218,"column":40},"end":{"line":218,"column":41}},"loc":{"start":{"line":218,"column":41},"end":{"line":226,"column":null}}},"11":{"name":"(anonymous_12)","decl":{"start":{"line":223,"column":44},"end":{"line":223,"column":45}},"loc":{"start":{"line":223,"column":45},"end":{"line":225,"column":null}}},"12":{"name":"(anonymous_13)","decl":{"start":{"line":240,"column":28},"end":{"line":240,"column":null}},"loc":{"start":{"line":240,"column":28},"end":{"line":271,"column":null}}},"13":{"name":"(anonymous_14)","decl":{"start":{"line":244,"column":81},"end":{"line":244,"column":82}},"loc":{"start":{"line":244,"column":89},"end":{"line":244,"column":null}}},"14":{"name":"(anonymous_15)","decl":{"start":{"line":258,"column":16},"end":{"line":258,"column":17}},"loc":{"start":{"line":258,"column":17},"end":{"line":269,"column":null}}},"15":{"name":"(anonymous_16)","decl":{"start":{"line":279,"column":18},"end":{"line":279,"column":25}},"loc":{"start":{"line":279,"column":43},"end":{"line":291,"column":null}}},"16":{"name":"(anonymous_17)","decl":{"start":{"line":284,"column":24},"end":{"line":284,"column":25}},"loc":{"start":{"line":284,"column":37},"end":{"line":284,"column":null}}},"17":{"name":"(anonymous_18)","decl":{"start":{"line":287,"column":63},"end":{"line":287,"column":64}},"loc":{"start":{"line":287,"column":71},"end":{"line":287,"column":null}}},"18":{"name":"(anonymous_19)","decl":{"start":{"line":294,"column":15},"end":{"line":294,"column":null}},"loc":{"start":{"line":294,"column":15},"end":{"line":297,"column":null}}}},"branchMap":{"0":{"loc":{"start":{"line":49,"column":17},"end":{"line":49,"column":null}},"type":"binary-expr","locations":[{"start":{"line":49,"column":17},"end":{"line":49,"column":29}},{"start":{"line":49,"column":33},"end":{"line":49,"column":null}}]},"1":{"loc":{"start":{"line":50,"column":32},"end":{"line":50,"column":null}},"type":"binary-expr","locations":[{"start":{"line":50,"column":32},"end":{"line":50,"column":59}},{"start":{"line":50,"column":63},"end":{"line":50,"column":null}}]},"2":{"loc":{"start":{"line":118,"column":43},"end":{"line":118,"column":65}},"type":"default-arg","locations":[{"start":{"line":118,"column":60},"end":{"line":118,"column":65}}]},"3":{"loc":{"start":{"line":119,"column":4},"end":{"line":119,"column":null}},"type":"if","locations":[{"start":{"line":119,"column":4},"end":{"line":119,"column":null}}]},"4":{"loc":{"start":{"line":119,"column":8},"end":{"line":119,"column":31}},"type":"binary-expr","locations":[{"start":{"line":119,"column":8},"end":{"line":119,"column":19}},{"start":{"line":119,"column":19},"end":{"line":119,"column":31}}]},"5":{"loc":{"start":{"line":131,"column":4},"end":{"line":134,"column":null}},"type":"if","locations":[{"start":{"line":131,"column":4},"end":{"line":134,"column":null}}]},"6":{"loc":{"start":{"line":135,"column":4},"end":{"line":138,"column":null}},"type":"if","locations":[{"start":{"line":135,"column":4},"end":{"line":138,"column":null}}]},"7":{"loc":{"start":{"line":139,"column":4},"end":{"line":142,"column":null}},"type":"if","locations":[{"start":{"line":139,"column":4},"end":{"line":142,"column":null}}]},"8":{"loc":{"start":{"line":145,"column":4},"end":{"line":148,"column":null}},"type":"if","locations":[{"start":{"line":145,"column":4},"end":{"line":148,"column":null}}]},"9":{"loc":{"start":{"line":149,"column":4},"end":{"line":152,"column":null}},"type":"if","locations":[{"start":{"line":149,"column":4},"end":{"line":152,"column":null}}]},"10":{"loc":{"start":{"line":155,"column":4},"end":{"line":158,"column":null}},"type":"if","locations":[{"start":{"line":155,"column":4},"end":{"line":158,"column":null}}]},"11":{"loc":{"start":{"line":159,"column":4},"end":{"line":162,"column":null}},"type":"if","locations":[{"start":{"line":159,"column":4},"end":{"line":162,"column":null}}]},"12":{"loc":{"start":{"line":165,"column":4},"end":{"line":168,"column":null}},"type":"if","locations":[{"start":{"line":165,"column":4},"end":{"line":168,"column":null}}]},"13":{"loc":{"start":{"line":165,"column":8},"end":{"line":165,"column":47}},"type":"binary-expr","locations":[{"start":{"line":165,"column":8},"end":{"line":165,"column":22}},{"start":{"line":165,"column":22},"end":{"line":165,"column":47}}]},"14":{"loc":{"start":{"line":183,"column":4},"end":{"line":188,"column":null}},"type":"if","locations":[{"start":{"line":183,"column":4},"end":{"line":188,"column":null}}]},"15":{"loc":{"start":{"line":183,"column":8},"end":{"line":183,"column":57}},"type":"binary-expr","locations":[{"start":{"line":183,"column":8},"end":{"line":183,"column":24}},{"start":{"line":183,"column":24},"end":{"line":183,"column":57}}]},"16":{"loc":{"start":{"line":184,"column":6},"end":{"line":187,"column":null}},"type":"if","locations":[{"start":{"line":184,"column":6},"end":{"line":187,"column":null}}]},"17":{"loc":{"start":{"line":201,"column":4},"end":{"line":204,"column":null}},"type":"if","locations":[{"start":{"line":201,"column":4},"end":{"line":204,"column":null}}]},"18":{"loc":{"start":{"line":217,"column":10},"end":{"line":217,"column":null}},"type":"if","locations":[{"start":{"line":217,"column":10},"end":{"line":217,"column":null}}]},"19":{"loc":{"start":{"line":220,"column":12},"end":{"line":220,"column":null}},"type":"if","locations":[{"start":{"line":220,"column":12},"end":{"line":220,"column":null}}]},"20":{"loc":{"start":{"line":224,"column":14},"end":{"line":224,"column":null}},"type":"if","locations":[{"start":{"line":224,"column":14},"end":{"line":224,"column":null}}]},"21":{"loc":{"start":{"line":224,"column":18},"end":{"line":224,"column":68}},"type":"binary-expr","locations":[{"start":{"line":224,"column":18},"end":{"line":224,"column":45}},{"start":{"line":224,"column":45},"end":{"line":224,"column":68}}]},"22":{"loc":{"start":{"line":245,"column":4},"end":{"line":248,"column":null}},"type":"if","locations":[{"start":{"line":245,"column":4},"end":{"line":248,"column":null}}]},"23":{"loc":{"start":{"line":260,"column":8},"end":{"line":262,"column":null}},"type":"if","locations":[{"start":{"line":260,"column":8},"end":{"line":262,"column":null}}]},"24":{"loc":{"start":{"line":260,"column":12},"end":{"line":260,"column":74}},"type":"binary-expr","locations":[{"start":{"line":260,"column":12},"end":{"line":260,"column":41}},{"start":{"line":260,"column":41},"end":{"line":260,"column":74}}]},"25":{"loc":{"start":{"line":264,"column":8},"end":{"line":264,"column":null}},"type":"if","locations":[{"start":{"line":264,"column":8},"end":{"line":264,"column":null}}]},"26":{"loc":{"start":{"line":279,"column":25},"end":{"line":279,"column":43}},"type":"default-arg","locations":[{"start":{"line":279,"column":41},"end":{"line":279,"column":43}}]},"27":{"loc":{"start":{"line":280,"column":4},"end":{"line":280,"column":null}},"type":"if","locations":[{"start":{"line":280,"column":4},"end":{"line":280,"column":null}}]},"28":{"loc":{"start":{"line":296,"column":4},"end":{"line":296,"column":null}},"type":"if","locations":[{"start":{"line":296,"column":4},"end":{"line":296,"column":null}}]}},"s":{"0":12,"1":35,"2":35,"3":35,"4":35,"5":7,"6":7,"7":35,"8":6,"9":35,"10":35,"11":35,"12":12,"13":37,"14":22,"15":15,"16":12,"17":13,"18":1,"19":1,"20":12,"21":1,"22":1,"23":11,"24":1,"25":1,"26":10,"27":1,"28":1,"29":9,"30":0,"31":0,"32":9,"33":1,"34":1,"35":8,"36":0,"37":0,"38":8,"39":1,"40":1,"41":7,"42":12,"43":8,"44":2,"45":1,"46":1,"47":7,"48":12,"49":7,"50":7,"51":1,"52":1,"53":6,"54":6,"55":6,"56":6,"57":6,"58":6,"59":10,"60":1,"61":9,"62":9,"63":0,"64":9,"65":8,"66":8,"67":6,"68":6,"69":0,"70":12,"71":7,"72":7,"73":0,"74":7,"75":0,"76":0,"77":7,"78":7,"79":7,"80":8,"81":0,"82":8,"83":1,"84":7,"85":7,"86":12,"87":2,"88":0,"89":2,"90":2,"91":2,"92":2,"93":2,"94":2,"95":0,"96":12,"97":13,"98":7,"99":7,"100":12,"101":6},"f":{"0":7,"1":6,"2":35,"3":12,"4":37,"5":13,"6":8,"7":7,"8":6,"9":10,"10":9,"11":8,"12":7,"13":0,"14":8,"15":2,"16":2,"17":2,"18":13},"b":{"0":[7,0],"1":[7,0],"2":[15],"3":[22],"4":[37,22],"5":[1],"6":[1],"7":[1],"8":[1],"9":[0],"10":[1],"11":[0],"12":[1],"13":[8,2],"14":[2],"15":[8,2],"16":[1],"17":[1],"18":[1],"19":[0],"20":[8],"21":[8,8],"22":[0],"23":[0],"24":[8,1],"25":[1],"26":[2],"27":[0],"28":[7]}}
,"/Users/samrenfrew/Documents/Work/dx-lib/src/modules/elementUpdated.ts": {"path":"/Users/samrenfrew/Documents/Work/dx-lib/src/modules/elementUpdated.ts","statementMap":{"0":{"start":{"line":138,"column":13},"end":{"line":138,"column":30}},"1":{"start":{"line":1,"column":36},"end":{"line":1,"column":null}},"2":{"start":{"line":12,"column":7},"end":{"line":12,"column":null}},"3":{"start":{"line":14,"column":24},"end":{"line":14,"column":null}},"4":{"start":{"line":73,"column":24},"end":{"line":76,"column":null}},"5":{"start":{"line":74,"column":2},"end":{"line":74,"column":null}},"6":{"start":{"line":75,"column":2},"end":{"line":75,"column":null}},"7":{"start":{"line":82,"column":23},"end":{"line":87,"column":null}},"8":{"start":{"line":83,"column":2},"end":{"line":86,"column":null}},"9":{"start":{"line":94,"column":20},"end":{"line":96,"column":null}},"10":{"start":{"line":95,"column":2},"end":{"line":95,"column":null}},"11":{"start":{"line":138,"column":30},"end":{"line":415,"column":null}},"12":{"start":{"line":145,"column":14},"end":{"line":148,"column":null}},"13":{"start":{"line":146,"column":4},"end":{"line":146,"column":null}},"14":{"start":{"line":146,"column":31},"end":{"line":146,"column":null}},"15":{"start":{"line":147,"column":4},"end":{"line":147,"column":null}},"16":{"start":{"line":156,"column":24},"end":{"line":223,"column":null}},"17":{"start":{"line":158,"column":4},"end":{"line":161,"column":null}},"18":{"start":{"line":159,"column":6},"end":{"line":159,"column":null}},"19":{"start":{"line":160,"column":6},"end":{"line":160,"column":null}},"20":{"start":{"line":162,"column":4},"end":{"line":165,"column":null}},"21":{"start":{"line":163,"column":6},"end":{"line":163,"column":null}},"22":{"start":{"line":164,"column":6},"end":{"line":164,"column":null}},"23":{"start":{"line":166,"column":4},"end":{"line":169,"column":null}},"24":{"start":{"line":167,"column":6},"end":{"line":167,"column":null}},"25":{"start":{"line":168,"column":6},"end":{"line":168,"column":null}},"26":{"start":{"line":172,"column":4},"end":{"line":175,"column":null}},"27":{"start":{"line":173,"column":6},"end":{"line":173,"column":null}},"28":{"start":{"line":174,"column":6},"end":{"line":174,"column":null}},"29":{"start":{"line":176,"column":4},"end":{"line":179,"column":null}},"30":{"start":{"line":177,"column":6},"end":{"line":177,"column":null}},"31":{"start":{"line":178,"column":6},"end":{"line":178,"column":null}},"32":{"start":{"line":182,"column":4},"end":{"line":185,"column":null}},"33":{"start":{"line":183,"column":6},"end":{"line":183,"column":null}},"34":{"start":{"line":184,"column":6},"end":{"line":184,"column":null}},"35":{"start":{"line":186,"column":4},"end":{"line":189,"column":null}},"36":{"start":{"line":187,"column":6},"end":{"line":187,"column":null}},"37":{"start":{"line":188,"column":6},"end":{"line":188,"column":null}},"38":{"start":{"line":192,"column":4},"end":{"line":195,"column":null}},"39":{"start":{"line":193,"column":6},"end":{"line":193,"column":null}},"40":{"start":{"line":194,"column":6},"end":{"line":194,"column":null}},"41":{"start":{"line":196,"column":4},"end":{"line":199,"column":null}},"42":{"start":{"line":197,"column":6},"end":{"line":197,"column":null}},"43":{"start":{"line":198,"column":6},"end":{"line":198,"column":null}},"44":{"start":{"line":200,"column":4},"end":{"line":203,"column":null}},"45":{"start":{"line":201,"column":6},"end":{"line":201,"column":null}},"46":{"start":{"line":202,"column":6},"end":{"line":202,"column":null}},"47":{"start":{"line":204,"column":4},"end":{"line":214,"column":null}},"48":{"start":{"line":205,"column":6},"end":{"line":208,"column":null}},"49":{"start":{"line":206,"column":8},"end":{"line":206,"column":null}},"50":{"start":{"line":207,"column":8},"end":{"line":207,"column":null}},"51":{"start":{"line":209,"column":6},"end":{"line":209,"column":null}},"52":{"start":{"line":209,"column":45},"end":{"line":209,"column":null}},"53":{"start":{"line":210,"column":6},"end":{"line":213,"column":null}},"54":{"start":{"line":211,"column":8},"end":{"line":211,"column":null}},"55":{"start":{"line":212,"column":8},"end":{"line":212,"column":null}},"56":{"start":{"line":217,"column":4},"end":{"line":220,"column":null}},"57":{"start":{"line":218,"column":6},"end":{"line":218,"column":null}},"58":{"start":{"line":219,"column":6},"end":{"line":219,"column":null}},"59":{"start":{"line":222,"column":4},"end":{"line":222,"column":null}},"60":{"start":{"line":233,"column":26},"end":{"line":243,"column":null}},"61":{"start":{"line":235,"column":4},"end":{"line":240,"column":null}},"62":{"start":{"line":236,"column":6},"end":{"line":239,"column":null}},"63":{"start":{"line":237,"column":8},"end":{"line":237,"column":null}},"64":{"start":{"line":238,"column":8},"end":{"line":238,"column":null}},"65":{"start":{"line":242,"column":4},"end":{"line":242,"column":null}},"66":{"start":{"line":253,"column":24},"end":{"line":295,"column":null}},"67":{"start":{"line":255,"column":4},"end":{"line":268,"column":null}},"68":{"start":{"line":256,"column":6},"end":{"line":259,"column":null}},"69":{"start":{"line":257,"column":8},"end":{"line":257,"column":null}},"70":{"start":{"line":258,"column":8},"end":{"line":258,"column":null}},"71":{"start":{"line":261,"column":6},"end":{"line":264,"column":null}},"72":{"start":{"line":262,"column":8},"end":{"line":262,"column":null}},"73":{"start":{"line":263,"column":8},"end":{"line":263,"column":null}},"74":{"start":{"line":266,"column":6},"end":{"line":266,"column":null}},"75":{"start":{"line":267,"column":6},"end":{"line":267,"column":null}},"76":{"start":{"line":271,"column":4},"end":{"line":278,"column":null}},"77":{"start":{"line":272,"column":6},"end":{"line":275,"column":null}},"78":{"start":{"line":273,"column":8},"end":{"line":273,"column":null}},"79":{"start":{"line":274,"column":8},"end":{"line":274,"column":null}},"80":{"start":{"line":276,"column":6},"end":{"line":276,"column":null}},"81":{"start":{"line":277,"column":6},"end":{"line":277,"column":null}},"82":{"start":{"line":281,"column":4},"end":{"line":291,"column":null}},"83":{"start":{"line":284,"column":48},"end":{"line":284,"column":null}},"84":{"start":{"line":286,"column":6},"end":{"line":288,"column":null}},"85":{"start":{"line":287,"column":8},"end":{"line":287,"column":null}},"86":{"start":{"line":289,"column":6},"end":{"line":289,"column":null}},"87":{"start":{"line":290,"column":6},"end":{"line":290,"column":null}},"88":{"start":{"line":294,"column":4},"end":{"line":294,"column":null}},"89":{"start":{"line":301,"column":23},"end":{"line":340,"column":null}},"90":{"start":{"line":303,"column":4},"end":{"line":303,"column":null}},"91":{"start":{"line":305,"column":4},"end":{"line":308,"column":null}},"92":{"start":{"line":306,"column":6},"end":{"line":306,"column":null}},"93":{"start":{"line":307,"column":6},"end":{"line":307,"column":null}},"94":{"start":{"line":310,"column":4},"end":{"line":310,"column":null}},"95":{"start":{"line":312,"column":4},"end":{"line":339,"column":null}},"96":{"start":{"line":314,"column":21},"end":{"line":314,"column":null}},"97":{"start":{"line":317,"column":43},"end":{"line":322,"column":null}},"98":{"start":{"line":324,"column":49},"end":{"line":331,"column":null}},"99":{"start":{"line":325,"column":8},"end":{"line":330,"column":null}},"100":{"start":{"line":327,"column":10},"end":{"line":329,"column":null}},"101":{"start":{"line":328,"column":12},"end":{"line":328,"column":null}},"102":{"start":{"line":328,"column":41},"end":{"line":328,"column":null}},"103":{"start":{"line":334,"column":6},"end":{"line":334,"column":null}},"104":{"start":{"line":336,"column":6},"end":{"line":336,"column":null}},"105":{"start":{"line":338,"column":6},"end":{"line":338,"column":null}},"106":{"start":{"line":343,"column":28},"end":{"line":381,"column":null}},"107":{"start":{"line":344,"column":4},"end":{"line":344,"column":null}},"108":{"start":{"line":347,"column":24},"end":{"line":347,"column":null}},"109":{"start":{"line":347,"column":89},"end":{"line":347,"column":null}},"110":{"start":{"line":348,"column":4},"end":{"line":351,"column":null}},"111":{"start":{"line":349,"column":6},"end":{"line":349,"column":null}},"112":{"start":{"line":350,"column":6},"end":{"line":350,"column":null}},"113":{"start":{"line":353,"column":4},"end":{"line":353,"column":null}},"114":{"start":{"line":354,"column":4},"end":{"line":354,"column":null}},"115":{"start":{"line":357,"column":4},"end":{"line":357,"column":null}},"116":{"start":{"line":360,"column":4},"end":{"line":380,"column":null}},"117":{"start":{"line":364,"column":23},"end":{"line":364,"column":105}},"118":{"start":{"line":366,"column":8},"end":{"line":366,"column":null}},"119":{"start":{"line":366,"column":38},"end":{"line":366,"column":null}},"120":{"start":{"line":369,"column":8},"end":{"line":369,"column":null}},"121":{"start":{"line":369,"column":39},"end":{"line":369,"column":null}},"122":{"start":{"line":372,"column":8},"end":{"line":372,"column":null}},"123":{"start":{"line":372,"column":38},"end":{"line":372,"column":null}},"124":{"start":{"line":375,"column":8},"end":{"line":375,"column":null}},"125":{"start":{"line":375,"column":38},"end":{"line":375,"column":null}},"126":{"start":{"line":378,"column":8},"end":{"line":378,"column":null}},"127":{"start":{"line":389,"column":18},"end":{"line":401,"column":null}},"128":{"start":{"line":390,"column":4},"end":{"line":390,"column":null}},"129":{"start":{"line":390,"column":36},"end":{"line":390,"column":null}},"130":{"start":{"line":392,"column":4},"end":{"line":400,"column":null}},"131":{"start":{"line":394,"column":6},"end":{"line":394,"column":null}},"132":{"start":{"line":394,"column":37},"end":{"line":394,"column":null}},"133":{"start":{"line":396,"column":6},"end":{"line":396,"column":null}},"134":{"start":{"line":397,"column":6},"end":{"line":397,"column":null}},"135":{"start":{"line":397,"column":71},"end":{"line":397,"column":null}},"136":{"start":{"line":399,"column":6},"end":{"line":399,"column":null}},"137":{"start":{"line":404,"column":15},"end":{"line":407,"column":null}},"138":{"start":{"line":405,"column":25},"end":{"line":405,"column":null}},"139":{"start":{"line":406,"column":4},"end":{"line":406,"column":null}},"140":{"start":{"line":406,"column":22},"end":{"line":406,"column":null}},"141":{"start":{"line":408,"column":2},"end":{"line":408,"column":null}},"142":{"start":{"line":411,"column":2},"end":{"line":414,"column":null}}},"fnMap":{"0":{"name":"(anonymous_1)","decl":{"start":{"line":73,"column":24},"end":{"line":73,"column":null}},"loc":{"start":{"line":73,"column":24},"end":{"line":76,"column":null}}},"1":{"name":"(anonymous_2)","decl":{"start":{"line":82,"column":23},"end":{"line":82,"column":null}},"loc":{"start":{"line":82,"column":23},"end":{"line":87,"column":null}}},"2":{"name":"(anonymous_3)","decl":{"start":{"line":94,"column":20},"end":{"line":94,"column":null}},"loc":{"start":{"line":94,"column":20},"end":{"line":96,"column":null}}},"3":{"name":"(anonymous_4)","decl":{"start":{"line":138,"column":30},"end":{"line":138,"column":null}},"loc":{"start":{"line":143,"column":2},"end":{"line":415,"column":null}}},"4":{"name":"(anonymous_5)","decl":{"start":{"line":145,"column":14},"end":{"line":145,"column":15}},"loc":{"start":{"line":145,"column":67},"end":{"line":148,"column":null}}},"5":{"name":"(anonymous_6)","decl":{"start":{"line":156,"column":24},"end":{"line":156,"column":null}},"loc":{"start":{"line":156,"column":24},"end":{"line":223,"column":null}}},"6":{"name":"(anonymous_7)","decl":{"start":{"line":233,"column":26},"end":{"line":233,"column":27}},"loc":{"start":{"line":233,"column":27},"end":{"line":243,"column":null}}},"7":{"name":"(anonymous_8)","decl":{"start":{"line":253,"column":24},"end":{"line":253,"column":25}},"loc":{"start":{"line":253,"column":25},"end":{"line":
[...]
6,"column":4},"end":{"line":862,"column":null}}]},"77":{"loc":{"start":{"line":856,"column":8},"end":{"line":856,"column":100}},"type":"binary-expr","locations":[{"start":{"line":856,"column":8},"end":{"line":856,"column":30}},{"start":{"line":856,"column":30},"end":{"line":856,"column":100}}]},"78":{"loc":{"start":{"line":856,"column":32},"end":{"line":856,"column":96}},"type":"binary-expr","locations":[{"start":{"line":856,"column":32},"end":{"line":856,"column":64}},{"start":{"line":856,"column":64},"end":{"line":856,"column":96}}]},"79":{"loc":{"start":{"line":865,"column":4},"end":{"line":871,"column":null}},"type":"if","locations":[{"start":{"line":865,"column":4},"end":{"line":871,"column":null}}]},"80":{"loc":{"start":{"line":865,"column":8},"end":{"line":865,"column":64}},"type":"binary-expr","locations":[{"start":{"line":865,"column":8},"end":{"line":865,"column":27}},{"start":{"line":865,"column":27},"end":{"line":865,"column":64}}]},"81":{"loc":{"start":{"line":872,"column":4},"end":{"line":878,"column":null}},"type":"if","locations":[{"start":{"line":872,"column":4},"end":{"line":878,"column":null}}]},"82":{"loc":{"start":{"line":872,"column":8},"end":{"line":872,"column":70}},"type":"binary-expr","locations":[{"start":{"line":872,"column":8},"end":{"line":872,"column":30}},{"start":{"line":872,"column":30},"end":{"line":872,"column":70}}]},"83":{"loc":{"start":{"line":880,"column":4},"end":{"line":886,"column":null}},"type":"if","locations":[{"start":{"line":880,"column":4},"end":{"line":886,"column":null}}]},"84":{"loc":{"start":{"line":880,"column":8},"end":{"line":880,"column":47}},"type":"binary-expr","locations":[{"start":{"line":880,"column":8},"end":{"line":880,"column":23}},{"start":{"line":880,"column":23},"end":{"line":880,"column":47}}]},"85":{"loc":{"start":{"line":888,"column":4},"end":{"line":912,"column":null}},"type":"if","locations":[{"start":{"line":888,"column":4},"end":{"line":912,"column":null}}]},"86":{"loc":{"start":{"line":890,"column":6},"end":{"line":896,"column":null}},"type":"if","locations":[{"start":{"line":890,"column":6},"end":{"line":896,"column":null}}]},"87":{"loc":{"start":{"line":890,"column":10},"end":{"line":890,"column":97}},"type":"binary-expr","locations":[{"start":{"line":890,"column":10},"end":{"line":890,"column":32}},{"start":{"line":890,"column":32},"end":{"line":890,"column":65}},{"start":{"line":890,"column":65},"end":{"line":890,"column":97}}]},"88":{"loc":{"start":{"line":897,"column":6},"end":{"line":903,"column":null}},"type":"if","locations":[{"start":{"line":897,"column":6},"end":{"line":903,"column":null}}]},"89":{"loc":{"start":{"line":897,"column":10},"end":{"line":897,"column":59}},"type":"binary-expr","locations":[{"start":{"line":897,"column":10},"end":{"line":897,"column":27}},{"start":{"line":897,"column":31},"end":{"line":897,"column":59}}]},"90":{"loc":{"start":{"line":904,"column":6},"end":{"line":910,"column":null}},"type":"if","locations":[{"start":{"line":904,"column":6},"end":{"line":910,"column":null}}]},"91":{"loc":{"start":{"line":904,"column":10},"end":{"line":904,"column":59}},"type":"binary-expr","locations":[{"start":{"line":904,"column":10},"end":{"line":904,"column":27}},{"start":{"line":904,"column":31},"end":{"line":904,"column":59}}]},"92":{"loc":{"start":{"line":926,"column":6},"end":{"line":926,"column":null}},"type":"if","locations":[{"start":{"line":926,"column":6},"end":{"line":926,"column":null}}]},"93":{"loc":{"start":{"line":960,"column":6},"end":{"line":964,"column":null}},"type":"if","locations":[{"start":{"line":960,"column":6},"end":{"line":964,"column":null}}]},"94":{"loc":{"start":{"line":960,"column":10},"end":{"line":960,"column":72}},"type":"binary-expr","locations":[{"start":{"line":960,"column":10},"end":{"line":960,"column":42}},{"start":{"line":960,"column":42},"end":{"line":960,"column":72}}]},"95":{"loc":{"start":{"line":967,"column":6},"end":{"line":972,"column":null}},"type":"if","locations":[{"start":{"line":967,"column":6},"end":{"line":972,"column":null}}]},"96":{"loc":{"start":{"line":975,"column":6},"end":{"line":979,"column":null}},"type":"if","locations":[{"start":{"line":975,"column":6},"end":{"line":979,"column":null}}]},"97":{"loc":{"start":{"line":1005,"column":8},"end":{"line":1005,"column":null}},"type":"if","locations":[{"start":{"line":1005,"column":8},"end":{"line":1005,"column":null}}]},"98":{"loc":{"start":{"line":1005,"column":12},"end":{"line":1005,"column":46}},"type":"binary-expr","locations":[{"start":{"line":1005,"column":12},"end":{"line":1005,"column":17}},{"start":{"line":1005,"column":21},"end":{"line":1005,"column":46}}]},"99":{"loc":{"start":{"line":1007,"column":8},"end":{"line":1007,"column":null}},"type":"if","locations":[{"start":{"line":1007,"column":8},"end":{"line":1007,"column":null}}]},"100":{"loc":{"start":{"line":1013,"column":4},"end":{"line":1017,"column":null}},"type":"if","locations":[{"start":{"line":1013,"column":4},"end":{"line":1017,"column":null}}]},"101":{"loc":{"start":{"line":1037,"column":6},"end":{"line":1037,"column":null}},"type":"if","locations":[{"start":{"line":1037,"column":6},"end":{"line":1037,"column":null}}]},"102":{"loc":{"start":{"line":1040,"column":6},"end":{"line":1040,"column":null}},"type":"if","locations":[{"start":{"line":1040,"column":6},"end":{"line":1040,"column":null}}]},"103":{"loc":{"start":{"line":1058,"column":6},"end":{"line":1058,"column":null}},"type":"if","locations":[{"start":{"line":1058,"column":6},"end":{"line":1058,"column":null}}]},"104":{"loc":{"start":{"line":1065,"column":6},"end":{"line":1065,"column":null}},"type":"if","locations":[{"start":{"line":1065,"column":6},"end":{"line":1065,"column":null}}]},"105":{"loc":{"start":{"line":1075,"column":12},"end":{"line":1075,"column":null}},"type":"if","locations":[{"start":{"line":1075,"column":12},"end":{"line":1075,"column":null}}]},"106":{"loc":{"start":{"line":1078,"column":16},"end":{"line":1078,"column":null}},"type":"if","locations":[{"start":{"line":1078,"column":16},"end":{"line":1078,"column":null}}]},"107":{"loc":{"start":{"line":1081,"column":16},"end":{"line":1081,"column":null}},"type":"if","locations":[{"start":{"line":1081,"column":16},"end":{"line":1081,"column":null}}]},"108":{"loc":{"start":{"line":1086,"column":20},"end":{"line":1086,"column":null}},"type":"if","locations":[{"start":{"line":1086,"column":20},"end":{"line":1086,"column":null}}]},"109":{"loc":{"start":{"line":1087,"column":20},"end":{"line":1096,"column":null}},"type":"if","locations":[{"start":{"line":1087,"column":20},"end":{"line":1096,"column":null}}]},"110":{"loc":{"start":{"line":1089,"column":22},"end":{"line":1093,"column":null}},"type":"if","locations":[{"start":{"line":1089,"column":22},"end":{"line":1093,"column":null}}]},"111":{"loc":{"start":{"line":1103,"column":16},"end":{"line":1109,"column":null}},"type":"if","locations":[{"start":{"line":1103,"column":16},"end":{"line":1109,"column":null}}]},"112":{"loc":{"start":{"line":1137,"column":6},"end":{"line":1137,"column":null}},"type":"if","locations":[{"start":{"line":1137,"column":6},"end":{"line":1137,"column":null}}]},"113":{"loc":{"start":{"line":1167,"column":8},"end":{"line":1167,"column":null}},"type":"if","locations":[{"start":{"line":1167,"column":8},"end":{"line":1167,"column":null}}]}},"s":{"0":0,"1":0,"2":16,"3":34,"4":34,"5":34,"6":34,"7":34,"8":34,"9":34,"10":34,"11":34,"12":45,"13":34,"14":0,"15":34,"16":16,"17":0,"18":16,"19":137,"20":66,"21":71,"22":16,"23":16,"24":16,"25":1,"26":15,"27":15,"28":15,"29":15,"30":0,"31":15,"32":0,"33":0,"34":15,"35":15,"36":15,"37":0,"38":15,"39":15,"40":15,"41":0,"42":0,"43":0,"44":0,"45":0,"46":15,"47":15,"48":4,"49":15,"50":0,"51":15,"52":0,"53":15,"54":0,"55":15,"56":0,"57":15,"58":0,"59":15,"60":15,"61":15,"62":15,"63":15,"64":15,"65":15,"66":15,"67":15,"68":9,"69":9,"70":1,"71":9,"72":1,"73":9,"74":9,"75":9,"76":15,"77":15,"78":15,"79":1,"80":1,"81":16,"82":0,"83":16,"84":15,"85":15,"86":15,"87":0,"88":0,"89":0,"90":0,"91":0,"92":0,"93":0,"94":0,"95":0,"96":0,"97":0,"98":0,"99":0,"100":0,"101":0,"102":0,"103":0,"104":0,"105":0,"106":0,"107":16,"108":15,"109":15,"110":15,"111":0,"112":0,"113":0,"114":0,"115":0,"116":0,"117":0,"118":0,"119":0,"120":0,"121":0,"122":0,"123":0,"124":0,"125":16,"126":14,"127":14,"128":14,"129":14,"130":14,"131":1,"132":1,"133":0,"134":14,"135":0,"136":0,"137":0,"138":0,"139":14,"140":13,"141":1,"142":13,"143":13,"144":0,"145":0,"146":16,"147":13,"148":13,"149":13,"150":13,"151":13,"152":0,"153":0,"154":0,"155":0,"156":0,"157":0,"158":0,"159":0,"160":0,"161":0,"162":0,"163":0,"164":0,"165":0,"166":0,"167":0,"168":0,"169":0,"170":16,"171":16,"172":16,"173":10,"174":10,"175":1,"176":1,"177":1,"178":9,"179":1,"180":1,"181":1,"182":8,"183":14,"184":14,"185":1,"186":1,"187":1,"188":13,"189":13,"190":0,"191":0,"192":13,"193":13,"194":13,"195":0,"196":16,"197":7,"198":7,"199":7,"200":4,"201":16,"202":1,"203":1,"204":1,"205":16,"206":1,"207":1,"208":0,"209":0,"210":16,"211":15,"212":15,"213":0,"214":0,"215":15,"216":0,"217":0,"218":15,"219":0,"220":0,"221":0,"222":15,"223":0,"224":0,"225":15,"226":0,"227":0,"228":15,"229":0,"230":0,"231":0,"232":0,"233":0,"234":0,"235":0,"236":0,"237":0,"238":0,"239":0,"240":0,"241":0,"242":15,"243":0,"244":0,"245":15,"246":0,"247":0,"248":15,"249":0,"250":0,"251":15,"252":0,"253":0,"254":15,"255":0,"256":0,"257":15,"258":0,"259":0,"260":15,"261":9,"262":0,"263":0,"264":9,"265":0,"266":0,"267":9,"268":0,"269":0,"270":15,"271":16,"272":0,"273":0,"274":0,"275":0,"276":0,"277":0,"278":16,"279":0,"280":0,"281":0,"282":0,"283":16,"284":4,"285":4,"286":4,"287":1,"288":1,"289":1,"290":3,"291":1,"292":1,"293":1,"294":2,"295":2,"296":2,"297":0,"298":16,"299":16,"300":0,"301":0,"302":0,"303":0,"304":0,"305":0,"306":0,"307":0,"308":0,"309":0,"310":0,"311":0,"312":0,"313":0,"314":0,"315":16,"316":13,"317":13,"318":0,"319":13,"320":13,"321":0,"322":13,"323":13,"324":0,"325":16,"326":13,"327":13,"328":13,"329":13,"330":0,"331":0,"332":0,"333":0,"334":0,"335":0,"336":0,"337":0,"338":0,"339":0,"340":0,"341":0,"342":0,"343":0,"344":0,"345":0,"346":0,"347":0,"348":0,"349":0,"350":0,"351":0,"352":0,"353":0,"354":0,"355":0,"356":0,"357":0,"358":0,"359":0,"360":0,"361":0,"362":0,"363":0,"364":0,"365":0,"366":0,"367":0,"368":0,"369":16,"370":0,"371":0,"372":0,"373":0,"374":0,"375":0,"376":16,"377":7,"378":7,"379":7,"380":0,"381":0,"382":16,"383":16,"384":16,"385":15,"386":0,"387":15,"388":1},"f":{"0":45,"1":0,"2":16,"3":0,"4":137,"5":16,"6":0,"7":0,"8":15,"9":0,"10":0,"11":0,"12":15,"13":0,"14":14,"15":0,"16":13,"17":0,"18":0,"19":16,"20":7,"21":1,"22":1,"23":1,"24":15,"25":0,"26":0,"27":4,"28":0,"29":0,"30":0,"31":0,"32":13,"33":13,"34":0,"35":0,"36":0,"37":0,"38":0,"39":7,"40":0,"41":16},"b":{"0":[45,3],"1":[0,0,0,0,0,0],"2":[41],"3":[66],"4":[137,66],"5":[1],"6":[15,0],"7":[15,0],"8":[0,0],"9":[0],"10":[0,15],"11":[0],"12":[0,15],"13":[0,0],"14":[0],"15":[0,0],"16":[4],"17":[0],"18":[0],"19":[0],"20":[0],"21":[0],"22":[9],"23":[1],"24":[1],"25":[15,0],"26":[15],"27":[0],"28":[0],"29":[0],"30":[15,0],"31":[15],"32":[0,0],"33":[0],"34":[0,0,0],"35":[0,0],"36":[1],"37":[0],"38":[0],"39":[0],"40":[13],"41":[1],"42":[13],"43":[0],"44":[0],"45":[0,0],"46":[0],"47":[10],"48":[1],"49":[1],"50":[1],"51":[0],"52":[4],"53":[1,0],"54":[0],"55":[0],"56":[0],"57":[0],"58":[0],"59":[0],"60":[0],"61":[15,14,14,0],"62":[0],"63":[0],"64":[0,0,0],"65":[0],"66":[0,0],"67":[0],"68":[0,0],"69":[0],"70":[0,0],"71":[0],"72":[15,4],"73":[0],"74":[15,0],"75":[0,0],"76":[0],"77":[15,0],"78":[0,0],"79":[0],"80":[15,0],"81":[0],"82":[15,0],"83":[0],"84":[15,0],"85":[9],"86":[0],"87":[9,9,1],"88":[0],"89":[9,8],"90":[0],"91":[9,8],"92":[0],"93":[1],"94":[4,3],"95":[1],"96":[2],"97":[0],"98":[0,0],"99":[0],"100":[0],"101":[0],"102":[0],"103":[13],"104":[0],"105":[0],"106":[0],"107":[0],"108":[0],"109":[0],"110":[0],"111":[0],"112":[0],"113":[0]}}
,"/Users/samrenfrew/Documents/Work/dx-lib/src/modules/useSetTimeout.ts": {"path":"/Users/samrenfrew/Documents/Work/dx-lib/src/modules/useSetTimeout.ts","statementMap":{"0":{"start":{"line":50,"column":13},"end":{"line":50,"column":29}},"1":{"start":{"line":50,"column":29},"end":{"line":85,"column":null}},"2":{"start":{"line":51,"column":2},"end":{"line":51,"column":null}},"3":{"start":{"line":51,"column":37},"end":{"line":51,"column":null}},"4":{"start":{"line":52,"column":2},"end":{"line":52,"column":null}},"5":{"start":{"line":52,"column":47},"end":{"line":52,"column":null}},"6":{"start":{"line":53,"column":2},"end":{"line":53,"column":null}},"7":{"start":{"line":53,"column":37},"end":{"line":53,"column":null}},"8":{"start":{"line":55,"column":2},"end":{"line":55,"column":null}},"9":{"start":{"line":57,"column":25},"end":{"line":57,"column":null}},"10":{"start":{"line":57,"column":57},"end":{"line":57,"column":null}},"11":{"start":{"line":58,"column":2},"end":{"line":60,"column":null}},"12":{"start":{"line":59,"column":4},"end":{"line":59,"column":null}},"13":{"start":{"line":62,"column":16},"end":{"line":67,"column":null}},"14":{"start":{"line":64,"column":4},"end":{"line":64,"column":null}},"15":{"start":{"line":64,"column":57},"end":{"line":64,"column":null}},"16":{"start":{"line":66,"column":4},"end":{"line":66,"column":null}},"17":{"start":{"line":69,"column":21},"end":{"line":72,"column":null}},"18":{"start":{"line":70,"column":4},"end":{"line":70,"column":null}},"19":{"start":{"line":71,"column":4},"end":{"line":71,"column":null}},"20":{"start":{"line":71,"column":57},"end":{"line":71,"column":null}},"21":{"start":{"line":74,"column":19},"end":{"line":80,"column":null}},"22":{"start":{"line":82,"column":2},"end":{"line":82,"column":null}},"23":{"start":{"line":84,"column":2},"end":{"line":84,"column":null}}},"fnMap":{"0":{"name":"(anonymous_1)","decl":{"start":{"line":50,"column":29},"end":{"line":50,"column":30}},"loc":{"start":{"line":50,"column":68},"end":{"line":85,"column":null}}},"1":{"name":"(anonymous_2)","decl":{"start":{"line":57,"column":46},"end":{"line":57,"column":47}},"loc":{"start":{"line":57,"column":57},"end":{"line":57,"column":null}}},"2":{"name":"(anonymous_3)","decl":{"start":{"line":62,"column":27},"end":{"line":62,"column":null}},"loc":{"start":{"line":62,"column":27},"end":{"line":67,"column":5}}},"3":{"name":"(anonymous_4)","decl":{"start":{"line":64,"column":45},"end":{"line":64,"column":46}},"loc":{"start":{"line":64,"column":57},"end":{"line":64,"column":null}}},"4":{"name":"(anonymous_5)","decl":{"start":{"line":69,"column":21},"end":{"line":69,"column":null}},"loc":{"start":{"line":69,"column":21},"end":{"line":72,"column":null}}},"5":{"name":"(anonymous_6)","decl":{"start":{"line":71,"column":45},"end":{"line":71,"column":46}},"loc":{"start":{"line":71,"column":57},"end":{"line":71,"column":null}}}},"branchMap":{"0":{"loc":{"start":{"line":51,"column":2},"end":{"line":51,"column":null}},"type":"if","locations":[{"start":{"line":51,"column":2},"end":{"line":51,"column":null}}]},"1":{"loc":{"start":{"line":52,"column":2},"end":{"line":52,"column":null}},"type":"if","locations":[{"start":{"line":52,"column":2},"end":{"line":52,"column":null}}]},"2":{"loc":{"start":{"line":52,"column":6},"end":{"line":52,"column":47}},"type":"binary-expr","locations":[{"start":{"line":52,"column":6},"end":{"line":52,"column":18}},{"start":{"line":52,"column":18},"end":{"line":52,"column":47}}]},"3":{"loc":{"start":{"line":53,"column":2},"end":{"line":53,"column":null}},"type":"if","locations":[{"start":{"line":53,"column":2},"end":{"line":53,"column":null}}]},"4":{"loc":{"start":{"line":53,"column":6},"end":{"line":53,"column":37}},"type":"binary-expr","locations":[{"start":{"line":53,"column":6},"end":{"line":53,"column":13}},{"start":{"line":53,"column":13},"end":{"line":53,"column":37}}]},"5":{"loc":{"start":{"line":55,"column":20},"end":{"line":55,"column":41}},"type":"binary-expr","locations":[{"start":{"line":55,"column":20},"end":{"line":55,"column":35}},{"start":{"line":55,"column":39},"end":{"line":55,"column":41}}]},"6":{"loc":{"start":{"line":58,"column":2},"end":{"line":60,"column":null}},"type":"if","locations":[{"start":{"line":58,"column":2},"end":{"line":60,"column":null}}]}},"s":{"0":12,"1":35,"2":12,"3":2,"4":10,"5":2,"6":8,"7":2,"8":6,"9":6,"10":1,"11":6,"12":1,"13":6,"14":3,"15":3,"16":3,"17":6,"18":1,"19":1,"20":1,"21":6,"22":6,"23":6},"f":{"0":12,"1":1,"2":3,"3":3,"4":1,"5":1},"b":{"0":[2],"1":[2],"2":[10,9],"3":[2],"4":[8,7],"5":[6,5],"6":[1]}}
,"/Users/samrenfrew/Documents/Work/dx-lib/src/modules/waitFor.ts": {"path":"/Users/samrenfrew/Documents/Work/dx-lib/src/modules/waitFor.ts","statementMap":{"0":{"start":{"line":17,"column":13},"end":{"line":17,"column":23}},"1":{"start":{"line":17,"column":23},"end":{"line":38,"column":null}},"2":{"start":{"line":19,"column":14},"end":{"line":19,"column":null}},"3":{"start":{"line":20,"column":15},"end":{"line":20,"column":null}},"4":{"start":{"line":22,"column":2},"end":{"line":36,"column":null}},"5":{"start":{"line":24,"column":19},"end":{"line":24,"column":null}},"6":{"start":{"line":26,"column":4},"end":{"line":35,"column":null}},"7":{"start":{"line":28,"column":6},"end":{"line":28,"column":null}},"8":{"start":{"line":31,"column":6},"end":{"line":31,"column":null}},"9":{"start":{"line":31,"column":37},"end":{"line":31,"column":null}},"10":{"start":{"line":34,"column":6},"end":{"line":34,"column":null}},"11":{"start":{"line":37,"column":2},"end":{"line":37,"column":null}}},"fnMap":{"0":{"name":"(anonymous_1)","decl":{"start":{"line":17,"column":23},"end":{"line":17,"column":30}},"loc":{"start":{"line":17,"column":83},"end":{"line":38,"column":null}}},"1":{"name":"(anonymous_2)","decl":{"start":{"line":31,"column":24},"end":{"line":31,"column":25}},"loc":{"start":{"line":31,"column":37},"end":{"line":31,"column":null}}}},"branchMap":{"0":{"loc":{"start":{"line":17,"column":55},"end":{"line":17,"column":68}},"type":"default-arg","locations":[{"start":{"line":17,"column":66},"end":{"line":17,"column":68}}]},"1":{"loc":{"start":{"line":17,"column":70},"end":{"line":17,"column":83}},"type":"default-arg","locations":[{"start":{"line":17,"column":80},"end":{"line":17,"column":83}}]},"2":{"loc":{"start":{"line":26,"column":4},"end":{"line":35,"column":null}},"type":"if","locations":[{"start":{"line":26,"column":4},"end":{"line":35,"column":null}},{"start":{"line":32,"column":11},"end":{"line":35,"column":null}}]}},"s":{"0":22,"1":34,"2":22,"3":22,"4":22,"5":196,"6":196,"7":180,"8":180,"9":180,"10":16,"11":6},"f":{"0":22,"1":180},"b":{"0":[5],"1":[3],"2":[180,16]}}
,"/Users/samrenfrew/Documents/Work/dx-lib/src/modules/waitForElement.ts": {"path":"/Users/samrenfrew/Documents/Work/dx-lib/src/modules/waitForElement.ts","statementMap":{"0":{"start":{"line":16,"column":13},"end":{"line":16,"column":30}},"1":{"start":{"line":1,"column":24},"end":{"line":1,"column":null}},"2":{"start":{"line":16,"column":30},"end":{"line":19,"column":null}},"3":{"start":{"line":17,"column":14},"end":{"line":17,"column":null}},"4":{"start":{"line":17,"column":34},"end":{"line":17,"column":68}},"5":{"start":{"line":18,"column":2},"end":{"line":18,"column":null}}},"fnMap":{"0":{"name":"(anonymous_1)","decl":{"start":{"line":16,"column":30},"end":{"line":16,"column":37}},"loc":{"start":{"line":16,"column":83},"end":{"line":19,"column":null}}},"1":{"name":"(anonymous_2)","decl":{"start":{"line":17,"column":28},"end":{"line":17,"column":34}},"loc":{"start":{"line":17,"column":34},"end":{"line":17,"column":68}}}},"branchMap":{"0":{"loc":{"start":{"line":16,"column":55},"end":{"line":16,"column":68}},"type":"default-arg","locations":[{"start":{"line":16,"column":66},"end":{"line":16,"column":68}}]},"1":{"loc":{"start":{"line":16,"column":70},"end":{"line":16,"column":83}},"type":"default-arg","locations":[{"start":{"line":16,"column":80},"end":{"line":16,"column":83}}]}},"s":{"0":16,"1":34,"2":34,"3":16,"4":84,"5":16},"f":{"0":16,"1":84},"b":{"0":[15],"1":[14]}}
}
