TN:
SF:src/index.ts
FNF:0
FNH:0
DA:1,19
LF:1
LH:1
BRF:0
BRH:0
end_of_record
TN:
SF:src/modules/createElement.ts
FN:17,(anonymous_0)
FN:17,(anonymous_1)
FNF:2
FNH:2
FNDA:6,(anonymous_0)
FNDA:6,(anonymous_1)
DA:17,27
DA:22,6
DA:24,6
DA:26,6
DA:28,6
DA:31,6
DA:32,4
DA:33,4
DA:35,5
DA:37,5
DA:38,1
DA:39,4
DA:40,0
DA:43,4
DA:45,4
DA:50,6
LF:16
LH:15
BRDA:18,0,0,1
BRDA:22,1,0,0
BRDA:22,2,0,6
BRDA:22,2,1,3
BRDA:24,3,0,0
BRDA:24,4,0,6
BRDA:24,4,1,3
BRDA:26,5,0,3
BRDA:26,5,1,3
BRDA:31,6,0,4
BRDA:31,7,0,6
BRDA:31,7,1,4
BRDA:31,7,2,4
BRDA:35,8,0,5
BRDA:37,9,0,1
BRDA:37,9,1,4
BRDA:39,10,0,0
BRDA:39,10,1,4
BRF:18
BRH:15
end_of_record
TN:
SF:src/modules/debounce.ts
FN:10,(anonymous_0)
FN:12,(anonymous_2)
FN:14,(anonymous_3)
FNF:3
FNH:3
FNDA:4,(anonymous_0)
FNDA:2,(anonymous_2)
FNDA:2,(anonymous_3)
DA:10,2
DA:12,2
DA:13,2
DA:14,2
DA:15,2
LF:5
LH:5
BRDA:10,0,0,1
BRF:1
BRH:1
end_of_record
TN:
SF:src/modules/docReady.ts
FN:8,(anonymous_0)
FN:8,(anonymous_1)
FN:14,(anonymous_2)
FN:15,(anonymous_3)
FNF:4
FNH:4
FNDA:5,(anonymous_0)
FNDA:5,(anonymous_1)
FNDA:15,(anonymous_2)
FNDA:15,(anonymous_3)
DA:8,27
DA:9,5
DA:10,5
DA:11,4
DA:12,18
DA:13,15
DA:14,15
DA:15,15
DA:16,15
DA:20,1
LF:10
LH:10
BRDA:8,0,0,2
BRDA:8,1,0,5
BRDA:10,2,0,1
BRDA:12,3,0,3
BRF:4
BRH:4
end_of_record
TN:
SF:src/modules/emitEvent.ts
FN:1,(anonymous_1)
FN:2,(anonymous_2)
FN:20,(anonymous_3)
FN:2,(anonymous_4)
FN:20,(anonymous_5)
FNF:5
FNH:4
FNDA:1,(anonymous_1)
FNDA:0,(anonymous_2)
FNDA:9,(anonymous_3)
FNDA:9,(anonymous_4)
FNDA:9,(anonymous_5)
DA:1,27
DA:2,27
DA:20,27
DA:21,9
DA:23,8
DA:24,7
DA:25,6
DA:26,1
DA:27,5
DA:28,4
DA:29,1
DA:31,3
DA:33,1
DA:34,1
DA:46,3
DA:47,1
DA:58,3
DA:59,1
LF:18
LH:18
BRDA:21,0,0,1
BRDA:23,1,0,1
BRDA:24,2,0,1
BRDA:25,3,0,1
BRDA:27,4,0,1
BRDA:28,5,0,1
BRDA:31,6,0,1
BRDA:46,7,0,1
BRDA:58,8,0,1
BRF:9
BRH:9
end_of_record
TN:
SF:src/modules/emptyElem.ts
FN:8,(anonymous_0)
FN:8,(anonymous_1)
FNF:2
FNH:2
FNDA:4,(anonymous_0)
FNDA:4,(anonymous_1)
DA:8,27
DA:9,4
DA:10,3
DA:11,2
DA:12,10
DA:14,2
LF:6
LH:6
BRDA:9,0,0,1
BRDA:10,1,0,1
BRF:2
BRH:2
end_of_record
TN:
SF:src/modules/enableScroll.ts
FN:4,(anonymous_0)
FN:4,(anonymous_1)
FNF:2
FNH:2
FNDA:4,(anonymous_0)
FNDA:4,(anonymous_1)
DA:1,27
DA:4,27
DA:5,4
DA:6,4
DA:7,4
DA:9,4
DA:10,1
DA:13,1
DA:14,1
DA:15,1
DA:16,1
LF:11
LH:11
BRDA:9,0,0,1
BRDA:10,1,0,0
BRDA:10,1,1,1
BRF:3
BRH:2
end_of_record
TN:
SF:src/modules/findParents.ts
FN:8,(anonymous_0)
FN:8,(anonymous_1)
FNF:2
FNH:2
FNDA:3,(anonymous_0)
FNDA:4,(anonymous_1)
DA:8,27
DA:9,4
DA:10,2
DA:11,1
LF:4
LH:4
BRDA:9,0,0,2
BRDA:10,1,0,1
BRF:2
BRH:2
end_of_record
TN:
SF:src/modules/generateId.ts
FN:6,(anonymous_0)
FN:6,(anonymous_1)
FNF:2
FNH:2
FNDA:3,(anonymous_0)
FNDA:3,(anonymous_1)
DA:6,27
DA:8,3
DA:9,5
DA:11,3
LF:4
LH:4
BRDA:8,0,0,8
BRDA:8,0,1,5
BRDA:8,0,2,4
BRF:3
BRH:3
end_of_record
TN:
SF:src/modules/getElementByText.ts
FN:11,(anonymous_0)
FN:11,(anonymous_1)
FN:20,(anonymous_2)
FNF:3
FNH:3
FNDA:6,(anonymous_0)
FNDA:6,(anonymous_1)
FNDA:9,(anonymous_2)
DA:11,27
DA:17,6
DA:18,5
DA:20,4
DA:21,9
DA:22,9
DA:24,0
DA:28,4
DA:31,3
DA:32,2
DA:34,2
DA:37,1
LF:12
LH:11
BRDA:17,0,0,1
BRDA:18,1,0,1
BRDA:21,2,0,9
BRDA:22,3,0,9
BRDA:22,3,1,4
BRDA:24,4,0,0
BRDA:24,4,1,0
BRDA:28,5,0,1
BRDA:31,6,0,2
BRDA:34,7,0,0
BRDA:34,7,1,2
BRF:11
BRH:8
end_of_record
TN:
SF:src/modules/getElementByXPath.ts
FN:7,(anonymous_0)
FN:7,(anonymous_1)
FNF:2
FNH:2
FNDA:2,(anonymous_0)
FNDA:2,(anonymous_1)
DA:7,27
DA:8,2
LF:2
LH:2
BRDA:8,0,0,2
BRDA:8,0,1,1
BRF:2
BRH:2
end_of_record
TN:
SF:src/modules/getElementFromHtmlString.ts
FN:8,(anonymous_0)
FN:8,(anonymous_1)
FNF:2
FNH:2
FNDA:1,(anonymous_0)
FNDA:1,(anonymous_1)
DA:8,27
DA:9,1
DA:10,1
DA:11,1
LF:4
LH:4
BRDA:11,0,0,1
BRDA:11,0,1,0
BRF:2
BRH:1
end_of_record
TN:
SF:src/modules/getTimeTo.ts
FN:15,(anonymous_0)
FN:15,(anonymous_1)
FNF:2
FNH:2
FNDA:3,(anonymous_0)
FNDA:3,(anonymous_1)
DA:15,27
DA:16,3
DA:18,3
DA:20,2
DA:22,2
DA:24,2
DA:26,2
DA:28,2
DA:30,2
DA:32,2
DA:34,2
DA:36,2
DA:38,2
LF:13
LH:13
BRDA:18,0,0,1
BRDA:24,1,0,1
BRDA:24,1,1,1
BRDA:28,2,0,1
BRDA:28,2,1,1
BRDA:32,3,0,1
BRDA:32,3,1,1
BRDA:36,4,0,1
BRDA:36,4,1,1
BRF:9
BRH:9
end_of_record
TN:
SF:src/modules/index.ts
FNF:0
FNH:0
DA:1,27
DA:2,27
DA:3,27
DA:4,27
DA:5,27
DA:6,27
DA:7,27
DA:8,27
DA:9,27
DA:10,27
DA:11,27
DA:12,27
DA:13,27
DA:14,27
DA:15,27
DA:16,27
DA:17,27
DA:18,27
DA:19,27
DA:20,27
DA:21,27
DA:22,27
DA:23,27
DA:24,27
DA:25,27
DA:26,27
DA:27,27
LF:27
LH:27
BRF:0
BRH:0
end_of_record
TN:
SF:src/modules/insertHTML.ts
FN:21,(anonymous_0)
FN:21,(anonymous_1)
FNF:2
FNH:2
FNDA:7,(anonymous_0)
FNDA:7,(anonymous_1)
DA:21,27
DA:29,7
DA:31,7
DA:33,6
DA:35,6
DA:37,4
DA:39,2
DA:41,2
DA:43,2
DA:46,2
DA:48,2
LF:11
LH:11
BRDA:25,0,0,1
BRDA:26,1,0,1
BRDA:31,2,0,1
BRDA:35,3,0,2
BRDA:35,4,0,6
BRDA:35,4,1,4
BRDA:37,5,0,2
BRDA:37,6,0,4
BRDA:37,6,1,2
BRF:9
BRH:9
end_of_record
TN:
SF:src/modules/insertStyle.ts
FN:14,(anonymous_0)
FN:14,(anonymous_1)
FNF:2
FNH:2
FNDA:2,(anonymous_0)
FNDA:2,(anonymous_1)
DA:14,27
DA:23,2
DA:25,1
DA:27,1
DA:29,1
DA:30,0
DA:33,1
LF:7
LH:6
BRDA:23,0,0,1
BRDA:27,1,0,0
BRDA:27,1,1,1
BRDA:29,2,0,0
BRDA:29,2,1,1
BRF:5
BRH:3
end_of_record
TN:
SF:src/modules/isInDom.ts
FN:9,(anonymous_0)
FN:9,(anonymous_1)
FNF:2
FNH:2
FNDA:5,(anonymous_0)
FNDA:5,(anonymous_1)
DA:9,27
DA:10,5
LF:2
LH:2
BRDA:10,0,0,5
BRDA:10,0,1,4
BRDA:10,1,0,2
BRDA:10,1,1,2
BRF:4
BRH:4
end_of_record
TN:
SF:src/modules/isIphone.ts
FN:2,(anonymous_0)
FN:2,(anonymous_1)
FNF:2
FNH:2
FNDA:19,(anonymous_0)
FNDA:19,(anonymous_1)
DA:2,27
LF:1
LH:1
BRF:0
BRH:0
end_of_record
TN:
SF:src/modules/isMobile.ts
FN:2,(anonymous_0)
FN:2,(anonymous_1)
FNF:2
FNH:2
FNDA:21,(anonymous_0)
FNDA:21,(anonymous_1)
DA:2,27
DA:3,21
LF:2
LH:2
BRF:0
BRH:0
end_of_record
TN:
SF:src/modules/isOldSafari.ts
FN:2,(anonymous_0)
FN:2,(anonymous_1)
FNF:2
FNH:2
FNDA:15,(anonymous_0)
FNDA:15,(anonymous_1)
DA:2,27
DA:3,15
LF:2
LH:2
BRF:0
BRH:0
end_of_record
TN:
SF:src/modules/listenForSwipe.ts
FN:11,(anonymous_0)
FN:11,(anonymous_1)
FN:17,(anonymous_2)
FN:24,(anonymous_3)
FN:29,(anonymous_4)
FN:43,(anonymous_5)
FN:52,(anonymous_6)
FN:62,(anonymous_7)
FNF:8
FNH:8
FNDA:8,(anonymous_0)
FNDA:8,(anonymous_1)
FNDA:8,(anonymous_2)
FNDA:4,(anonymous_3)
FNDA:4,(anonymous_4)
FNDA:4,(anonymous_5)
FNDA:4,(anonymous_6)
FNDA:4,(anonymous_7)
DA:11,27
DA:15,8
DA:17,8
DA:18,8
DA:19,8
DA:20,8
DA:21,8
DA:24,8
DA:25,4
DA:26,4
DA:29,8
DA:30,4
DA:33,4
DA:34,1
DA:35,3
DA:36,1
DA:38,4
DA:39,4
DA:40,4
DA:43,8
DA:44,4
DA:45,4
DA:46,4
DA:47,4
DA:48,4
DA:49,4
DA:52,8
DA:53,4
DA:54,1
DA:55,3
DA:56,1
DA:58,4
DA:59,4
DA:62,8
DA:63,4
DA:64,4
DA:65,4
DA:66,4
DA:69,8
DA:70,8
LF:40
LH:40
BRDA:25,0,0,0
BRDA:30,1,0,4
BRDA:30,1,1,0
BRDA:30,2,0,4
BRDA:30,2,1,4
BRDA:33,3,0,1
BRDA:33,3,1,3
BRDA:35,4,0,1
BRDA:45,5,0,0
BRDA:53,6,0,1
BRDA:53,6,1,3
BRDA:55,7,0,1
BRDA:63,8,0,0
BRF:13
BRH:9
end_of_record
TN:
SF:src/modules/parseJsonToFormData.ts
FN:7,(anonymous_0)
FN:7,(anonymous_1)
FNF:2
FNH:2
FNDA:3,(anonymous_0)
FNDA:3,(anonymous_1)
DA:7,27
DA:8,3
DA:9,2
DA:10,2
DA:11,4
DA:12,4
DA:14,4
DA:16,4
DA:19,2
LF:9
LH:9
BRDA:8,0,0,1
BRDA:11,1,0,0
BRDA:14,2,0,4
BRF:3
BRH:2
end_of_record
TN:
SF:src/modules/preventScroll.ts
FN:4,(anonymous_0)
FN:4,(anonymous_1)
FNF:2
FNH:2
FNDA:7,(anonymous_0)
FNDA:7,(anonymous_1)
DA:1,27
DA:4,27
DA:6,7
DA:7,5
DA:13,7
DA:14,2
DA:15,2
DA:16,2
DA:18,7
DA:19,7
LF:10
LH:10
BRDA:6,0,0,5
BRDA:13,1,0,2
BRF:2
BRH:2
end_of_record
TN:
SF:src/modules/pushToDL.ts
FN:14,(anonymous_0)
FN:14,(anonymous_1)
FNF:2
FNH:2
FNDA:6,(anonymous_0)
FNDA:6,(anonymous_1)
DA:14,27
DA:15,6
DA:17,4
DA:18,1
DA:20,3
DA:21,1
DA:23,2
DA:24,1
DA:26,1
DA:27,1
LF:10
LH:10
BRDA:14,0,0,0
BRDA:15,1,0,2
BRDA:15,2,0,6
BRDA:15,2,1,6
BRDA:15,2,2,5
BRDA:17,3,0,1
BRDA:20,4,0,1
BRDA:23,5,0,1
BRDA:26,6,0,1
BRDA:26,6,1,1
BRF:10
BRH:9
end_of_record
TN:
SF:src/modules/queryAll.ts
FN:7,(anonymous_0)
FN:7,(anonymous_1)
FNF:2
FNH:2
FNDA:2,(anonymous_0)
FNDA:2,(anonymous_1)
DA:7,27
LF:1
LH:1
BRF:0
BRH:0
end_of_record
TN:
SF:src/modules/redirect.ts
FN:7,(anonymous_0)
FN:7,(anonymous_1)
FNF:2
FNH:2
FNDA:2,(anonymous_0)
FNDA:2,(anonymous_1)
DA:7,27
DA:8,2
DA:9,1
LF:3
LH:3
BRDA:8,0,0,1
BRF:1
BRH:1
end_of_record
TN:
SF:src/modules/replaceHTML.ts
FN:7,(anonymous_0)
FN:7,(anonymous_1)
FNF:2
FNH:2
FNDA:5,(anonymous_0)
FNDA:5,(anonymous_1)
DA:7,27
DA:8,5
DA:9,4
DA:10,3
DA:11,2
DA:12,1
DA:13,1
DA:15,1
DA:16,1
LF:9
LH:9
BRDA:8,0,0,1
BRDA:9,1,0,1
BRDA:10,2,0,1
BRDA:11,3,0,1
BRF:4
BRH:4
end_of_record
TN:
SF:src/modules/useMutationObserver.ts
FN:33,(anonymous_0)
FN:33,(anonymous_1)
FN:38,(anonymous_2)
FN:52,(anonymous_3)
FN:65,(anonymous_4)
FN:70,(anonymous_5)
FNF:6
FNH:6
FNDA:6,(anonymous_0)
FNDA:6,(anonymous_1)
FNDA:5,(anonymous_2)
FNDA:5,(anonymous_3)
FNDA:1,(anonymous_4)
FNDA:1,(anonymous_5)
DA:33,27
DA:35,6
DA:37,6
DA:38,5
DA:41,6
DA:43,1
DA:49,1
DA:52,6
DA:54,5
DA:55,1
DA:58,4
DA:59,4
DA:60,4
DA:61,4
DA:65,6
DA:66,1
DA:67,1
DA:68,1
DA:70,1
DA:73,6
LF:20
LH:20
BRDA:35,0,0,6
BRDA:35,0,1,1
BRDA:41,1,0,1
BRDA:54,2,0,1
BRF:4
BRH:4
end_of_record
TN:
SF:src/modules/waitFor.ts
FN:10,(anonymous_0)
FN:10,(anonymous_1)
FN:25,(anonymous_2)
FNF:3
FNH:3
FNDA:5,(anonymous_0)
FNDA:5,(anonymous_1)
FNDA:110,(anonymous_2)
DA:10,27
DA:12,5
DA:13,5
DA:15,5
DA:17,111
DA:19,111
DA:21,110
DA:22,110
DA:25,110
DA:28,1
DA:31,4
LF:11
LH:11
BRDA:10,0,0,4
BRDA:10,1,0,2
BRDA:19,2,0,110
BRDA:19,2,1,1
BRF:4
BRH:4
end_of_record
