TN:
SF:src/index.ts
FNF:0
FNH:0
DA:1,22
LF:1
LH:1
BRF:0
BRH:0
end_of_record
TN:
SF:src/helpers/consoleLog.ts
FN:16,(anonymous_1)
FNF:1
FNH:1
FNDA:146,(anonymous_1)
DA:16,146
DA:17,146
DA:26,146
DA:27,6
DA:29,140
LF:5
LH:5
BRDA:16,0,0,0
BRDA:16,1,0,0
BRDA:26,2,0,6
BRDA:26,2,1,140
BRF:4
BRH:2
end_of_record
TN:
SF:src/helpers/index.ts
FNF:0
FNH:0
DA:1,37
DA:2,37
DA:3,37
DA:4,37
LF:4
LH:4
BRF:0
BRH:0
end_of_record
TN:
SF:src/helpers/isDebug.ts
FN:6,(anonymous_1)
FNF:1
FNH:1
FNDA:268,(anonymous_1)
DA:6,268
LF:1
LH:1
BRF:0
BRH:0
end_of_record
TN:
SF:src/helpers/typeGuards.ts
FN:7,(anonymous_10)
FN:15,(anonymous_11)
FN:16,(anonymous_12)
FN:24,(anonymous_13)
FN:32,(anonymous_14)
FN:40,(anonymous_15)
FN:48,(anonymous_16)
FN:56,(anonymous_17)
FN:57,(anonymous_18)
FN:65,(anonymous_19)
FN:66,(anonymous_20)
FN:74,(anonymous_21)
FNF:12
FNH:11
FNDA:29,(anonymous_10)
FNDA:30,(anonymous_11)
FNDA:2,(anonymous_12)
FNDA:120,(anonymous_13)
FNDA:16,(anonymous_14)
FNDA:101,(anonymous_15)
FNDA:22,(anonymous_16)
FNDA:32,(anonymous_17)
FNDA:2,(anonymous_18)
FNDA:31,(anonymous_19)
FNDA:0,(anonymous_20)
FNDA:26,(anonymous_21)
DA:7,37
DA:15,37
DA:16,30
DA:24,120
DA:32,37
DA:40,101
DA:48,37
DA:56,37
DA:57,32
DA:65,37
DA:66,31
DA:74,37
LF:12
LH:12
BRDA:16,0,0,30
BRDA:16,0,1,2
BRDA:57,1,0,32
BRDA:57,1,1,1
BRDA:66,2,0,31
BRDA:66,2,1,0
BRDA:74,3,0,26
BRDA:74,3,1,26
BRF:8
BRH:7
end_of_record
TN:
SF:src/helpers/validateSelectors.ts
FN:7,(anonymous_1)
FN:19,(anonymous_2)
FNF:2
FNH:2
FNDA:47,(anonymous_1)
FNDA:47,(anonymous_2)
DA:7,47
DA:8,47
DA:9,47
DA:19,37
DA:20,47
DA:21,47
DA:22,44
DA:24,3
LF:8
LH:8
BRDA:8,0,0,0
BRDA:8,0,1,47
BRF:2
BRH:1
end_of_record
TN:
SF:src/modules/createElement.ts
FN:32,(anonymous_1)
FNF:1
FNH:1
FNDA:6,(anonymous_1)
DA:32,34
DA:37,6
DA:39,6
DA:41,6
DA:43,6
DA:46,6
DA:47,4
DA:48,4
DA:50,5
DA:52,5
DA:53,1
DA:54,4
DA:55,0
DA:58,4
DA:60,4
DA:65,6
LF:16
LH:15
BRDA:33,0,0,1
BRDA:37,1,0,0
BRDA:37,2,0,6
BRDA:37,2,1,3
BRDA:39,3,0,0
BRDA:39,4,0,6
BRDA:39,4,1,3
BRDA:41,5,0,3
BRDA:41,5,1,3
BRDA:46,6,0,4
BRDA:46,7,0,6
BRDA:46,7,1,4
BRDA:46,7,2,4
BRDA:50,8,0,5
BRDA:52,9,0,1
BRDA:52,9,1,4
BRDA:54,10,0,0
BRDA:54,10,1,4
BRF:18
BRH:15
end_of_record
TN:
SF:src/modules/customEvents.ts
FN:5,(anonymous_1)
FN:13,(anonymous_2)
FN:37,(anonymous_3)
FN:46,(anonymous_4)
FN:58,(anonymous_5)
FN:60,(anonymous_6)
FN:64,(anonymous_7)
FNF:7
FNH:7
FNDA:12,(anonymous_1)
FNDA:13,(anonymous_2)
FNDA:12,(anonymous_3)
FNDA:6,(anonymous_4)
FNDA:6,(anonymous_5)
FNDA:3,(anonymous_6)
FNDA:1,(anonymous_7)
DA:1,34
DA:5,34
DA:6,12
DA:7,12
DA:8,12
DA:9,8
DA:13,34
DA:37,34
DA:38,12
DA:46,12
DA:47,6
DA:58,12
DA:59,6
DA:60,6
DA:61,3
DA:63,6
DA:64,6
DA:67,12
LF:18
LH:18
BRDA:6,0,0,12
BRDA:6,0,1,1
BRDA:7,1,0,12
BRDA:7,1,1,8
BRDA:8,2,0,8
BRDA:46,3,0,1
BRDA:59,4,0,6
BRDA:59,4,1,4
BRF:8
BRH:8
end_of_record
TN:
SF:src/modules/debounce.ts
FN:13,(anonymous_1)
FN:15,(anonymous_2)
FN:17,(anonymous_3)
FNF:3
FNH:3
FNDA:18,(anonymous_1)
FNDA:6,(anonymous_2)
FNDA:6,(anonymous_3)
DA:13,34
DA:15,18
DA:16,6
DA:17,6
DA:18,6
LF:5
LH:5
BRDA:13,0,0,1
BRF:1
BRH:1
end_of_record
TN:
SF:src/modules/docReady.ts
FN:14,(anonymous_1)
FN:20,(anonymous_2)
FN:21,(anonymous_3)
FNF:3
FNH:3
FNDA:5,(anonymous_1)
FNDA:15,(anonymous_2)
FNDA:15,(anonymous_3)
DA:14,34
DA:15,5
DA:16,5
DA:17,4
DA:18,18
DA:19,15
DA:20,15
DA:21,15
DA:22,15
DA:26,1
LF:10
LH:10
BRDA:14,0,0,2
BRDA:14,1,0,5
BRDA:16,2,0,1
BRDA:18,3,0,3
BRF:4
BRH:4
end_of_record
TN:
SF:src/modules/elementInView.ts
FN:13,(anonymous_1)
FNF:1
FNH:1
FNDA:15,(anonymous_1)
DA:13,34
DA:15,15
DA:16,14
DA:17,13
DA:18,12
DA:19,12
DA:22,12
DA:23,1
DA:27,11
DA:29,11
DA:31,11
DA:34,11
DA:36,10
DA:40,1
LF:14
LH:14
BRDA:13,0,0,6
BRDA:15,1,0,1
BRDA:16,2,0,1
BRDA:17,3,0,1
BRDA:22,4,0,1
BRDA:22,5,0,12
BRDA:22,5,1,5
BRDA:27,6,0,11
BRDA:27,6,1,7
BRDA:29,7,0,11
BRDA:29,7,1,4
BRDA:31,8,0,11
BRDA:31,8,1,3
BRDA:31,8,2,3
BRDA:34,9,0,10
BRDA:34,10,0,11
BRDA:34,10,1,5
BRDA:34,10,2,1
BRF:18
BRH:18
end_of_record
TN:
SF:src/modules/elementReady.ts
FN:59,(anonymous_1)
FN:68,(anonymous_2)
FN:80,(anonymous_3)
FN:130,(anonymous_4)
FN:136,(anonymous_5)
FN:147,(anonymous_6)
FN:199,(anonymous_7)
FN:220,(anonymous_8)
FN:244,(anonymous_9)
FN:247,(anonymous_10)
FN:256,(anonymous_11)
FN:273,(anonymous_12)
FN:274,(anonymous_13)
FN:277,(anonymous_14)
FN:282,(anonymous_15)
FN:301,(anonymous_16)
FN:306,(anonymous_17)
FN:319,(anonymous_18)
FN:345,(anonymous_19)
FN:350,(anonymous_20)
FN:353,(anonymous_21)
FN:360,(anonymous_22)
FN:363,(anonymous_23)
FN:373,(anonymous_24)
FN:378,(anonymous_25)
FN:383,(anonymous_26)
FN:390,(anonymous_27)
FN:404,(anonymous_28)
FNF:28
FNH:26
FNDA:15,(anonymous_1)
FNDA:12,(anonymous_2)
FNDA:54,(anonymous_3)
FNDA:21,(anonymous_4)
FNDA:97,(anonymous_5)
FNDA:22,(anonymous_6)
FNDA:18,(anonymous_7)
FNDA:21,(anonymous_8)
FNDA:21,(anonymous_9)
FNDA:21,(anonymous_10)
FNDA:15,(anonymous_11)
FNDA:6,(anonymous_12)
FNDA:10,(anonymous_13)
FNDA:8,(anonymous_14)
FNDA:6,(anonymous_15)
FNDA:16,(anonymous_16)
FNDA:3,(anonymous_17)
FNDA:6,(anonymous_18)
FNDA:1,(anonymous_19)
FNDA:1,(anonymous_20)
FNDA:1,(anonymous_21)
FNDA:1,(anonymous_22)
FNDA:1,(anonymous_23)
FNDA:1,(anonymous_24)
FNDA:1,(anonymous_25)
FNDA:0,(anonymous_26)
FNDA:0,(anonymous_27)
FNDA:22,(anonymous_28)
DA:1,35
DA:2,35
DA:4,35
DA:59,35
DA:60,15
DA:61,15
DA:68,35
DA:69,12
DA:80,35
DA:81,54
DA:130,35
DA:136,21
DA:137,97
DA:138,24
DA:147,21
DA:149,22
DA:150,1
DA:151,1
DA:153,21
DA:154,1
DA:155,1
DA:157,20
DA:158,1
DA:159,1
DA:163,19
DA:164,1
DA:165,1
DA:167,18
DA:168,0
DA:169,0
DA:173,18
DA:174,1
DA:175,1
DA:177,17
DA:178,0
DA:179,0
DA:183,17
DA:184,1
DA:185,1
DA:188,16
DA:199,21
DA:201,18
DA:202,4
DA:203,2
DA:204,2
DA:207,16
DA:220,21
DA:222,21
DA:223,3
DA:224,3
DA:228,18
DA:231,16
DA:232,16
DA:236,16
DA:237,16
DA:244,21
DA:245,21
DA:246,21
DA:247,21
DA:248,21
DA:256,21
DA:258,15
DA:260,15
DA:261,3
DA:262,3
DA:265,12
DA:267,12
DA:269,12
DA:271,12
DA:273,12
DA:274,6
DA:276,10
DA:277,8
DA:279,8
DA:282,8
DA:283,6
DA:284,6
DA:292,12
DA:294,12
DA:296,0
DA:301,21
DA:302,16
DA:303,16
DA:306,16
DA:307,16
DA:308,1
DA:309,1
DA:314,15
DA:317,15
DA:321,6
DA:322,0
DA:326,6
DA:330,15
DA:333,15
DA:335,0
DA:345,21
DA:346,1
DA:348,1
DA:350,1
DA:352,1
DA:353,1
DA:355,0
DA:360,21
DA:361,1
DA:362,1
DA:363,1
DA:373,21
DA:374,1
DA:376,1
DA:378,1
DA:380,1
DA:381,1
DA:383,1
DA:385,0
DA:387,0
DA:390,0
DA:393,0
DA:394,0
DA:399,0
DA:404,21
DA:405,22
DA:406,16
DA:408,21
DA:411,15
LF:124
LH:110
BRDA:60,0,0,15
BRDA:60,0,1,0
BRDA:61,1,0,15
BRDA:61,1,1,0
BRDA:136,2,0,24
BRDA:137,3,0,73
BRDA:137,4,0,97
BRDA:137,4,1,73
BRDA:149,5,0,1
BRDA:153,6,0,1
BRDA:157,7,0,1
BRDA:163,8,0,1
BRDA:167,9,0,0
BRDA:173,10,0,1
BRDA:177,11,0,0
BRDA:183,12,0,1
BRDA:183,13,0,17
BRDA:183,13,1,4
BRDA:201,14,0,4
BRDA:201,15,0,18
BRDA:201,15,1,4
BRDA:202,16,0,2
BRDA:222,17,0,3
BRDA:228,18,0,2
BRDA:231,19,0,16
BRDA:231,19,1,15
BRDA:260,20,0,3
BRDA:276,21,0,2
BRDA:279,22,0,0
BRDA:283,23,0,6
BRDA:283,24,0,6
BRDA:283,24,1,6
BRDA:307,25,0,1
BRDA:321,26,0,0
BRDA:321,27,0,6
BRDA:321,27,1,0
BRDA:345,28,0,1
BRDA:346,29,0,0
BRDA:361,30,0,0
BRDA:373,31,0,1
BRDA:374,32,0,0
BRDA:385,33,0,0
BRDA:387,34,0,0
BRDA:393,35,0,0
BRDA:406,36,0,16
BRF:45
BRH:32
end_of_record
TN:
SF:src/modules/elementRemoved.ts
FN:48,(anonymous_1)
FN:57,(anonymous_2)
FN:69,(anonymous_3)
FN:112,(anonymous_4)
FN:118,(anonymous_5)
FN:129,(anonymous_6)
FN:181,(anonymous_7)
FN:197,(anonymous_8)
FN:214,(anonymous_9)
FN:215,(anonymous_10)
FN:218,(anonymous_11)
FN:223,(anonymous_12)
FN:240,(anonymous_13)
FN:244,(anonymous_14)
FN:258,(anonymous_15)
FN:279,(anonymous_16)
FN:284,(anonymous_17)
FN:287,(anonymous_18)
FN:294,(anonymous_19)
FNF:19
FNH:18
FNDA:7,(anonymous_1)
FNDA:6,(anonymous_2)
FNDA:35,(anonymous_3)
FNDA:12,(anonymous_4)
FNDA:37,(anonymous_5)
FNDA:13,(anonymous_6)
FNDA:8,(anonymous_7)
FNDA:7,(anonymous_8)
FNDA:6,(anonymous_9)
FNDA:10,(anonymous_10)
FNDA:9,(anonymous_11)
FNDA:8,(anonymous_12)
FNDA:7,(anonymous_13)
FNDA:0,(anonymous_14)
FNDA:8,(anonymous_15)
FNDA:2,(anonymous_16)
FNDA:2,(anonymous_17)
FNDA:2,(anonymous_18)
FNDA:13,(anonymous_19)
DA:1,35
DA:2,35
DA:4,35
DA:48,35
DA:49,7
DA:50,7
DA:57,35
DA:58,6
DA:69,35
DA:70,35
DA:112,35
DA:118,12
DA:119,37
DA:120,15
DA:129,12
DA:131,13
DA:132,1
DA:133,1
DA:135,12
DA:136,1
DA:137,1
DA:139,11
DA:140,1
DA:141,1
DA:145,10
DA:146,1
DA:147,1
DA:149,9
DA:150,0
DA:151,0
DA:155,9
DA:156,1
DA:157,1
DA:159,8
DA:160,0
DA:161,0
DA:165,8
DA:166,1
DA:167,1
DA:170,7
DA:181,12
DA:183,8
DA:184,2
DA:185,1
DA:186,1
DA:190,7
DA:197,12
DA:199,7
DA:201,7
DA:202,1
DA:203,1
DA:206,6
DA:208,6
DA:210,6
DA:212,6
DA:214,6
DA:215,6
DA:217,10
DA:218,9
DA:220,9
DA:223,9
DA:224,8
DA:231,6
DA:233,6
DA:235,0
DA:240,12
DA:241,7
DA:244,7
DA:245,7
DA:246,0
DA:247,0
DA:250,7
DA:253,7
DA:256,7
DA:260,8
DA:261,0
DA:264,8
DA:267,7
DA:268,7
DA:279,12
DA:280,2
DA:282,2
DA:284,2
DA:286,2
DA:287,2
DA:289,0
DA:294,12
DA:295,13
DA:296,7
DA:298,12
DA:301,6
LF:91
LH:82
BRDA:49,0,0,7
BRDA:49,0,1,0
BRDA:50,1,0,7
BRDA:50,1,1,0
BRDA:118,2,0,15
BRDA:119,3,0,22
BRDA:119,4,0,37
BRDA:119,4,1,22
BRDA:131,5,0,1
BRDA:135,6,0,1
BRDA:139,7,0,1
BRDA:145,8,0,1
BRDA:149,9,0,0
BRDA:155,10,0,1
BRDA:159,11,0,0
BRDA:165,12,0,1
BRDA:165,13,0,8
BRDA:165,13,1,2
BRDA:183,14,0,2
BRDA:183,15,0,8
BRDA:183,15,1,2
BRDA:184,16,0,1
BRDA:201,17,0,1
BRDA:217,18,0,1
BRDA:220,19,0,0
BRDA:224,20,0,8
BRDA:224,21,0,8
BRDA:224,21,1,8
BRDA:245,22,0,0
BRDA:260,23,0,0
BRDA:260,24,0,8
BRDA:260,24,1,1
BRDA:264,25,0,1
BRDA:279,26,0,2
BRDA:280,27,0,0
BRDA:296,28,0,7
BRF:36
BRH:28
end_of_record
TN:
SF:src/modules/elementUpdated.ts
FN:73,(anonymous_1)
FN:82,(anonymous_2)
FN:94,(anonymous_3)
FN:138,(anonymous_4)
FN:145,(anonymous_5)
FN:156,(anonymous_6)
FN:233,(anonymous_7)
FN:253,(anonymous_8)
FN:284,(anonymous_9)
FN:301,(anonymous_10)
FN:324,(anonymous_11)
FN:325,(anonymous_12)
FN:327,(anonymous_13)
FN:343,(anonymous_14)
FN:347,(anonymous_15)
FN:362,(anonymous_16)
FN:389,(anonymous_17)
FN:394,(anonymous_18)
FN:397,(anonymous_19)
FN:404,(anonymous_20)
FNF:20
FNH:19
FNDA:9,(anonymous_1)
FNDA:8,(anonymous_2)
FNDA:45,(anonymous_3)
FNDA:17,(anonymous_4)
FNDA:60,(anonymous_5)
FNDA:18,(anonymous_6)
FNDA:12,(anonymous_7)
FNDA:11,(anonymous_8)
FNDA:2,(anonymous_9)
FNDA:9,(anonymous_10)
FNDA:9,(anonymous_11)
FNDA:13,(anonymous_12)
FNDA:12,(anonymous_13)
FNDA:9,(anonymous_14)
FNDA:0,(anonymous_15)
FNDA:12,(anonymous_16)
FNDA:2,(anonymous_17)
FNDA:2,(anonymous_18)
FNDA:2,(anonymous_19)
FNDA:18,(anonymous_20)
DA:1,35
DA:12,35
DA:14,35
DA:73,35
DA:74,9
DA:75,9
DA:82,35
DA:83,8
DA:94,35
DA:95,45
DA:138,35
DA:145,17
DA:146,60
DA:147,20
DA:156,17
DA:158,18
DA:159,1
DA:160,1
DA:162,17
DA:163,1
DA:164,1
DA:166,16
DA:167,1
DA:168,1
DA:172,15
DA:173,1
DA:174,1
DA:176,14
DA:177,0
DA:178,0
DA:182,14
DA:183,1
DA:184,1
DA:186,13
DA:187,0
DA:188,0
DA:192,13
DA:193,0
DA:194,0
DA:196,13
DA:197,0
DA:198,0
DA:200,13
DA:201,3
DA:202,3
DA:204,10
DA:205,2
DA:206,0
DA:207,0
DA:209,2
DA:210,2
DA:211,0
DA:212,0
DA:217,10
DA:218,1
DA:219,1
DA:222,9
DA:233,17
DA:235,12
DA:236,2
DA:237,1
DA:238,1
DA:242,11
DA:253,17
DA:255,11
DA:256,8
DA:257,0
DA:258,0
DA:261,8
DA:262,1
DA:263,1
DA:266,7
DA:267,7
DA:271,3
DA:272,1
DA:273,0
DA:274,0
DA:276,1
DA:277,1
DA:281,2
DA:284,2
DA:286,2
DA:287,1
DA:289,2
DA:290,2
DA:294,0
DA:301,17
DA:303,9
DA:305,9
DA:306,1
DA:307,1
DA:310,8
DA:312,8
DA:314,8
DA:317,8
DA:324,8
DA:325,9
DA:327,13
DA:328,12
DA:334,8
DA:336,8
DA:338,0
DA:343,17
DA:344,9
DA:347,9
DA:348,9
DA:349,0
DA:350,0
DA:353,9
DA:354,9
DA:357,9
DA:360,9
DA:364,12
DA:366,12
DA:369,12
DA:372,12
DA:375,11
DA:378,10
DA:389,17
DA:390,2
DA:392,2
DA:394,2
DA:396,2
DA:397,2
DA:399,0
DA:404,17
DA:405,18
DA:406,9
DA:408,17
DA:411,8
LF:130
LH:109
BRDA:74,0,0,9
BRDA:74,0,1,0
BRDA:75,1,0,9
BRDA:75,1,1,0
BRDA:145,2,0,20
BRDA:146,3,0,40
BRDA:146,4,0,60
BRDA:146,4,1,40
BRDA:158,5,0,1
BRDA:162,6,0,1
BRDA:166,7,0,1
BRDA:172,8,0,1
BRDA:176,9,0,0
BRDA:182,10,0,1
BRDA:186,11,0,0
BRDA:192,12,0,0
BRDA:196,13,0,0
BRDA:200,14,0,3
BRDA:200,15,0,13
BRDA:200,15,1,5
BRDA:200,15,2,4
BRDA:204,16,0,2
BRDA:205,17,0,0
BRDA:205,18,0,2
BRDA:205,18,1,2
BRDA:209,19,0,0
BRDA:210,20,0,0
BRDA:217,21,0,1
BRDA:217,22,0,10
BRDA:217,22,1,2
BRDA:235,23,0,2
BRDA:235,24,0,12
BRDA:235,24,1,2
BRDA:236,25,0,1
BRDA:255,26,0,8
BRDA:256,27,0,0
BRDA:261,28,0,1
BRDA:261,29,0,8
BRDA:261,29,1,3
BRDA:271,30,0,1
BRDA:272,31,0,0
BRDA:281,32,0,2
BRDA:282,33,0,2
BRDA:282,33,1,2
BRDA:282,33,2,2
BRDA:286,34,0,1
BRDA:305,35,0,1
BRDA:328,36,0,12
BRDA:348,37,0,0
BRDA:364,38,0,1
BRDA:364,38,1,11
BRDA:366,39,0,0
BRDA:369,40,0,0
BRDA:372,41,0,1
BRDA:375,42,0,1
BRDA:389,43,0,2
BRDA:390,44,0,0
BRDA:406,45,0,9
BRF:58
BRH:43
end_of_record
TN:
SF:src/modules/emitEvent.ts
FN:2,(anonymous_4)
FN:45,(anonymous_5)
FNF:2
FNH:2
FNDA:10,(anonymous_4)
FNDA:10,(anonymous_5)
DA:1,34
DA:2,34
DA:45,34
DA:46,10
DA:48,9
DA:49,8
DA:50,7
DA:51,1
DA:52,6
DA:53,5
DA:54,1
DA:56,4
DA:57,2
DA:60,2
DA:61,1
DA:64,2
DA:65,1
DA:68,2
DA:80,4
DA:81,1
DA:91,4
DA:92,1
LF:22
LH:22
BRDA:46,0,0,1
BRDA:48,1,0,1
BRDA:49,2,0,1
BRDA:50,3,0,1
BRDA:52,4,0,1
BRDA:53,5,0,1
BRDA:56,6,0,2
BRDA:57,7,0,1
BRDA:57,7,1,1
BRDA:60,8,0,1
BRDA:60,9,0,2
BRDA:60,9,1,1
BRDA:64,10,0,1
BRDA:64,11,0,2
BRDA:64,11,1,1
BRDA:72,12,0,1
BRDA:72,12,1,1
BRDA:73,13,0,1
BRDA:73,13,1,1
BRDA:80,14,0,1
BRDA:91,15,0,1
BRF:21
BRH:21
end_of_record
TN:
SF:src/modules/emptyElem.ts
FN:8,(anonymous_1)
FNF:1
FNH:1
FNDA:5,(anonymous_1)
DA:8,34
DA:9,5
DA:10,4
DA:11,3
DA:12,11
DA:14,3
LF:6
LH:6
BRDA:9,0,0,1
BRDA:10,1,0,1
BRF:2
BRH:2
end_of_record
TN:
SF:src/modules/enableScroll.ts
FN:13,(anonymous_1)
FNF:1
FNH:1
FNDA:4,(anonymous_1)
DA:1,34
DA:13,34
DA:14,4
DA:15,4
DA:16,4
DA:18,4
DA:19,1
DA:22,1
DA:23,1
DA:24,1
DA:25,1
LF:11
LH:11
BRDA:18,0,0,1
BRDA:19,1,0,0
BRDA:19,1,1,1
BRF:3
BRH:2
end_of_record
TN:
SF:src/modules/findParents.ts
FN:11,(anonymous_1)
FNF:1
FNH:1
FNDA:4,(anonymous_1)
DA:11,34
DA:12,4
DA:13,2
DA:14,1
LF:4
LH:4
BRDA:12,0,0,2
BRDA:13,1,0,1
BRF:2
BRH:2
end_of_record
TN:
SF:src/modules/generateId.ts
FN:12,(anonymous_1)
FNF:1
FNH:1
FNDA:3,(anonymous_1)
DA:12,34
DA:14,3
DA:15,7
DA:17,3
LF:4
LH:4
BRDA:14,0,0,10
BRDA:14,0,1,7
BRDA:14,0,2,4
BRF:3
BRH:3
end_of_record
TN:
SF:src/modules/getElementByText.ts
FN:17,(anonymous_1)
FN:26,(anonymous_2)
FNF:2
FNH:2
FNDA:6,(anonymous_1)
FNDA:9,(anonymous_2)
DA:17,34
DA:23,6
DA:24,5
DA:26,4
DA:27,9
DA:28,9
DA:30,0
DA:34,4
DA:37,3
DA:38,2
DA:40,2
DA:43,1
LF:12
LH:11
BRDA:23,0,0,1
BRDA:24,1,0,1
BRDA:27,2,0,9
BRDA:28,3,0,9
BRDA:28,3,1,4
BRDA:30,4,0,0
BRDA:30,4,1,0
BRDA:34,5,0,1
BRDA:37,6,0,2
BRDA:40,7,0,0
BRDA:40,7,1,2
BRF:11
BRH:8
end_of_record
TN:
SF:src/modules/getElementByXPath.ts
FN:11,(anonymous_1)
FNF:1
FNH:1
FNDA:2,(anonymous_1)
DA:11,34
DA:12,2
LF:2
LH:2
BRDA:12,0,0,2
BRDA:12,0,1,1
BRF:2
BRH:2
end_of_record
TN:
SF:src/modules/getElementFromHtmlString.ts
FN:12,(anonymous_1)
FNF:1
FNH:1
FNDA:1,(anonymous_1)
DA:12,34
DA:13,1
DA:14,1
DA:15,1
LF:4
LH:4
BRDA:15,0,0,1
BRDA:15,0,1,0
BRF:2
BRH:1
end_of_record
TN:
SF:src/modules/getLocaleFromUrl.ts
FN:18,(anonymous_1)
FN:23,(anonymous_2)
FN:32,(anonymous_3)
FN:50,(anonymous_4)
FNF:4
FNH:4
FNDA:49,(anonymous_1)
FNDA:9,(anonymous_2)
FNDA:115,(anonymous_3)
FNDA:320,(anonymous_4)
DA:18,49
DA:20,49
DA:21,1
DA:23,48
DA:24,1
DA:26,47
DA:29,46
DA:32,115
DA:35,46
DA:37,46
DA:40,42
DA:43,42
DA:44,16
DA:48,26
DA:50,320
DA:53,26
DA:54,12
DA:58,14
LF:18
LH:18
BRDA:18,0,0,0
BRDA:20,1,0,1
BRDA:20,2,0,49
BRDA:20,2,1,6
BRDA:23,3,0,1
BRDA:23,4,0,48
BRDA:23,4,1,5
BRDA:26,5,0,1
BRDA:35,6,0,0
BRDA:37,7,0,4
BRDA:43,8,0,16
BRDA:53,9,0,12
BRF:12
BRH:10
end_of_record
TN:
SF:src/modules/getTimeTo.ts
FN:32,(anonymous_1)
FNF:1
FNH:1
FNDA:3,(anonymous_1)
DA:32,34
DA:33,3
DA:35,3
DA:37,2
DA:39,2
DA:41,2
DA:43,2
DA:45,2
DA:47,2
DA:49,2
DA:51,2
DA:53,2
DA:55,2
LF:13
LH:13
BRDA:32,0,0,2
BRDA:35,1,0,1
BRDA:41,2,0,1
BRDA:41,2,1,1
BRDA:41,3,0,2
BRDA:41,3,1,1
BRDA:45,4,0,1
BRDA:45,4,1,1
BRDA:45,5,0,2
BRDA:45,5,1,1
BRDA:49,6,0,1
BRDA:49,6,1,1
BRDA:49,7,0,2
BRDA:49,7,1,1
BRDA:53,8,0,1
BRDA:53,8,1,1
BRDA:53,9,0,2
BRDA:53,9,1,1
BRF:18
BRH:18
end_of_record
TN:
SF:src/modules/index.ts
FNF:0
FNH:0
DA:1,34
DA:2,34
DA:3,34
DA:4,34
DA:5,34
DA:6,34
DA:7,34
DA:8,34
DA:9,34
DA:10,34
DA:11,34
DA:12,34
DA:13,34
DA:14,34
DA:15,34
DA:16,34
DA:17,34
DA:18,34
DA:19,34
DA:20,34
DA:21,34
DA:22,34
DA:23,34
DA:24,34
DA:25,34
DA:26,34
DA:27,34
DA:28,34
DA:29,34
DA:30,34
DA:31,34
DA:32,34
DA:33,34
DA:34,34
DA:35,34
DA:36,34
DA:37,34
DA:38,34
DA:39,34
DA:40,34
LF:40
LH:40
BRF:0
BRH:0
end_of_record
TN:
SF:src/modules/insertHTML.ts
FN:22,(anonymous_1)
FNF:1
FNH:1
FNDA:7,(anonymous_1)
DA:22,34
DA:30,7
DA:32,7
DA:34,6
DA:36,6
DA:38,4
DA:40,2
DA:42,2
DA:44,2
DA:47,2
DA:49,2
LF:11
LH:11
BRDA:26,0,0,1
BRDA:27,1,0,1
BRDA:32,2,0,1
BRDA:36,3,0,2
BRDA:36,4,0,6
BRDA:36,4,1,4
BRDA:38,5,0,2
BRDA:38,6,0,4
BRDA:38,6,1,2
BRF:9
BRH:9
end_of_record
TN:
SF:src/modules/insertStyle.ts
FN:19,(anonymous_1)
FN:41,(anonymous_2)
FNF:2
FNH:2
FNDA:2,(anonymous_1)
FNDA:1,(anonymous_2)
DA:1,34
DA:19,34
DA:28,2
DA:30,1
DA:32,1
DA:34,1
DA:36,1
DA:37,0
DA:41,1
DA:42,1
DA:45,0
LF:11
LH:9
BRDA:28,0,0,1
BRDA:32,1,0,0
BRDA:32,1,1,1
BRDA:36,2,0,0
BRDA:36,2,1,1
BRF:5
BRH:3
end_of_record
TN:
SF:src/modules/isInDom.ts
FN:12,(anonymous_1)
FNF:1
FNH:1
FNDA:5,(anonymous_1)
DA:12,34
DA:13,5
LF:2
LH:2
BRDA:13,0,0,5
BRDA:13,0,1,4
BRDA:13,1,0,2
BRDA:13,1,1,2
BRF:4
BRH:4
end_of_record
TN:
SF:src/modules/isIphone.ts
FN:9,(anonymous_1)
FNF:1
FNH:1
FNDA:19,(anonymous_1)
DA:9,34
LF:1
LH:1
BRF:0
BRH:0
end_of_record
TN:
SF:src/modules/isMobile.ts
FN:10,(anonymous_1)
FNF:1
FNH:1
FNDA:21,(anonymous_1)
DA:10,34
DA:11,21
LF:2
LH:2
BRF:0
BRH:0
end_of_record
TN:
SF:src/modules/isOldSafari.ts
FN:9,(anonymous_1)
FNF:1
FNH:1
FNDA:15,(anonymous_1)
DA:9,34
DA:10,15
LF:2
LH:2
BRF:0
BRH:0
end_of_record
TN:
SF:src/modules/isTouchDevice.ts
FN:10,(anonymous_1)
FNF:1
FNH:1
FNDA:2,(anonymous_1)
DA:10,34
LF:1
LH:1
BRDA:10,0,0,2
BRDA:10,0,1,1
BRF:2
BRH:2
end_of_record
TN:
SF:src/modules/isWtoPreview.ts
FN:12,(anonymous_1)
FNF:1
FNH:1
FNDA:3,(anonymous_1)
DA:12,35
DA:13,3
DA:14,2
DA:15,0
LF:4
LH:3
BRDA:13,0,0,1
BRDA:14,1,0,2
BRF:2
BRH:2
end_of_record
TN:
SF:src/modules/listenForSwipe.ts
FN:23,(anonymous_1)
FN:34,(anonymous_2)
FN:41,(anonymous_3)
FN:46,(anonymous_4)
FN:60,(anonymous_5)
FN:68,(anonymous_6)
FN:78,(anonymous_7)
FNF:7
FNH:7
FNDA:8,(anonymous_1)
FNDA:8,(anonymous_2)
FNDA:4,(anonymous_3)
FNDA:4,(anonymous_4)
FNDA:4,(anonymous_5)
FNDA:4,(anonymous_6)
FNDA:4,(anonymous_7)
DA:23,34
DA:32,8
DA:34,8
DA:35,8
DA:36,8
DA:37,8
DA:38,8
DA:41,8
DA:42,4
DA:43,4
DA:46,8
DA:47,4
DA:50,4
DA:51,1
DA:52,3
DA:53,1
DA:55,4
DA:56,4
DA:57,4
DA:60,8
DA:61,4
DA:62,4
DA:63,4
DA:64,4
DA:65,4
DA:68,8
DA:69,4
DA:70,1
DA:71,3
DA:72,1
DA:74,4
DA:75,4
DA:78,8
DA:79,4
DA:80,4
DA:81,4
DA:82,4
DA:85,8
DA:86,8
LF:39
LH:39
BRDA:27,0,0,8
BRDA:42,1,0,0
BRDA:47,2,0,4
BRDA:47,2,1,0
BRDA:47,3,0,4
BRDA:47,3,1,4
BRDA:50,4,0,1
BRDA:50,4,1,3
BRDA:52,5,0,1
BRDA:61,6,0,0
BRDA:69,7,0,1
BRDA:69,7,1,3
BRDA:71,8,0,1
BRDA:79,9,0,0
BRF:14
BRH:10
end_of_record
TN:
SF:src/modules/parseJsonToFormData.ts
FN:12,(anonymous_1)
FNF:1
FNH:1
FNDA:3,(anonymous_1)
DA:12,34
DA:13,3
DA:14,2
DA:15,2
DA:16,4
DA:17,4
DA:19,4
DA:21,4
DA:24,2
LF:9
LH:9
BRDA:13,0,0,1
BRDA:16,1,0,0
BRDA:19,2,0,4
BRF:3
BRH:2
end_of_record
TN:
SF:src/modules/preventScroll.ts
FN:13,(anonymous_1)
FNF:1
FNH:1
FNDA:7,(anonymous_1)
DA:1,34
DA:13,34
DA:15,7
DA:16,5
DA:22,7
DA:23,2
DA:24,2
DA:25,2
DA:27,7
DA:28,7
LF:10
LH:10
BRDA:15,0,0,5
BRDA:22,1,0,2
BRF:2
BRH:2
end_of_record
TN:
SF:src/modules/pushToDL.ts
FN:19,(anonymous_1)
FNF:1
FNH:1
FNDA:6,(anonymous_1)
DA:19,34
DA:20,6
DA:22,4
DA:23,1
DA:25,3
DA:26,1
DA:28,2
DA:29,1
DA:31,1
DA:32,1
LF:10
LH:10
BRDA:19,0,0,0
BRDA:20,1,0,2
BRDA:20,2,0,6
BRDA:20,2,1,6
BRDA:20,2,2,5
BRDA:22,3,0,1
BRDA:25,4,0,1
BRDA:28,5,0,1
BRDA:31,6,0,1
BRDA:31,6,1,1
BRF:10
BRH:9
end_of_record
TN:
SF:src/modules/queryAll.ts
FN:11,(anonymous_1)
FNF:1
FNH:1
FNDA:2,(anonymous_1)
DA:11,34
LF:1
LH:1
BRF:0
BRH:0
end_of_record
TN:
SF:src/modules/rbTest.ts
FN:7,(anonymous_1)
FN:107,(anonymous_2)
FN:122,(anonymous_3)
FN:126,(anonymous_4)
FN:193,(anonymous_5)
FN:216,(anonymous_6)
FN:218,(anonymous_7)
FN:221,(anonymous_8)
FN:230,(anonymous_9)
FN:239,(anonymous_10)
FN:250,(anonymous_11)
FN:266,(anonymous_12)
FN:267,(anonymous_13)
FN:270,(anonymous_14)
FN:312,(anonymous_15)
FN:320,(anonymous_16)
FN:332,(anonymous_17)
FN:334,(anonymous_18)
FN:340,(anonymous_19)
FN:349,(anonymous_20)
FN:350,(anonymous_21)
FN:352,(anonymous_22)
FN:376,(anonymous_23)
FN:386,(anonymous_24)
FNF:24
FNH:0
FNDA:0,(anonymous_1)
FNDA:0,(anonymous_2)
FNDA:0,(anonymous_3)
FNDA:0,(anonymous_4)
FNDA:0,(anonymous_5)
FNDA:0,(anonymous_6)
FNDA:0,(anonymous_7)
FNDA:0,(anonymous_8)
FNDA:0,(anonymous_9)
FNDA:0,(anonymous_10)
FNDA:0,(anonymous_11)
FNDA:0,(anonymous_12)
FNDA:0,(anonymous_13)
FNDA:0,(anonymous_14)
FNDA:0,(anonymous_15)
FNDA:0,(anonymous_16)
FNDA:0,(anonymous_17)
FNDA:0,(anonymous_18)
FNDA:0,(anonymous_19)
FNDA:0,(anonymous_20)
FNDA:0,(anonymous_21)
FNDA:0,(anonymous_22)
FNDA:0,(anonymous_23)
FNDA:0,(anonymous_24)
DA:1,34
DA:3,34
DA:4,34
DA:5,34
DA:7,34
DA:48,0
DA:49,0
DA:53,0
DA:55,0
DA:57,0
DA:63,0
DA:117,0
DA:118,0
DA:119,0
DA:121,0
DA:122,0
DA:123,0
DA:124,0
DA:126,0
DA:127,0
DA:130,0
DA:133,0
DA:134,0
DA:137,0
DA:138,0
DA:139,0
DA:142,0
DA:143,0
DA:144,0
DA:147,0
DA:148,0
DA:149,0
DA:153,0
DA:156,0
DA:165,0
DA:167,0
DA:169,0
DA:173,0
DA:176,0
DA:179,0
DA:180,0
DA:181,0
DA:184,0
DA:185,0
DA:186,0
DA:188,0
DA:193,0
DA:194,0
DA:196,0
DA:197,0
DA:198,0
DA:200,0
DA:203,0
DA:204,0
DA:209,0
DA:210,0
DA:212,0
DA:216,0
DA:217,0
DA:218,0
DA:221,0
DA:222,0
DA:223,0
DA:224,0
DA:226,0
DA:230,0
DA:231,0
DA:232,0
DA:233,0
DA:235,0
DA:239,0
DA:240,0
DA:241,0
DA:242,0
DA:243,0
DA:244,0
DA:246,0
DA:250,0
DA:251,0
DA:252,0
DA:253,0
DA:256,0
DA:259,0
DA:262,0
DA:264,0
DA:266,0
DA:267,0
DA:268,0
DA:269,0
DA:270,0
DA:271,0
DA:272,0
DA:274,0
DA:276,0
DA:277,0
DA:280,0
DA:282,0
DA:284,0
DA:285,0
DA:286,0
DA:287,0
DA:291,0
DA:292,0
DA:294,0
DA:295,0
DA:298,0
DA:302,0
DA:306,0
DA:308,0
DA:312,0
DA:313,0
DA:315,0
DA:317,0
DA:320,0
DA:321,0
DA:323,0
DA:325,0
DA:326,0
DA:328,0
DA:332,0
DA:333,0
DA:334,0
DA:336,0
DA:340,0
DA:342,0
DA:343,0
DA:344,0
DA:345,0
DA:347,0
DA:349,0
DA:350,0
DA:351,0
DA:352,0
DA:353,0
DA:354,0
DA:356,0
DA:361,0
DA:363,0
DA:369,0
DA:370,0
DA:372,0
DA:376,0
DA:378,0
DA:380,0
DA:382,0
DA:384,0
DA:386,0
DA:388,0
DA:390,0
DA:391,0
DA:394,0
DA:397,0
DA:401,0
DA:402,0
DA:405,0
DA:407,0
LF:156
LH:5
BRDA:7,0,0,0
BRDA:7,0,1,0
BRDA:118,1,0,0
BRDA:121,2,0,0
BRDA:121,2,1,0
BRDA:122,3,0,0
BRDA:122,3,1,0
BRDA:123,4,0,0
BRDA:137,5,0,0
BRDA:138,6,0,0
BRDA:142,7,0,0
BRDA:143,8,0,0
BRDA:147,9,0,0
BRDA:148,10,0,0
BRDA:153,11,0,0
BRDA:165,12,0,0
BRDA:167,13,0,0
BRDA:196,14,0,0
BRDA:198,15,0,0
BRDA:252,16,0,0
BRDA:259,17,0,0
BRDA:269,18,0,0
BRDA:272,19,0,0
BRDA:280,20,0,0
BRDA:280,21,0,0
BRDA:280,21,1,0
BRDA:282,22,0,0
BRDA:282,23,0,0
BRDA:282,23,1,0
BRDA:284,24,0,0
BRDA:286,25,0,0
BRDA:317,26,0,0
BRDA:317,27,0,0
BRDA:317,27,1,0
BRDA:323,28,0,0
BRDA:342,29,0,0
BRDA:345,30,0,0
BRDA:351,31,0,0
BRDA:354,32,0,0
BRDA:378,33,0,0
BRDA:388,34,0,0
BRDA:388,34,1,0
BRDA:390,35,0,0
BRDA:390,36,0,0
BRDA:390,36,1,0
BRDA:390,36,2,0
BRDA:405,37,0,0
BRDA:405,37,1,0
BRF:48
BRH:0
end_of_record
TN:
SF:src/modules/redirect.ts
FN:9,(anonymous_1)
FNF:1
FNH:1
FNDA:2,(anonymous_1)
DA:9,34
DA:10,2
DA:11,1
LF:3
LH:3
BRDA:10,0,0,1
BRF:1
BRH:1
end_of_record
TN:
SF:src/modules/replaceHTML.ts
FN:12,(anonymous_1)
FNF:1
FNH:1
FNDA:5,(anonymous_1)
DA:1,34
DA:12,34
DA:13,5
DA:14,4
DA:15,3
DA:16,2
DA:17,1
DA:18,1
LF:8
LH:8
BRDA:13,0,0,1
BRDA:14,1,0,1
BRDA:15,2,0,1
BRDA:16,3,0,1
BRF:4
BRH:4
end_of_record
TN:
SF:src/modules/useEventListener.ts
FN:62,(anonymous_1)
FN:77,(anonymous_2)
FN:79,(anonymous_3)
FN:83,(anonymous_4)
FN:91,(anonymous_5)
FNF:5
FNH:4
FNDA:10,(anonymous_1)
FNDA:3,(anonymous_2)
FNDA:4,(anonymous_3)
FNDA:2,(anonymous_4)
FNDA:0,(anonymous_5)
DA:62,34
DA:69,10
DA:70,9
DA:71,8
DA:72,7
DA:73,6
DA:75,5
DA:77,5
DA:78,3
DA:79,4
DA:83,5
DA:85,5
DA:86,1
DA:90,5
DA:91,1
DA:94,5
DA:96,5
DA:98,5
DA:100,5
LF:19
LH:19
BRDA:69,0,0,1
BRDA:70,1,0,1
BRDA:71,2,0,1
BRDA:72,3,0,1
BRDA:73,4,0,1
BRDA:73,5,0,6
BRDA:73,5,1,5
BRDA:75,6,0,5
BRDA:75,6,1,0
BRDA:85,7,0,1
BRDA:85,8,0,5
BRDA:85,8,1,1
BRDA:90,9,0,1
BRF:13
BRH:12
end_of_record
TN:
SF:src/modules/useMutationObserver.ts
FN:136,(anonymous_1)
FN:137,(anonymous_2)
FN:148,(anonymous_3)
FN:165,(anonymous_4)
FN:174,(anonymous_5)
FN:187,(anonymous_6)
FN:192,(anonymous_7)
FNF:7
FNH:7
FNDA:35,(anonymous_1)
FNDA:68,(anonymous_2)
FNDA:1,(anonymous_3)
FNDA:36,(anonymous_4)
FNDA:2,(anonymous_5)
FNDA:1,(anonymous_6)
FNDA:1,(anonymous_7)
DA:1,37
DA:136,37
DA:137,35
DA:138,68
DA:139,16
DA:142,35
DA:145,35
DA:147,35
DA:148,1
DA:151,35
DA:152,35
DA:158,35
DA:159,35
DA:162,0
DA:165,35
DA:167,36
DA:168,4
DA:171,32
DA:173,32
DA:174,1
DA:175,2
DA:178,31
DA:181,32
DA:182,32
DA:183,32
DA:187,35
DA:188,1
DA:189,1
DA:190,1
DA:192,1
DA:193,1
DA:196,35
LF:32
LH:31
BRDA:137,0,0,1
BRDA:138,1,0,52
BRDA:138,2,0,68
BRDA:138,2,1,52
BRDA:145,3,0,35
BRDA:145,3,1,0
BRDA:151,4,0,35
BRDA:151,4,1,0
BRDA:167,5,0,4
BRDA:173,6,0,1
BRDA:173,6,1,31
BRDA:173,7,0,32
BRDA:173,7,1,31
BRF:13
BRH:11
end_of_record
TN:
SF:src/modules/useSPA.ts
FN:32,(anonymous_4)
FN:41,(anonymous_5)
FN:318,(anonymous_6)
FN:322,(anonymous_7)
FN:336,(anonymous_8)
FN:346,(anonymous_9)
FN:358,(anonymous_10)
FN:470,(anonymous_11)
FN:479,(anonymous_12)
FN:489,(anonymous_13)
FN:490,(anonymous_14)
FN:492,(anonymous_15)
FN:521,(anonymous_16)
FN:531,(anonymous_17)
FN:558,(anonymous_18)
FN:577,(anonymous_19)
FN:601,(anonymous_20)
FN:609,(anonymous_21)
FN:611,(anonymous_22)
FN:645,(anonymous_23)
FN:706,(anonymous_24)
FN:719,(anonymous_25)
FN:723,(anonymous_26)
FN:732,(anonymous_27)
FN:757,(anonymous_28)
FN:923,(anonymous_29)
FN:939,(anonymous_30)
FN:954,(anonymous_31)
FN:997,(anonymous_32)
FN:1000,(anonymous_33)
FN:1001,(anonymous_34)
FN:1020,(anonymous_35)
FN:1034,(anonymous_36)
FN:1055,(anonymous_37)
FN:1072,(anonymous_38)
FN:1073,(anonymous_39)
FN:1076,(anonymous_40)
FN:1084,(anonymous_41)
FN:1134,(anonymous_42)
FN:1151,(anonymous_43)
FN:1154,(anonymous_44)
FN:1163,(anonymous_45)
FNF:42
FNH:19
FNDA:45,(anonymous_4)
FNDA:0,(anonymous_5)
FNDA:16,(anonymous_6)
FNDA:0,(anonymous_7)
FNDA:137,(anonymous_8)
FNDA:16,(anonymous_9)
FNDA:0,(anonymous_10)
FNDA:0,(anonymous_11)
FNDA:15,(anonymous_12)
FNDA:0,(anonymous_13)
FNDA:0,(anonymous_14)
FNDA:0,(anonymous_15)
FNDA:15,(anonymous_16)
FNDA:0,(anonymous_17)
FNDA:14,(anonymous_18)
FNDA:0,(anonymous_19)
FNDA:13,(anonymous_20)
FNDA:0,(anonymous_21)
FNDA:0,(anonymous_22)
FNDA:16,(anonymous_23)
FNDA:7,(anonymous_24)
FNDA:1,(anonymous_25)
FNDA:1,(anonymous_26)
FNDA:1,(anonymous_27)
FNDA:15,(anonymous_28)
FNDA:0,(anonymous_29)
FNDA:0,(anonymous_30)
FNDA:4,(anonymous_31)
FNDA:0,(anonymous_32)
FNDA:0,(anonymous_33)
FNDA:0,(anonymous_34)
FNDA:0,(anonymous_35)
FNDA:13,(anonymous_36)
FNDA:13,(anonymous_37)
FNDA:0,(anonymous_38)
FNDA:0,(anonymous_39)
FNDA:0,(anonymous_40)
FNDA:0,(anonymous_41)
FNDA:0,(anonymous_42)
FNDA:7,(anonymous_43)
FNDA:0,(anonymous_44)
FNDA:16,(anonymous_45)
DA:1,34
DA:2,34
DA:3,34
DA:16,34
DA:17,34
DA:19,34
DA:20,34
DA:21,34
DA:32,34
DA:33,45
DA:41,34
DA:42,0
DA:318,34
DA:320,16
DA:322,0
DA:336,16
DA:337,137
DA:338,71
DA:346,16
DA:347,16
DA:349,16
DA:350,1
DA:353,15
DA:356,15
DA:357,15
DA:358,15
DA:359,15
DA:360,0
DA:362,0
DA:365,15
DA:367,15
DA:368,15
DA:369,0
DA:373,15
DA:376,15
DA:379,15
DA:381,0
DA:386,0
DA:387,0
DA:388,0
DA:391,0
DA:394,15
DA:401,15
DA:404,15
DA:407,15
DA:410,15
DA:413,15
DA:416,15
DA:419,15
DA:422,15
DA:425,15
DA:426,15
DA:427,15
DA:430,15
DA:431,15
DA:432,15
DA:434,15
DA:435,9
DA:437,9
DA:438,9
DA:440,9
DA:441,9
DA:442,9
DA:455,15
DA:456,15
DA:457,15
DA:459,1
DA:460,1
DA:470,16
DA:479,16
DA:480,15
DA:482,15
DA:483,0
DA:484,0
DA:485,0
DA:486,0
DA:487,0
DA:489,0
DA:490,0
DA:491,0
DA:492,0
DA:493,0
DA:494,0
DA:496,0
DA:498,0
DA:506,0
DA:507,0
DA:509,0
DA:510,0
DA:521,16
DA:522,15
DA:524,15
DA:525,0
DA:527,0
DA:529,0
DA:531,0
DA:533,0
DA:535,0
DA:538,0
DA:541,0
DA:545,0
DA:548,0
DA:551,0
DA:553,0
DA:554,0
DA:558,16
DA:559,14
DA:561,14
DA:562,14
DA:563,14
DA:566,14
DA:568,1
DA:569,1
DA:570,0
DA:575,14
DA:577,0
DA:580,0
DA:581,0
DA:586,14
DA:588,13
DA:589,1
DA:593,13
DA:594,13
DA:596,0
DA:597,0
DA:601,16
DA:602,13
DA:604,13
DA:605,13
DA:606,13
DA:607,0
DA:609,0
DA:610,0
DA:611,0
DA:613,0
DA:616,0
DA:617,0
DA:618,0
DA:619,0
DA:623,0
DA:624,0
DA:625,0
DA:626,0
DA:631,0
DA:632,0
DA:634,0
DA:635,0
DA:645,16
DA:646,16
DA:648,16
DA:649,10
DA:651,10
DA:652,1
DA:654,1
DA:655,1
DA:659,9
DA:660,1
DA:662,1
DA:663,1
DA:666,8
DA:670,14
DA:671,14
DA:673,1
DA:675,1
DA:677,1
DA:681,13
DA:682,13
DA:684,0
DA:686,0
DA:689,13
DA:692,13
DA:695,13
DA:697,0
DA:706,16
DA:707,7
DA:709,7
DA:711,7
DA:719,16
DA:721,1
DA:723,1
DA:732,16
DA:734,1
DA:743,1
DA:744,0
DA:747,0
DA:757,16
DA:758,15
DA:762,15
DA:763,0
DA:767,0
DA:770,15
DA:771,0
DA:775,0
DA:778,15
DA:779,0
DA:780,0
DA:784,0
DA:790,15
DA:791,0
DA:795,0
DA:798,15
DA:799,0
DA:803,0
DA:806,15
DA:807,0
DA:809,0
DA:810,0
DA:814,0
DA:817,0
DA:818,0
DA:822,0
DA:825,0
DA:826,0
DA:830,0
DA:833,0
DA:834,0
DA:838,0
DA:842,15
DA:843,0
DA:847,0
DA:849,15
DA:850,0
DA:854,0
DA:856,15
DA:857,0
DA:861,0
DA:865,15
DA:866,0
DA:870,0
DA:872,15
DA:873,0
DA:877,0
DA:880,15
DA:881,0
DA:885,0
DA:888,15
DA:890,9
DA:891,0
DA:895,0
DA:897,9
DA:898,0
DA:902,0
DA:904,9
DA:905,0
DA:909,0
DA:914,15
DA:923,16
DA:924,0
DA:925,0
DA:926,0
DA:927,0
DA:929,0
DA:939,16
DA:940,0
DA:941,0
DA:942,0
DA:944,0
DA:954,16
DA:956,4
DA:957,4
DA:960,4
DA:961,1
DA:962,1
DA:963,1
DA:967,3
DA:968,1
DA:970,1
DA:971,1
DA:975,2
DA:976,2
DA:978,2
DA:981,0
DA:986,16
DA:997,16
DA:998,0
DA:999,0
DA:1000,0
DA:1001,0
DA:1003,0
DA:1005,0
DA:1007,0
DA:1009,0
DA:1013,0
DA:1015,0
DA:1016,0
DA:1020,0
DA:1021,0
DA:1034,16
DA:1035,13
DA:1037,13
DA:1038,13
DA:1040,13
DA:1042,13
DA:1043,13
DA:1045,0
DA:1055,16
DA:1056,13
DA:1057,13
DA:1058,13
DA:1059,0
DA:1062,0
DA:1065,0
DA:1068,0
DA:1070,0
DA:1072,0
DA:1073,0
DA:1074,0
DA:1075,0
DA:1076,0
DA:1077,0
DA:1078,0
DA:1081,0
DA:1084,0
DA:1085,0
DA:1086,0
DA:1087,0
DA:1088,0
DA:1089,0
DA:1090,0
DA:1091,0
DA:1092,0
DA:1094,0
DA:1095,0
DA:1098,0
DA:1103,0
DA:1105,0
DA:1106,0
DA:1108,0
DA:1112,0
DA:1114,0
DA:1118,0
DA:1122,0
DA:1124,0
DA:1134,16
DA:1135,0
DA:1137,0
DA:1139,0
DA:1140,0
DA:1142,0
DA:1151,16
DA:1152,7
DA:1153,7
DA:1154,7
DA:1156,0
DA:1161,16
DA:1164,16
DA:1166,16
DA:1167,15
DA:1169,15
DA:1171,1
LF:350
LH:176
BRDA:33,0,0,45
BRDA:33,0,1,3
BRDA:42,1,0,0
BRDA:42,1,1,0
BRDA:42,1,2,0
BRDA:42,1,3,0
BRDA:42,1,4,0
BRDA:42,1,5,0
BRDA:336,2,0,41
BRDA:337,3,0,66
BRDA:337,4,0,137
BRDA:337,4,1,66
BRDA:349,5,0,1
BRDA:356,6,0,15
BRDA:356,6,1,0
BRDA:357,7,0,15
BRDA:357,7,1,0
BRDA:358,8,0,0
BRDA:358,8,1,0
BRDA:359,9,0,0
BRDA:365,10,0,0
BRDA:365,10,1,15
BRDA:368,11,0,0
BRDA:379,12,0,0
BRDA:379,12,1,15
BRDA:383,13,0,0
BRDA:383,13,1,0
BRDA:386,14,0,0
BRDA:388,15,0,0
BRDA:388,15,1,0
BRDA:401,16,0,4
BRDA:404,17,0,0
BRDA:407,18,0,0
BRDA:410,19,0,0
BRDA:413,20,0,0
BRDA:416,21,0,0
BRDA:434,22,0,9
BRDA:437,23,0,1
BRDA:438,24,0,1
BRDA:480,25,0,15
BRDA:480,25,1,0
BRDA:482,26,0,15
BRDA:485,27,0,0
BRDA:491,28,0,0
BRDA:494,29,0,0
BRDA:522,30,0,15
BRDA:522,30,1,0
BRDA:524,31,0,15
BRDA:533,32,0,0
BRDA:533,32,1,0
BRDA:535,33,0,0
BRDA:535,34,0,0
BRDA:535,34,1,0
BRDA:535,34,2,0
BRDA:551,35,0,0
BRDA:551,35,1,0
BRDA:566,36,0,1
BRDA:569,37,0,0
BRDA:575,38,0,0
BRDA:580,39,0,0
BRDA:586,40,0,13
BRDA:588,41,0,1
BRDA:606,42,0,13
BRDA:616,43,0,0
BRDA:623,44,0,0
BRDA:623,45,0,0
BRDA:623,45,1,0
BRDA:631,46,0,0
BRDA:648,47,0,10
BRDA:651,48,0,1
BRDA:659,49,0,1
BRDA:671,50,0,1
BRDA:682,51,0,0
BRDA:711,52,0,4
BRDA:734,53,0,1
BRDA:734,53,1,0
BRDA:743,54,0,0
BRDA:762,55,0,0
BRDA:770,56,0,0
BRDA:778,57,0,0
BRDA:779,58,0,0
BRDA:790,59,0,0
BRDA:798,60,0,0
BRDA:798,61,0,15
BRDA:798,61,1,14
BRDA:798,61,2,14
BRDA:798,61,3,0
BRDA:806,62,0,0
BRDA:809,63,0,0
BRDA:809,64,0,0
BRDA:809,64,1,0
BRDA:809,64,2,0
BRDA:817,65,0,0
BRDA:817,66,0,0
BRDA:817,66,1,0
BRDA:825,67,0,0
BRDA:825,68,0,0
BRDA:825,68,1,0
BRDA:833,69,0,0
BRDA:833,70,0,0
BRDA:833,70,1,0
BRDA:842,71,0,0
BRDA:842,72,0,15
BRDA:842,72,1,4
BRDA:849,73,0,0
BRDA:849,74,0,15
BRDA:849,74,1,0
BRDA:849,75,0,0
BRDA:849,75,1,0
BRDA:856,76,0,0
BRDA:856,77,0,15
BRDA:856,77,1,0
BRDA:856,78,0,0
BRDA:856,78,1,0
BRDA:865,79,0,0
BRDA:865,80,0,15
BRDA:865,80,1,0
BRDA:872,81,0,0
BRDA:872,82,0,15
BRDA:872,82,1,0
BRDA:880,83,0,0
BRDA:880,84,0,15
BRDA:880,84,1,0
BRDA:888,85,0,9
BRDA:890,86,0,0
BRDA:890,87,0,9
BRDA:890,87,1,9
BRDA:890,87,2,1
BRDA:897,88,0,0
BRDA:897,89,0,9
BRDA:897,89,1,8
BRDA:904,90,0,0
BRDA:904,91,0,9
BRDA:904,91,1,8
BRDA:926,92,0,0
BRDA:960,93,0,1
BRDA:960,94,0,4
BRDA:960,94,1,3
BRDA:967,95,0,1
BRDA:975,96,0,2
BRDA:1005,97,0,0
BRDA:1005,98,0,0
BRDA:1005,98,1,0
BRDA:1007,99,0,0
BRDA:1013,100,0,0
BRDA:1037,101,0,0
BRDA:1040,102,0,0
BRDA:1058,103,0,13
BRDA:1065,104,0,0
BRDA:1075,105,0,0
BRDA:1078,106,0,0
BRDA:1081,107,0,0
BRDA:1086,108,0,0
BRDA:1087,109,0,0
BRDA:1089,110,0,0
BRDA:1103,111,0,0
BRDA:1137,112,0,0
BRDA:1167,113,0,0
BRF:158
BRH:53
end_of_record
TN:
SF:src/modules/useSetTimeout.ts
FN:50,(anonymous_1)
FN:57,(anonymous_2)
FN:62,(anonymous_3)
FN:64,(anonymous_4)
FN:69,(anonymous_5)
FN:71,(anonymous_6)
FNF:6
FNH:6
FNDA:12,(anonymous_1)
FNDA:1,(anonymous_2)
FNDA:3,(anonymous_3)
FNDA:3,(anonymous_4)
FNDA:1,(anonymous_5)
FNDA:1,(anonymous_6)
DA:50,35
DA:51,12
DA:52,10
DA:53,8
DA:55,6
DA:57,6
DA:58,6
DA:59,1
DA:62,6
DA:64,3
DA:66,3
DA:69,6
DA:70,1
DA:71,1
DA:74,6
DA:82,6
DA:84,6
LF:17
LH:17
BRDA:51,0,0,2
BRDA:52,1,0,2
BRDA:52,2,0,10
BRDA:52,2,1,9
BRDA:53,3,0,2
BRDA:53,4,0,8
BRDA:53,4,1,7
BRDA:55,5,0,6
BRDA:55,5,1,5
BRDA:58,6,0,1
BRF:10
BRH:10
end_of_record
TN:
SF:src/modules/waitFor.ts
FN:17,(anonymous_1)
FN:31,(anonymous_2)
FNF:2
FNH:2
FNDA:22,(anonymous_1)
FNDA:180,(anonymous_2)
DA:17,34
DA:19,22
DA:20,22
DA:22,22
DA:24,196
DA:26,196
DA:28,180
DA:31,180
DA:34,16
DA:37,6
LF:10
LH:10
BRDA:17,0,0,5
BRDA:17,1,0,3
BRDA:26,2,0,180
BRDA:26,2,1,16
BRF:4
BRH:4
end_of_record
TN:
SF:src/modules/waitForElement.ts
FN:16,(anonymous_1)
FN:17,(anonymous_2)
FNF:2
FNH:2
FNDA:16,(anonymous_1)
FNDA:84,(anonymous_2)
DA:1,34
DA:16,34
DA:17,84
DA:18,16
LF:4
LH:4
BRDA:16,0,0,15
BRDA:16,1,0,14
BRF:2
BRH:2
end_of_record
